[0.650s] Invoking command in '/home/kyle/testWS/build/turtlebot3_teleop': PYTHONPATH=/home/kyle/testWS/build/turtlebot3_teleop/prefix_override:/usr/lib/python3/dist-packages/colcon_core/task/python/colcon_distutils_commands:/home/kyle/testWS/install/turtlebot3_teleop/lib/python3.8/site-packages:${PYTHONPATH} /usr/bin/python3 -W ignore:setup.py install is deprecated setup.py develop --uninstall --editable --build-directory /home/kyle/testWS/build/turtlebot3_teleop/build
[0.804s] running develop
[0.902s] Removing /home/kyle/testWS/install/turtlebot3_teleop/lib/python3.8/site-packages/turtlebot3-teleop.egg-link (link to .)
[0.918s] Invoked command in '/home/kyle/testWS/build/turtlebot3_teleop' returned '0': PYTHONPATH=/home/kyle/testWS/build/turtlebot3_teleop/prefix_override:/usr/lib/python3/dist-packages/colcon_core/task/python/colcon_distutils_commands:/home/kyle/testWS/install/turtlebot3_teleop/lib/python3.8/site-packages:${PYTHONPATH} /usr/bin/python3 -W ignore:setup.py install is deprecated setup.py develop --uninstall --editable --build-directory /home/kyle/testWS/build/turtlebot3_teleop/build
[0.920s] Invoking command in '/home/kyle/testWS/src/turtlebot3/turtlebot3/turtlebot3_teleop': PYTHONPATH=/home/kyle/testWS/build/turtlebot3_teleop/prefix_override:/usr/lib/python3/dist-packages/colcon_core/task/python/colcon_distutils_commands:/home/kyle/testWS/install/turtlebot3_teleop/lib/python3.8/site-packages:${PYTHONPATH} /usr/bin/python3 -W ignore:setup.py install is deprecated setup.py egg_info --egg-base ../../../../build/turtlebot3_teleop build --build-base /home/kyle/testWS/build/turtlebot3_teleop/build install --record /home/kyle/testWS/build/turtlebot3_teleop/install.log --single-version-externally-managed install_data --force
[1.065s] running egg_info
[1.065s] writing ../../../../build/turtlebot3_teleop/turtlebot3_teleop.egg-info/PKG-INFO
[1.066s] writing dependency_links to ../../../../build/turtlebot3_teleop/turtlebot3_teleop.egg-info/dependency_links.txt
[1.066s] writing entry points to ../../../../build/turtlebot3_teleop/turtlebot3_teleop.egg-info/entry_points.txt
[1.066s] writing requirements to ../../../../build/turtlebot3_teleop/turtlebot3_teleop.egg-info/requires.txt
[1.066s] writing top-level names to ../../../../build/turtlebot3_teleop/turtlebot3_teleop.egg-info/top_level.txt
[1.088s] reading manifest file '../../../../build/turtlebot3_teleop/turtlebot3_teleop.egg-info/SOURCES.txt'
[1.088s] writing manifest file '../../../../build/turtlebot3_teleop/turtlebot3_teleop.egg-info/SOURCES.txt'
[1.088s] running build
[1.088s] running build_py
[1.089s] creating /home/kyle/testWS/build/turtlebot3_teleop/build
[1.089s] creating /home/kyle/testWS/build/turtlebot3_teleop/build/lib
[1.089s] creating /home/kyle/testWS/build/turtlebot3_teleop/build/lib/turtlebot3_teleop
[1.089s] copying turtlebot3_teleop/__init__.py -> /home/kyle/testWS/build/turtlebot3_teleop/build/lib/turtlebot3_teleop
[1.089s] creating /home/kyle/testWS/build/turtlebot3_teleop/build/lib/turtlebot3_teleop/script
[1.089s] copying turtlebot3_teleop/script/teleop_keyboard.py -> /home/kyle/testWS/build/turtlebot3_teleop/build/lib/turtlebot3_teleop/script
[1.089s] copying turtlebot3_teleop/script/__init__.py -> /home/kyle/testWS/build/turtlebot3_teleop/build/lib/turtlebot3_teleop/script
[1.089s] running install
[1.090s] running install_lib
[1.090s] creating /home/kyle/testWS/install/turtlebot3_teleop/lib/python3.8/site-packages/turtlebot3_teleop
[1.090s] creating /home/kyle/testWS/install/turtlebot3_teleop/lib/python3.8/site-packages/turtlebot3_teleop/script
[1.090s] copying /home/kyle/testWS/build/turtlebot3_teleop/build/lib/turtlebot3_teleop/script/teleop_keyboard.py -> /home/kyle/testWS/install/turtlebot3_teleop/lib/python3.8/site-packages/turtlebot3_teleop/script
[1.090s] copying /home/kyle/testWS/build/turtlebot3_teleop/build/lib/turtlebot3_teleop/script/__init__.py -> /home/kyle/testWS/install/turtlebot3_teleop/lib/python3.8/site-packages/turtlebot3_teleop/script
[1.090s] copying /home/kyle/testWS/build/turtlebot3_teleop/build/lib/turtlebot3_teleop/__init__.py -> /home/kyle/testWS/install/turtlebot3_teleop/lib/python3.8/site-packages/turtlebot3_teleop
[1.091s] byte-compiling /home/kyle/testWS/install/turtlebot3_teleop/lib/python3.8/site-packages/turtlebot3_teleop/script/teleop_keyboard.py to teleop_keyboard.cpython-38.pyc
[1.092s] byte-compiling /home/kyle/testWS/install/turtlebot3_teleop/lib/python3.8/site-packages/turtlebot3_teleop/script/__init__.py to __init__.cpython-38.pyc
[1.092s] byte-compiling /home/kyle/testWS/install/turtlebot3_teleop/lib/python3.8/site-packages/turtlebot3_teleop/__init__.py to __init__.cpython-38.pyc
[1.092s] running install_data
[1.092s] copying resource/turtlebot3_teleop -> /home/kyle/testWS/install/turtlebot3_teleop/share/ament_index/resource_index/packages
[1.092s] copying package.xml -> /home/kyle/testWS/install/turtlebot3_teleop/share/turtlebot3_teleop
[1.092s] running install_egg_info
[1.093s] Copying ../../../../build/turtlebot3_teleop/turtlebot3_teleop.egg-info to /home/kyle/testWS/install/turtlebot3_teleop/lib/python3.8/site-packages/turtlebot3_teleop-2.1.4-py3.8.egg-info
[1.094s] running install_scripts
[1.104s] Installing teleop_keyboard script to /home/kyle/testWS/install/turtlebot3_teleop/lib/turtlebot3_teleop
[1.104s] writing list of installed files to '/home/kyle/testWS/build/turtlebot3_teleop/install.log'
[1.117s] Invoked command in '/home/kyle/testWS/src/turtlebot3/turtlebot3/turtlebot3_teleop' returned '0': PYTHONPATH=/home/kyle/testWS/build/turtlebot3_teleop/prefix_override:/usr/lib/python3/dist-packages/colcon_core/task/python/colcon_distutils_commands:/home/kyle/testWS/install/turtlebot3_teleop/lib/python3.8/site-packages:${PYTHONPATH} /usr/bin/python3 -W ignore:setup.py install is deprecated setup.py egg_info --egg-base ../../../../build/turtlebot3_teleop build --build-base /home/kyle/testWS/build/turtlebot3_teleop/build install --record /home/kyle/testWS/build/turtlebot3_teleop/install.log --single-version-externally-managed install_data --force
