[0.011s] Invoking command in '/home/kyle/testWS/build/dynamixel_sdk_examples': AMENT_PREFIX_PATH=/home/kyle/testWS/install/dynamixel_sdk_custom_interfaces:/home/kyle/testWS/install/dynamixel_sdk:${AMENT_PREFIX_PATH} CMAKE_PREFIX_PATH=/home/kyle/testWS/install/dynamixel_sdk_custom_interfaces:/home/kyle/testWS/install/dynamixel_sdk:/opt/ros/galactic LD_LIBRARY_PATH=/home/kyle/testWS/install/dynamixel_sdk_custom_interfaces/lib:/home/kyle/testWS/install/dynamixel_sdk/lib:${LD_LIBRARY_PATH} PYTHONPATH=/home/kyle/testWS/install/dynamixel_sdk_custom_interfaces/lib/python3.8/site-packages:${PYTHONPATH} /usr/bin/cmake /home/kyle/testWS/src/utils/DynamixelSDK/dynamixel_sdk_examples -DAMENT_CMAKE_SYMLINK_INSTALL=1 -DCMAKE_INSTALL_PREFIX=/home/kyle/testWS/install/dynamixel_sdk_examples
[0.055s] -- The C compiler identification is GNU 9.4.0
[0.096s] -- The CXX compiler identification is GNU 9.4.0
[0.105s] -- Check for working C compiler: /usr/bin/cc
[0.163s] -- Check for working C compiler: /usr/bin/cc -- works
[0.164s] -- Detecting C compiler ABI info
[0.224s] -- Detecting C compiler ABI info - done
[0.236s] -- Detecting C compile features
[0.236s] -- Detecting C compile features - done
[0.238s] -- Check for working CXX compiler: /usr/bin/c++
[0.306s] -- Check for working CXX compiler: /usr/bin/c++ -- works
[0.307s] -- Detecting CXX compiler ABI info
[0.371s] -- Detecting CXX compiler ABI info - done
[0.378s] -- Detecting CXX compile features
[0.378s] -- Detecting CXX compile features - done
[0.380s] -- Found ament_cmake: 1.1.6 (/opt/ros/galactic/share/ament_cmake/cmake)
[0.399s] -- Found PythonInterp: /usr/bin/python3 (found suitable version "3.8.10", minimum required is "3") 
[0.399s] -- Using PYTHON_EXECUTABLE: /usr/bin/python3
[0.438s] -- Override CMake install command with custom implementation using symlinks instead of copying resources
[0.459s] -- Found dynamixel_sdk: 3.7.40 (/home/kyle/testWS/install/dynamixel_sdk/share/dynamixel_sdk/cmake)
[0.460s] -- Found dynamixel_sdk_custom_interfaces: 3.7.40 (/home/kyle/testWS/install/dynamixel_sdk_custom_interfaces/share/dynamixel_sdk_custom_interfaces/cmake)
[0.481s] -- Using all available rosidl_typesupport_c: rosidl_typesupport_fastrtps_c;rosidl_typesupport_introspection_c
[0.487s] -- Found rosidl_adapter: 2.2.3 (/opt/ros/galactic/share/rosidl_adapter/cmake)
[0.560s] -- Found OpenSSL: /usr/lib/x86_64-linux-gnu/libcrypto.so (found version "1.1.1f")  
[0.585s] -- Found FastRTPS: /opt/ros/galactic/include  
[0.642s] -- Using all available rosidl_typesupport_cpp: rosidl_typesupport_fastrtps_cpp;rosidl_typesupport_introspection_cpp
[0.673s] -- Found rclcpp: 9.2.2 (/opt/ros/galactic/share/rclcpp/cmake)
[0.708s] -- Found rmw_implementation_cmake: 3.3.1 (/opt/ros/galactic/share/rmw_implementation_cmake/cmake)
[0.710s] -- Found rmw_cyclonedds_cpp: 0.22.6 (/opt/ros/galactic/share/rmw_cyclonedds_cpp/cmake)
[0.723s] -- Using RMW implementation 'rmw_cyclonedds_cpp' as default
[0.724s] -- Looking for pthread.h
[0.782s] -- Looking for pthread.h - found
[0.782s] -- Performing Test CMAKE_HAVE_LIBC_PTHREAD
[0.849s] -- Performing Test CMAKE_HAVE_LIBC_PTHREAD - Failed
[0.849s] -- Looking for pthread_create in pthreads
[0.898s] -- Looking for pthread_create in pthreads - not found
[0.898s] -- Looking for pthread_create in pthread
[0.957s] -- Looking for pthread_create in pthread - found
[0.958s] -- Found Threads: TRUE  
[1.077s] -- Found ament_lint_auto: 0.10.7 (/opt/ros/galactic/share/ament_lint_auto/cmake)
[1.145s] -- Added test 'copyright' to check source files copyright and LICENSE
[1.146s] -- Added test 'cppcheck' to perform static code analysis on C / C++ code
[1.146s] -- Configured cppcheck include dirs: /home/kyle/testWS/src/utils/DynamixelSDK/dynamixel_sdk_examples/include
[1.146s] -- Configured cppcheck exclude dirs and/or files: 
[1.147s] -- Added test 'cpplint' to check C / C++ code against the Google style
[1.147s] -- Configured cpplint exclude dirs and/or files: 
[1.148s] -- Added test 'lint_cmake' to check CMake code style
[1.149s] -- Added test 'uncrustify' to check C / C++ code style
[1.149s] -- Configured uncrustify additional arguments: 
[1.150s] -- Added test 'xmllint' to check XML markup files
[1.155s] -- Configuring done
[1.164s] -- Generating done
[1.166s] -- Build files have been written to: /home/kyle/testWS/build/dynamixel_sdk_examples
[1.177s] Invoked command in '/home/kyle/testWS/build/dynamixel_sdk_examples' returned '0': AMENT_PREFIX_PATH=/home/kyle/testWS/install/dynamixel_sdk_custom_interfaces:/home/kyle/testWS/install/dynamixel_sdk:${AMENT_PREFIX_PATH} CMAKE_PREFIX_PATH=/home/kyle/testWS/install/dynamixel_sdk_custom_interfaces:/home/kyle/testWS/install/dynamixel_sdk:/opt/ros/galactic LD_LIBRARY_PATH=/home/kyle/testWS/install/dynamixel_sdk_custom_interfaces/lib:/home/kyle/testWS/install/dynamixel_sdk/lib:${LD_LIBRARY_PATH} PYTHONPATH=/home/kyle/testWS/install/dynamixel_sdk_custom_interfaces/lib/python3.8/site-packages:${PYTHONPATH} /usr/bin/cmake /home/kyle/testWS/src/utils/DynamixelSDK/dynamixel_sdk_examples -DAMENT_CMAKE_SYMLINK_INSTALL=1 -DCMAKE_INSTALL_PREFIX=/home/kyle/testWS/install/dynamixel_sdk_examples
[1.180s] Invoking command in '/home/kyle/testWS/build/dynamixel_sdk_examples': AMENT_PREFIX_PATH=/home/kyle/testWS/install/dynamixel_sdk_custom_interfaces:/home/kyle/testWS/install/dynamixel_sdk:${AMENT_PREFIX_PATH} CMAKE_PREFIX_PATH=/home/kyle/testWS/install/dynamixel_sdk_custom_interfaces:/home/kyle/testWS/install/dynamixel_sdk:/opt/ros/galactic LD_LIBRARY_PATH=/home/kyle/testWS/install/dynamixel_sdk_custom_interfaces/lib:/home/kyle/testWS/install/dynamixel_sdk/lib:${LD_LIBRARY_PATH} PYTHONPATH=/home/kyle/testWS/install/dynamixel_sdk_custom_interfaces/lib/python3.8/site-packages:${PYTHONPATH} /usr/bin/cmake --build /home/kyle/testWS/build/dynamixel_sdk_examples -- -j16 -l16
[1.210s] [35m[1mScanning dependencies of target read_write_node[0m
[1.241s] [ 50%] [32mBuilding CXX object CMakeFiles/read_write_node.dir/src/read_write_node.cpp.o[0m
[6.905s] [100%] [32m[1mLinking CXX executable read_write_node[0m
[7.234s] [100%] Built target read_write_node
[7.247s] Invoked command in '/home/kyle/testWS/build/dynamixel_sdk_examples' returned '0': AMENT_PREFIX_PATH=/home/kyle/testWS/install/dynamixel_sdk_custom_interfaces:/home/kyle/testWS/install/dynamixel_sdk:${AMENT_PREFIX_PATH} CMAKE_PREFIX_PATH=/home/kyle/testWS/install/dynamixel_sdk_custom_interfaces:/home/kyle/testWS/install/dynamixel_sdk:/opt/ros/galactic LD_LIBRARY_PATH=/home/kyle/testWS/install/dynamixel_sdk_custom_interfaces/lib:/home/kyle/testWS/install/dynamixel_sdk/lib:${LD_LIBRARY_PATH} PYTHONPATH=/home/kyle/testWS/install/dynamixel_sdk_custom_interfaces/lib/python3.8/site-packages:${PYTHONPATH} /usr/bin/cmake --build /home/kyle/testWS/build/dynamixel_sdk_examples -- -j16 -l16
[7.276s] Invoking command in '/home/kyle/testWS/build/dynamixel_sdk_examples': AMENT_PREFIX_PATH=/home/kyle/testWS/install/dynamixel_sdk_custom_interfaces:/home/kyle/testWS/install/dynamixel_sdk:${AMENT_PREFIX_PATH} CMAKE_PREFIX_PATH=/home/kyle/testWS/install/dynamixel_sdk_custom_interfaces:/home/kyle/testWS/install/dynamixel_sdk:/opt/ros/galactic LD_LIBRARY_PATH=/home/kyle/testWS/install/dynamixel_sdk_custom_interfaces/lib:/home/kyle/testWS/install/dynamixel_sdk/lib:${LD_LIBRARY_PATH} PYTHONPATH=/home/kyle/testWS/install/dynamixel_sdk_custom_interfaces/lib/python3.8/site-packages:${PYTHONPATH} /usr/bin/cmake --install /home/kyle/testWS/build/dynamixel_sdk_examples
[7.287s] -- Install configuration: ""
[7.287s] -- Execute custom install script
[7.287s] -- Symlinking: /home/kyle/testWS/install/dynamixel_sdk_examples/lib/dynamixel_sdk_examples/read_write_node
[7.298s] -- Symlinking: /home/kyle/testWS/install/dynamixel_sdk_examples/share/ament_index/resource_index/package_run_dependencies/dynamixel_sdk_examples
[7.308s] -- Symlinking: /home/kyle/testWS/install/dynamixel_sdk_examples/share/ament_index/resource_index/parent_prefix_path/dynamixel_sdk_examples
[7.318s] -- Symlinking: /home/kyle/testWS/install/dynamixel_sdk_examples/share/dynamixel_sdk_examples/environment/ament_prefix_path.sh
[7.328s] -- Symlinking: /home/kyle/testWS/install/dynamixel_sdk_examples/share/dynamixel_sdk_examples/environment/ament_prefix_path.dsv
[7.338s] -- Symlinking: /home/kyle/testWS/install/dynamixel_sdk_examples/share/dynamixel_sdk_examples/environment/path.sh
[7.348s] -- Symlinking: /home/kyle/testWS/install/dynamixel_sdk_examples/share/dynamixel_sdk_examples/environment/path.dsv
[7.358s] -- Symlinking: /home/kyle/testWS/install/dynamixel_sdk_examples/share/dynamixel_sdk_examples/local_setup.bash
[7.369s] -- Symlinking: /home/kyle/testWS/install/dynamixel_sdk_examples/share/dynamixel_sdk_examples/local_setup.sh
[7.378s] -- Symlinking: /home/kyle/testWS/install/dynamixel_sdk_examples/share/dynamixel_sdk_examples/local_setup.zsh
[7.389s] -- Symlinking: /home/kyle/testWS/install/dynamixel_sdk_examples/share/dynamixel_sdk_examples/local_setup.dsv
[7.398s] -- Symlinking: /home/kyle/testWS/install/dynamixel_sdk_examples/share/dynamixel_sdk_examples/package.dsv
[7.409s] -- Symlinking: /home/kyle/testWS/install/dynamixel_sdk_examples/share/ament_index/resource_index/packages/dynamixel_sdk_examples
[7.419s] -- Symlinking: /home/kyle/testWS/install/dynamixel_sdk_examples/share/dynamixel_sdk_examples/cmake/dynamixel_sdk_examplesConfig.cmake
[7.429s] -- Symlinking: /home/kyle/testWS/install/dynamixel_sdk_examples/share/dynamixel_sdk_examples/cmake/dynamixel_sdk_examplesConfig-version.cmake
[7.439s] -- Symlinking: /home/kyle/testWS/install/dynamixel_sdk_examples/share/dynamixel_sdk_examples/package.xml
[7.452s] Invoked command in '/home/kyle/testWS/build/dynamixel_sdk_examples' returned '0': AMENT_PREFIX_PATH=/home/kyle/testWS/install/dynamixel_sdk_custom_interfaces:/home/kyle/testWS/install/dynamixel_sdk:${AMENT_PREFIX_PATH} CMAKE_PREFIX_PATH=/home/kyle/testWS/install/dynamixel_sdk_custom_interfaces:/home/kyle/testWS/install/dynamixel_sdk:/opt/ros/galactic LD_LIBRARY_PATH=/home/kyle/testWS/install/dynamixel_sdk_custom_interfaces/lib:/home/kyle/testWS/install/dynamixel_sdk/lib:${LD_LIBRARY_PATH} PYTHONPATH=/home/kyle/testWS/install/dynamixel_sdk_custom_interfaces/lib/python3.8/site-packages:${PYTHONPATH} /usr/bin/cmake --install /home/kyle/testWS/build/dynamixel_sdk_examples
