[0.030s] Invoking command in '/home/kyle/testWS/build/turtlebot3_description': CMAKE_PREFIX_PATH=/opt/ros/galactic /usr/bin/cmake /home/kyle/testWS/src/turtlebot3/turtlebot3/turtlebot3_description -DAMENT_CMAKE_SYMLINK_INSTALL=1 -DCMAKE_INSTALL_PREFIX=/home/kyle/testWS/install/turtlebot3_description
[0.191s] -- The C compiler identification is GNU 9.4.0
[0.260s] -- The CXX compiler identification is GNU 9.4.0
[0.265s] -- Check for working C compiler: /usr/bin/cc
[0.316s] -- Check for working C compiler: /usr/bin/cc -- works
[0.316s] -- Detecting C compiler ABI info
[0.369s] -- Detecting C compiler ABI info - done
[0.377s] -- Detecting C compile features
[0.377s] -- Detecting C compile features - done
[0.379s] -- Check for working CXX compiler: /usr/bin/c++
[0.436s] -- Check for working CXX compiler: /usr/bin/c++ -- works
[0.437s] -- Detecting CXX compiler ABI info
[0.506s] -- Detecting CXX compiler ABI info - done
[0.515s] -- Detecting CXX compile features
[0.515s] -- Detecting CXX compile features - done
[0.517s] -- Found ament_cmake: 1.1.6 (/opt/ros/galactic/share/ament_cmake/cmake)
[0.534s] -- Found PythonInterp: /usr/bin/python3 (found suitable version "3.8.10", minimum required is "3") 
[0.534s] -- Using PYTHON_EXECUTABLE: /usr/bin/python3
[0.568s] -- Override CMake install command with custom implementation using symlinks instead of copying resources
[0.585s] -- Found urdf: 2.5.2 (/opt/ros/galactic/share/urdf/cmake)
[0.674s] -- Configuring done
[0.674s] -- Generating done
[0.675s] -- Build files have been written to: /home/kyle/testWS/build/turtlebot3_description
[0.680s] Invoked command in '/home/kyle/testWS/build/turtlebot3_description' returned '0': CMAKE_PREFIX_PATH=/opt/ros/galactic /usr/bin/cmake /home/kyle/testWS/src/turtlebot3/turtlebot3/turtlebot3_description -DAMENT_CMAKE_SYMLINK_INSTALL=1 -DCMAKE_INSTALL_PREFIX=/home/kyle/testWS/install/turtlebot3_description
[0.683s] Invoking command in '/home/kyle/testWS/build/turtlebot3_description': CMAKE_PREFIX_PATH=/opt/ros/galactic /usr/bin/cmake --build /home/kyle/testWS/build/turtlebot3_description -- -j16 -l16
[0.717s] Invoked command in '/home/kyle/testWS/build/turtlebot3_description' returned '0': CMAKE_PREFIX_PATH=/opt/ros/galactic /usr/bin/cmake --build /home/kyle/testWS/build/turtlebot3_description -- -j16 -l16
[0.736s] Invoking command in '/home/kyle/testWS/build/turtlebot3_description': CMAKE_PREFIX_PATH=/opt/ros/galactic /usr/bin/cmake --install /home/kyle/testWS/build/turtlebot3_description
[0.744s] -- Install configuration: ""
[0.744s] -- Execute custom install script
[0.745s] -- Symlinking: /home/kyle/testWS/install/turtlebot3_description/share/turtlebot3_description/meshes/bases/burger_base.stl
[0.753s] -- Symlinking: /home/kyle/testWS/install/turtlebot3_description/share/turtlebot3_description/meshes/bases/waffle_base.stl
[0.762s] -- Symlinking: /home/kyle/testWS/install/turtlebot3_description/share/turtlebot3_description/meshes/bases/waffle_pi_base.stl
[0.768s] -- Symlinking: /home/kyle/testWS/install/turtlebot3_description/share/turtlebot3_description/meshes/sensors/astra.dae
[0.775s] -- Symlinking: /home/kyle/testWS/install/turtlebot3_description/share/turtlebot3_description/meshes/sensors/astra.jpg
[0.781s] -- Symlinking: /home/kyle/testWS/install/turtlebot3_description/share/turtlebot3_description/meshes/sensors/lds.stl
[0.786s] -- Symlinking: /home/kyle/testWS/install/turtlebot3_description/share/turtlebot3_description/meshes/sensors/r200.dae
[0.792s] -- Symlinking: /home/kyle/testWS/install/turtlebot3_description/share/turtlebot3_description/meshes/sensors/r200.jpg
[0.799s] -- Symlinking: /home/kyle/testWS/install/turtlebot3_description/share/turtlebot3_description/meshes/wheels/left_tire.stl
[0.806s] -- Symlinking: /home/kyle/testWS/install/turtlebot3_description/share/turtlebot3_description/meshes/wheels/right_tire.stl
[0.815s] -- Symlinking: /home/kyle/testWS/install/turtlebot3_description/share/turtlebot3_description/rviz/model.rviz
[0.823s] -- Symlinking: /home/kyle/testWS/install/turtlebot3_description/share/turtlebot3_description/urdf/common_properties.urdf
[0.830s] -- Symlinking: /home/kyle/testWS/install/turtlebot3_description/share/turtlebot3_description/urdf/turtlebot3_burger.urdf
[0.837s] -- Symlinking: /home/kyle/testWS/install/turtlebot3_description/share/turtlebot3_description/urdf/turtlebot3_waffle.urdf
[0.844s] -- Symlinking: /home/kyle/testWS/install/turtlebot3_description/share/turtlebot3_description/urdf/turtlebot3_waffle_pi.urdf
[0.852s] -- Symlinking: /home/kyle/testWS/install/turtlebot3_description/share/ament_index/resource_index/package_run_dependencies/turtlebot3_description
[0.859s] -- Symlinking: /home/kyle/testWS/install/turtlebot3_description/share/ament_index/resource_index/parent_prefix_path/turtlebot3_description
[0.867s] -- Symlinking: /home/kyle/testWS/install/turtlebot3_description/share/turtlebot3_description/environment/ament_prefix_path.sh
[0.874s] -- Symlinking: /home/kyle/testWS/install/turtlebot3_description/share/turtlebot3_description/environment/ament_prefix_path.dsv
[0.884s] -- Symlinking: /home/kyle/testWS/install/turtlebot3_description/share/turtlebot3_description/environment/path.sh
[0.893s] -- Symlinking: /home/kyle/testWS/install/turtlebot3_description/share/turtlebot3_description/environment/path.dsv
[0.899s] -- Symlinking: /home/kyle/testWS/install/turtlebot3_description/share/turtlebot3_description/local_setup.bash
[0.906s] -- Symlinking: /home/kyle/testWS/install/turtlebot3_description/share/turtlebot3_description/local_setup.sh
[0.914s] -- Symlinking: /home/kyle/testWS/install/turtlebot3_description/share/turtlebot3_description/local_setup.zsh
[0.921s] -- Symlinking: /home/kyle/testWS/install/turtlebot3_description/share/turtlebot3_description/local_setup.dsv
[0.928s] -- Symlinking: /home/kyle/testWS/install/turtlebot3_description/share/turtlebot3_description/package.dsv
[0.936s] -- Symlinking: /home/kyle/testWS/install/turtlebot3_description/share/ament_index/resource_index/packages/turtlebot3_description
[0.944s] -- Symlinking: /home/kyle/testWS/install/turtlebot3_description/share/turtlebot3_description/cmake/turtlebot3_descriptionConfig.cmake
[0.950s] -- Symlinking: /home/kyle/testWS/install/turtlebot3_description/share/turtlebot3_description/cmake/turtlebot3_descriptionConfig-version.cmake
[0.958s] -- Symlinking: /home/kyle/testWS/install/turtlebot3_description/share/turtlebot3_description/package.xml
[0.967s] Invoked command in '/home/kyle/testWS/build/turtlebot3_description' returned '0': CMAKE_PREFIX_PATH=/opt/ros/galactic /usr/bin/cmake --install /home/kyle/testWS/build/turtlebot3_description
