[0.431s] Invoking command in '/home/kyle/testWS/build/turtlebot3_example': CMAKE_PREFIX_PATH=/home/kyle/testWS/install/turtlebot3_msgs:/home/kyle/testWS/install/turtlebot3:/home/kyle/testWS/install/turtlebot3_simulations:/home/kyle/testWS/install/turtlebot3_bringup:/home/kyle/testWS/install/turtlebot3_node:/home/kyle/testWS/install/turtlebot3_navigation2:/home/kyle/testWS/install/turtlebot3_fake_node:/home/kyle/testWS/install/turtlebot3_gazebo:/home/kyle/testWS/install/turtlebot3_description:/home/kyle/testWS/install/turtlebot3_cartographer:/home/kyle/testWS/install/hls_lfcd_lds_driver:/home/kyle/testWS/install/dynamixel_sdk_examples:/home/kyle/testWS/install/dynamixel_sdk_custom_interfaces:/home/kyle/testWS/install/dynamixel_sdk PYTHONPATH=/home/kyle/testWS/build/turtlebot3_example/prefix_override:/usr/lib/python3/dist-packages/colcon_core/task/python/colcon_distutils_commands:/home/kyle/testWS/install/turtlebot3_example/lib/python3.8/site-packages:/home/kyle/testWS/install/turtlebot3_msgs/lib/python3.8/site-packages:/home/kyle/testWS/build/turtlebot3_teleop:/home/kyle/testWS/install/turtlebot3_teleop/lib/python3.8/site-packages:/home/kyle/testWS/build/turtlebot3_example:/home/kyle/testWS/install/turtlebot3_example/lib/python3.8/site-packages:/home/kyle/testWS/install/dynamixel_sdk_custom_interfaces/lib/python3.8/site-packages:/opt/ros/galactic/lib/python3.8/site-packages /usr/bin/python3 -W ignore:setup.py install is deprecated setup.py develop --uninstall --editable --build-directory /home/kyle/testWS/build/turtlebot3_example/build
[0.585s] running develop
[0.678s] Removing /home/kyle/testWS/install/turtlebot3_example/lib/python3.8/site-packages/turtlebot3-example.egg-link (link to .)
[0.690s] Invoked command in '/home/kyle/testWS/build/turtlebot3_example' returned '0': CMAKE_PREFIX_PATH=/home/kyle/testWS/install/turtlebot3_msgs:/home/kyle/testWS/install/turtlebot3:/home/kyle/testWS/install/turtlebot3_simulations:/home/kyle/testWS/install/turtlebot3_bringup:/home/kyle/testWS/install/turtlebot3_node:/home/kyle/testWS/install/turtlebot3_navigation2:/home/kyle/testWS/install/turtlebot3_fake_node:/home/kyle/testWS/install/turtlebot3_gazebo:/home/kyle/testWS/install/turtlebot3_description:/home/kyle/testWS/install/turtlebot3_cartographer:/home/kyle/testWS/install/hls_lfcd_lds_driver:/home/kyle/testWS/install/dynamixel_sdk_examples:/home/kyle/testWS/install/dynamixel_sdk_custom_interfaces:/home/kyle/testWS/install/dynamixel_sdk PYTHONPATH=/home/kyle/testWS/build/turtlebot3_example/prefix_override:/usr/lib/python3/dist-packages/colcon_core/task/python/colcon_distutils_commands:/home/kyle/testWS/install/turtlebot3_example/lib/python3.8/site-packages:/home/kyle/testWS/install/turtlebot3_msgs/lib/python3.8/site-packages:/home/kyle/testWS/build/turtlebot3_teleop:/home/kyle/testWS/install/turtlebot3_teleop/lib/python3.8/site-packages:/home/kyle/testWS/build/turtlebot3_example:/home/kyle/testWS/install/turtlebot3_example/lib/python3.8/site-packages:/home/kyle/testWS/install/dynamixel_sdk_custom_interfaces/lib/python3.8/site-packages:/opt/ros/galactic/lib/python3.8/site-packages /usr/bin/python3 -W ignore:setup.py install is deprecated setup.py develop --uninstall --editable --build-directory /home/kyle/testWS/build/turtlebot3_example/build
[0.692s] Invoking command in '/home/kyle/testWS/src/turtlebot3/turtlebot3/turtlebot3_example': CMAKE_PREFIX_PATH=/home/kyle/testWS/install/turtlebot3_msgs:/home/kyle/testWS/install/turtlebot3:/home/kyle/testWS/install/turtlebot3_simulations:/home/kyle/testWS/install/turtlebot3_bringup:/home/kyle/testWS/install/turtlebot3_node:/home/kyle/testWS/install/turtlebot3_navigation2:/home/kyle/testWS/install/turtlebot3_fake_node:/home/kyle/testWS/install/turtlebot3_gazebo:/home/kyle/testWS/install/turtlebot3_description:/home/kyle/testWS/install/turtlebot3_cartographer:/home/kyle/testWS/install/hls_lfcd_lds_driver:/home/kyle/testWS/install/dynamixel_sdk_examples:/home/kyle/testWS/install/dynamixel_sdk_custom_interfaces:/home/kyle/testWS/install/dynamixel_sdk PYTHONPATH=/home/kyle/testWS/build/turtlebot3_example/prefix_override:/usr/lib/python3/dist-packages/colcon_core/task/python/colcon_distutils_commands:/home/kyle/testWS/install/turtlebot3_example/lib/python3.8/site-packages:/home/kyle/testWS/install/turtlebot3_msgs/lib/python3.8/site-packages:/home/kyle/testWS/build/turtlebot3_teleop:/home/kyle/testWS/install/turtlebot3_teleop/lib/python3.8/site-packages:/home/kyle/testWS/build/turtlebot3_example:/home/kyle/testWS/install/turtlebot3_example/lib/python3.8/site-packages:/home/kyle/testWS/install/dynamixel_sdk_custom_interfaces/lib/python3.8/site-packages:/opt/ros/galactic/lib/python3.8/site-packages /usr/bin/python3 -W ignore:setup.py install is deprecated setup.py egg_info --egg-base ../../../../build/turtlebot3_example build --build-base /home/kyle/testWS/build/turtlebot3_example/build install --record /home/kyle/testWS/build/turtlebot3_example/install.log --single-version-externally-managed install_data --force
[0.829s] running egg_info
[0.829s] writing ../../../../build/turtlebot3_example/turtlebot3_example.egg-info/PKG-INFO
[0.830s] writing dependency_links to ../../../../build/turtlebot3_example/turtlebot3_example.egg-info/dependency_links.txt
[0.830s] writing entry points to ../../../../build/turtlebot3_example/turtlebot3_example.egg-info/entry_points.txt
[0.830s] writing requirements to ../../../../build/turtlebot3_example/turtlebot3_example.egg-info/requires.txt
[0.830s] writing top-level names to ../../../../build/turtlebot3_example/turtlebot3_example.egg-info/top_level.txt
[0.850s] reading manifest file '../../../../build/turtlebot3_example/turtlebot3_example.egg-info/SOURCES.txt'
[0.851s] writing manifest file '../../../../build/turtlebot3_example/turtlebot3_example.egg-info/SOURCES.txt'
[0.851s] running build
[0.851s] running build_py
[0.851s] creating /home/kyle/testWS/build/turtlebot3_example/build
[0.851s] creating /home/kyle/testWS/build/turtlebot3_example/build/lib
[0.851s] creating /home/kyle/testWS/build/turtlebot3_example/build/lib/turtlebot3_example
[0.851s] copying turtlebot3_example/__init__.py -> /home/kyle/testWS/build/turtlebot3_example/build/lib/turtlebot3_example
[0.851s] creating /home/kyle/testWS/build/turtlebot3_example/build/lib/turtlebot3_example/turtlebot3_patrol_client
[0.851s] copying turtlebot3_example/turtlebot3_patrol_client/turtlebot3_patrol_client.py -> /home/kyle/testWS/build/turtlebot3_example/build/lib/turtlebot3_example/turtlebot3_patrol_client
[0.851s] copying turtlebot3_example/turtlebot3_patrol_client/main.py -> /home/kyle/testWS/build/turtlebot3_example/build/lib/turtlebot3_example/turtlebot3_patrol_client
[0.851s] copying turtlebot3_example/turtlebot3_patrol_client/__init__.py -> /home/kyle/testWS/build/turtlebot3_example/build/lib/turtlebot3_example/turtlebot3_patrol_client
[0.851s] creating /home/kyle/testWS/build/turtlebot3_example/build/lib/turtlebot3_example/turtlebot3_obstacle_detection
[0.851s] copying turtlebot3_example/turtlebot3_obstacle_detection/turtlebot3_obstacle_detection.py -> /home/kyle/testWS/build/turtlebot3_example/build/lib/turtlebot3_example/turtlebot3_obstacle_detection
[0.851s] copying turtlebot3_example/turtlebot3_obstacle_detection/main.py -> /home/kyle/testWS/build/turtlebot3_example/build/lib/turtlebot3_example/turtlebot3_obstacle_detection
[0.851s] copying turtlebot3_example/turtlebot3_obstacle_detection/__init__.py -> /home/kyle/testWS/build/turtlebot3_example/build/lib/turtlebot3_example/turtlebot3_obstacle_detection
[0.852s] creating /home/kyle/testWS/build/turtlebot3_example/build/lib/turtlebot3_example/turtlebot3_position_control
[0.852s] copying turtlebot3_example/turtlebot3_position_control/turtlebot3_position_control.py -> /home/kyle/testWS/build/turtlebot3_example/build/lib/turtlebot3_example/turtlebot3_position_control
[0.852s] copying turtlebot3_example/turtlebot3_position_control/turtlebot3_path.py -> /home/kyle/testWS/build/turtlebot3_example/build/lib/turtlebot3_example/turtlebot3_position_control
[0.852s] copying turtlebot3_example/turtlebot3_position_control/main.py -> /home/kyle/testWS/build/turtlebot3_example/build/lib/turtlebot3_example/turtlebot3_position_control
[0.852s] copying turtlebot3_example/turtlebot3_position_control/__init__.py -> /home/kyle/testWS/build/turtlebot3_example/build/lib/turtlebot3_example/turtlebot3_position_control
[0.852s] creating /home/kyle/testWS/build/turtlebot3_example/build/lib/turtlebot3_example/turtlebot3_patrol_server
[0.852s] copying turtlebot3_example/turtlebot3_patrol_server/turtlebot3_patrol_server.py -> /home/kyle/testWS/build/turtlebot3_example/build/lib/turtlebot3_example/turtlebot3_patrol_server
[0.852s] copying turtlebot3_example/turtlebot3_patrol_server/turtlebot3_path.py -> /home/kyle/testWS/build/turtlebot3_example/build/lib/turtlebot3_example/turtlebot3_patrol_server
[0.852s] copying turtlebot3_example/turtlebot3_patrol_server/main.py -> /home/kyle/testWS/build/turtlebot3_example/build/lib/turtlebot3_example/turtlebot3_patrol_server
[0.852s] copying turtlebot3_example/turtlebot3_patrol_server/__init__.py -> /home/kyle/testWS/build/turtlebot3_example/build/lib/turtlebot3_example/turtlebot3_patrol_server
[0.853s] running install
[0.853s] running install_lib
[0.854s] creating /home/kyle/testWS/install/turtlebot3_example/lib/python3.8/site-packages/turtlebot3_example
[0.854s] creating /home/kyle/testWS/install/turtlebot3_example/lib/python3.8/site-packages/turtlebot3_example/turtlebot3_patrol_client
[0.854s] copying /home/kyle/testWS/build/turtlebot3_example/build/lib/turtlebot3_example/turtlebot3_patrol_client/turtlebot3_patrol_client.py -> /home/kyle/testWS/install/turtlebot3_example/lib/python3.8/site-packages/turtlebot3_example/turtlebot3_patrol_client
[0.854s] copying /home/kyle/testWS/build/turtlebot3_example/build/lib/turtlebot3_example/turtlebot3_patrol_client/main.py -> /home/kyle/testWS/install/turtlebot3_example/lib/python3.8/site-packages/turtlebot3_example/turtlebot3_patrol_client
[0.854s] copying /home/kyle/testWS/build/turtlebot3_example/build/lib/turtlebot3_example/turtlebot3_patrol_client/__init__.py -> /home/kyle/testWS/install/turtlebot3_example/lib/python3.8/site-packages/turtlebot3_example/turtlebot3_patrol_client
[0.854s] creating /home/kyle/testWS/install/turtlebot3_example/lib/python3.8/site-packages/turtlebot3_example/turtlebot3_obstacle_detection
[0.854s] copying /home/kyle/testWS/build/turtlebot3_example/build/lib/turtlebot3_example/turtlebot3_obstacle_detection/turtlebot3_obstacle_detection.py -> /home/kyle/testWS/install/turtlebot3_example/lib/python3.8/site-packages/turtlebot3_example/turtlebot3_obstacle_detection
[0.854s] copying /home/kyle/testWS/build/turtlebot3_example/build/lib/turtlebot3_example/turtlebot3_obstacle_detection/main.py -> /home/kyle/testWS/install/turtlebot3_example/lib/python3.8/site-packages/turtlebot3_example/turtlebot3_obstacle_detection
[0.854s] copying /home/kyle/testWS/build/turtlebot3_example/build/lib/turtlebot3_example/turtlebot3_obstacle_detection/__init__.py -> /home/kyle/testWS/install/turtlebot3_example/lib/python3.8/site-packages/turtlebot3_example/turtlebot3_obstacle_detection
[0.854s] creating /home/kyle/testWS/install/turtlebot3_example/lib/python3.8/site-packages/turtlebot3_example/turtlebot3_position_control
[0.854s] copying /home/kyle/testWS/build/turtlebot3_example/build/lib/turtlebot3_example/turtlebot3_position_control/turtlebot3_position_control.py -> /home/kyle/testWS/install/turtlebot3_example/lib/python3.8/site-packages/turtlebot3_example/turtlebot3_position_control
[0.854s] copying /home/kyle/testWS/build/turtlebot3_example/build/lib/turtlebot3_example/turtlebot3_position_control/turtlebot3_path.py -> /home/kyle/testWS/install/turtlebot3_example/lib/python3.8/site-packages/turtlebot3_example/turtlebot3_position_control
[0.854s] copying /home/kyle/testWS/build/turtlebot3_example/build/lib/turtlebot3_example/turtlebot3_position_control/main.py -> /home/kyle/testWS/install/turtlebot3_example/lib/python3.8/site-packages/turtlebot3_example/turtlebot3_position_control
[0.854s] copying /home/kyle/testWS/build/turtlebot3_example/build/lib/turtlebot3_example/turtlebot3_position_control/__init__.py -> /home/kyle/testWS/install/turtlebot3_example/lib/python3.8/site-packages/turtlebot3_example/turtlebot3_position_control
[0.855s] creating /home/kyle/testWS/install/turtlebot3_example/lib/python3.8/site-packages/turtlebot3_example/turtlebot3_patrol_server
[0.855s] copying /home/kyle/testWS/build/turtlebot3_example/build/lib/turtlebot3_example/turtlebot3_patrol_server/turtlebot3_patrol_server.py -> /home/kyle/testWS/install/turtlebot3_example/lib/python3.8/site-packages/turtlebot3_example/turtlebot3_patrol_server
[0.855s] copying /home/kyle/testWS/build/turtlebot3_example/build/lib/turtlebot3_example/turtlebot3_patrol_server/turtlebot3_path.py -> /home/kyle/testWS/install/turtlebot3_example/lib/python3.8/site-packages/turtlebot3_example/turtlebot3_patrol_server
[0.855s] copying /home/kyle/testWS/build/turtlebot3_example/build/lib/turtlebot3_example/turtlebot3_patrol_server/main.py -> /home/kyle/testWS/install/turtlebot3_example/lib/python3.8/site-packages/turtlebot3_example/turtlebot3_patrol_server
[0.855s] copying /home/kyle/testWS/build/turtlebot3_example/build/lib/turtlebot3_example/turtlebot3_patrol_server/__init__.py -> /home/kyle/testWS/install/turtlebot3_example/lib/python3.8/site-packages/turtlebot3_example/turtlebot3_patrol_server
[0.855s] copying /home/kyle/testWS/build/turtlebot3_example/build/lib/turtlebot3_example/__init__.py -> /home/kyle/testWS/install/turtlebot3_example/lib/python3.8/site-packages/turtlebot3_example
[0.855s] byte-compiling /home/kyle/testWS/install/turtlebot3_example/lib/python3.8/site-packages/turtlebot3_example/turtlebot3_patrol_client/turtlebot3_patrol_client.py to turtlebot3_patrol_client.cpython-38.pyc
[0.856s] byte-compiling /home/kyle/testWS/install/turtlebot3_example/lib/python3.8/site-packages/turtlebot3_example/turtlebot3_patrol_client/main.py to main.cpython-38.pyc
[0.856s] byte-compiling /home/kyle/testWS/install/turtlebot3_example/lib/python3.8/site-packages/turtlebot3_example/turtlebot3_patrol_client/__init__.py to __init__.cpython-38.pyc
[0.856s] byte-compiling /home/kyle/testWS/install/turtlebot3_example/lib/python3.8/site-packages/turtlebot3_example/turtlebot3_obstacle_detection/turtlebot3_obstacle_detection.py to turtlebot3_obstacle_detection.cpython-38.pyc
[0.857s] byte-compiling /home/kyle/testWS/install/turtlebot3_example/lib/python3.8/site-packages/turtlebot3_example/turtlebot3_obstacle_detection/main.py to main.cpython-38.pyc
[0.857s] byte-compiling /home/kyle/testWS/install/turtlebot3_example/lib/python3.8/site-packages/turtlebot3_example/turtlebot3_obstacle_detection/__init__.py to __init__.cpython-38.pyc
[0.857s] byte-compiling /home/kyle/testWS/install/turtlebot3_example/lib/python3.8/site-packages/turtlebot3_example/turtlebot3_position_control/turtlebot3_position_control.py to turtlebot3_position_control.cpython-38.pyc
[0.857s] byte-compiling /home/kyle/testWS/install/turtlebot3_example/lib/python3.8/site-packages/turtlebot3_example/turtlebot3_position_control/turtlebot3_path.py to turtlebot3_path.cpython-38.pyc
[0.858s] byte-compiling /home/kyle/testWS/install/turtlebot3_example/lib/python3.8/site-packages/turtlebot3_example/turtlebot3_position_control/main.py to main.cpython-38.pyc
[0.858s] byte-compiling /home/kyle/testWS/install/turtlebot3_example/lib/python3.8/site-packages/turtlebot3_example/turtlebot3_position_control/__init__.py to __init__.cpython-38.pyc
[0.858s] byte-compiling /home/kyle/testWS/install/turtlebot3_example/lib/python3.8/site-packages/turtlebot3_example/turtlebot3_patrol_server/turtlebot3_patrol_server.py to turtlebot3_patrol_server.cpython-38.pyc
[0.858s] byte-compiling /home/kyle/testWS/install/turtlebot3_example/lib/python3.8/site-packages/turtlebot3_example/turtlebot3_patrol_server/turtlebot3_path.py to turtlebot3_path.cpython-38.pyc
[0.858s] byte-compiling /home/kyle/testWS/install/turtlebot3_example/lib/python3.8/site-packages/turtlebot3_example/turtlebot3_patrol_server/main.py to main.cpython-38.pyc
[0.858s] byte-compiling /home/kyle/testWS/install/turtlebot3_example/lib/python3.8/site-packages/turtlebot3_example/turtlebot3_patrol_server/__init__.py to __init__.cpython-38.pyc
[0.859s] byte-compiling /home/kyle/testWS/install/turtlebot3_example/lib/python3.8/site-packages/turtlebot3_example/__init__.py to __init__.cpython-38.pyc
[0.859s] running install_data
[0.859s] copying resource/turtlebot3_example -> /home/kyle/testWS/install/turtlebot3_example/share/ament_index/resource_index/packages
[0.859s] copying package.xml -> /home/kyle/testWS/install/turtlebot3_example/share/turtlebot3_example
[0.859s] running install_egg_info
[0.860s] Copying ../../../../build/turtlebot3_example/turtlebot3_example.egg-info to /home/kyle/testWS/install/turtlebot3_example/lib/python3.8/site-packages/turtlebot3_example-2.1.4-py3.8.egg-info
[0.860s] running install_scripts
[0.870s] Installing turtlebot3_obstacle_detection script to /home/kyle/testWS/install/turtlebot3_example/lib/turtlebot3_example
[0.870s] Installing turtlebot3_patrol_client script to /home/kyle/testWS/install/turtlebot3_example/lib/turtlebot3_example
[0.871s] Installing turtlebot3_patrol_server script to /home/kyle/testWS/install/turtlebot3_example/lib/turtlebot3_example
[0.871s] Installing turtlebot3_position_control script to /home/kyle/testWS/install/turtlebot3_example/lib/turtlebot3_example
[0.871s] writing list of installed files to '/home/kyle/testWS/build/turtlebot3_example/install.log'
[0.883s] Invoked command in '/home/kyle/testWS/src/turtlebot3/turtlebot3/turtlebot3_example' returned '0': CMAKE_PREFIX_PATH=/home/kyle/testWS/install/turtlebot3_msgs:/home/kyle/testWS/install/turtlebot3:/home/kyle/testWS/install/turtlebot3_simulations:/home/kyle/testWS/install/turtlebot3_bringup:/home/kyle/testWS/install/turtlebot3_node:/home/kyle/testWS/install/turtlebot3_navigation2:/home/kyle/testWS/install/turtlebot3_fake_node:/home/kyle/testWS/install/turtlebot3_gazebo:/home/kyle/testWS/install/turtlebot3_description:/home/kyle/testWS/install/turtlebot3_cartographer:/home/kyle/testWS/install/hls_lfcd_lds_driver:/home/kyle/testWS/install/dynamixel_sdk_examples:/home/kyle/testWS/install/dynamixel_sdk_custom_interfaces:/home/kyle/testWS/install/dynamixel_sdk PYTHONPATH=/home/kyle/testWS/build/turtlebot3_example/prefix_override:/usr/lib/python3/dist-packages/colcon_core/task/python/colcon_distutils_commands:/home/kyle/testWS/install/turtlebot3_example/lib/python3.8/site-packages:/home/kyle/testWS/install/turtlebot3_msgs/lib/python3.8/site-packages:/home/kyle/testWS/build/turtlebot3_teleop:/home/kyle/testWS/install/turtlebot3_teleop/lib/python3.8/site-packages:/home/kyle/testWS/build/turtlebot3_example:/home/kyle/testWS/install/turtlebot3_example/lib/python3.8/site-packages:/home/kyle/testWS/install/dynamixel_sdk_custom_interfaces/lib/python3.8/site-packages:/opt/ros/galactic/lib/python3.8/site-packages /usr/bin/python3 -W ignore:setup.py install is deprecated setup.py egg_info --egg-base ../../../../build/turtlebot3_example build --build-base /home/kyle/testWS/build/turtlebot3_example/build install --record /home/kyle/testWS/build/turtlebot3_example/install.log --single-version-externally-managed install_data --force
