[0.656s] Invoking command in '/home/kyle/testWS/src/turtlebot3/turtlebot3/turtlebot3_teleop': PYTHONPATH=/home/kyle/testWS/build/turtlebot3_teleop/prefix_override:/usr/lib/python3/dist-packages/colcon_core/task/python/colcon_distutils_commands:/home/kyle/testWS/install/turtlebot3_teleop/lib/python3.8/site-packages:${PYTHONPATH} /usr/bin/python3 -W ignore:setup.py install is deprecated setup.py egg_info --egg-base ../../../../build/turtlebot3_teleop build --build-base /home/kyle/testWS/build/turtlebot3_teleop/build install --record /home/kyle/testWS/build/turtlebot3_teleop/install.log --single-version-externally-managed install_data
[0.798s] running egg_info
[0.799s] writing ../../../../build/turtlebot3_teleop/turtlebot3_teleop.egg-info/PKG-INFO
[0.799s] writing dependency_links to ../../../../build/turtlebot3_teleop/turtlebot3_teleop.egg-info/dependency_links.txt
[0.799s] writing entry points to ../../../../build/turtlebot3_teleop/turtlebot3_teleop.egg-info/entry_points.txt
[0.799s] writing requirements to ../../../../build/turtlebot3_teleop/turtlebot3_teleop.egg-info/requires.txt
[0.799s] writing top-level names to ../../../../build/turtlebot3_teleop/turtlebot3_teleop.egg-info/top_level.txt
[0.819s] reading manifest file '../../../../build/turtlebot3_teleop/turtlebot3_teleop.egg-info/SOURCES.txt'
[0.819s] writing manifest file '../../../../build/turtlebot3_teleop/turtlebot3_teleop.egg-info/SOURCES.txt'
[0.819s] running build
[0.820s] running build_py
[0.820s] running install
[0.820s] running install_lib
[0.821s] running install_data
[0.822s] running install_egg_info
[0.822s] removing '/home/kyle/testWS/install/turtlebot3_teleop/lib/python3.8/site-packages/turtlebot3_teleop-2.1.4-py3.8.egg-info' (and everything under it)
[0.823s] Copying ../../../../build/turtlebot3_teleop/turtlebot3_teleop.egg-info to /home/kyle/testWS/install/turtlebot3_teleop/lib/python3.8/site-packages/turtlebot3_teleop-2.1.4-py3.8.egg-info
[0.823s] running install_scripts
[0.833s] Installing teleop_keyboard script to /home/kyle/testWS/install/turtlebot3_teleop/lib/turtlebot3_teleop
[0.833s] writing list of installed files to '/home/kyle/testWS/build/turtlebot3_teleop/install.log'
[0.884s] Invoked command in '/home/kyle/testWS/src/turtlebot3/turtlebot3/turtlebot3_teleop' returned '0': PYTHONPATH=/home/kyle/testWS/build/turtlebot3_teleop/prefix_override:/usr/lib/python3/dist-packages/colcon_core/task/python/colcon_distutils_commands:/home/kyle/testWS/install/turtlebot3_teleop/lib/python3.8/site-packages:${PYTHONPATH} /usr/bin/python3 -W ignore:setup.py install is deprecated setup.py egg_info --egg-base ../../../../build/turtlebot3_teleop build --build-base /home/kyle/testWS/build/turtlebot3_teleop/build install --record /home/kyle/testWS/build/turtlebot3_teleop/install.log --single-version-externally-managed install_data
