[0.012s] Invoking command in '/home/kyle/testWS/build/turtlebot3_bringup': AMENT_PREFIX_PATH=/home/kyle/testWS/install/turtlebot3_node:/home/kyle/testWS/install/turtlebot3_msgs:/home/kyle/testWS/install/turtlebot3_description:/home/kyle/testWS/install/hls_lfcd_lds_driver:/home/kyle/testWS/install/dynamixel_sdk:${AMENT_PREFIX_PATH} CMAKE_PREFIX_PATH=/home/kyle/testWS/install/turtlebot3_node:/home/kyle/testWS/install/turtlebot3_msgs:/home/kyle/testWS/install/turtlebot3_description:/home/kyle/testWS/install/hls_lfcd_lds_driver:/home/kyle/testWS/install/dynamixel_sdk:/opt/ros/galactic LD_LIBRARY_PATH=/home/kyle/testWS/install/turtlebot3_msgs/lib:/home/kyle/testWS/install/dynamixel_sdk/lib:${LD_LIBRARY_PATH} PYTHONPATH=/home/kyle/testWS/install/turtlebot3_msgs/lib/python3.8/site-packages:${PYTHONPATH} /usr/bin/cmake /home/kyle/testWS/src/turtlebot3/turtlebot3/turtlebot3_bringup -DAMENT_CMAKE_SYMLINK_INSTALL=1 -DCMAKE_INSTALL_PREFIX=/home/kyle/testWS/install/turtlebot3_bringup
[0.062s] -- The C compiler identification is GNU 9.4.0
[0.111s] -- The CXX compiler identification is GNU 9.4.0
[0.115s] -- Check for working C compiler: /usr/bin/cc
[0.189s] -- Check for working C compiler: /usr/bin/cc -- works
[0.190s] -- Detecting C compiler ABI info
[0.261s] -- Detecting C compiler ABI info - done
[0.271s] -- Detecting C compile features
[0.272s] -- Detecting C compile features - done
[0.274s] -- Check for working CXX compiler: /usr/bin/c++
[0.349s] -- Check for working CXX compiler: /usr/bin/c++ -- works
[0.350s] -- Detecting CXX compiler ABI info
[0.430s] -- Detecting CXX compiler ABI info - done
[0.440s] -- Detecting CXX compile features
[0.440s] -- Detecting CXX compile features - done
[0.442s] -- Found ament_cmake: 1.1.6 (/opt/ros/galactic/share/ament_cmake/cmake)
[0.465s] -- Found PythonInterp: /usr/bin/python3 (found suitable version "3.8.10", minimum required is "3") 
[0.465s] -- Using PYTHON_EXECUTABLE: /usr/bin/python3
[0.498s] -- Override CMake install command with custom implementation using symlinks instead of copying resources
[0.566s] -- Configuring done
[0.568s] -- Generating done
[0.569s] -- Build files have been written to: /home/kyle/testWS/build/turtlebot3_bringup
[0.573s] Invoked command in '/home/kyle/testWS/build/turtlebot3_bringup' returned '0': AMENT_PREFIX_PATH=/home/kyle/testWS/install/turtlebot3_node:/home/kyle/testWS/install/turtlebot3_msgs:/home/kyle/testWS/install/turtlebot3_description:/home/kyle/testWS/install/hls_lfcd_lds_driver:/home/kyle/testWS/install/dynamixel_sdk:${AMENT_PREFIX_PATH} CMAKE_PREFIX_PATH=/home/kyle/testWS/install/turtlebot3_node:/home/kyle/testWS/install/turtlebot3_msgs:/home/kyle/testWS/install/turtlebot3_description:/home/kyle/testWS/install/hls_lfcd_lds_driver:/home/kyle/testWS/install/dynamixel_sdk:/opt/ros/galactic LD_LIBRARY_PATH=/home/kyle/testWS/install/turtlebot3_msgs/lib:/home/kyle/testWS/install/dynamixel_sdk/lib:${LD_LIBRARY_PATH} PYTHONPATH=/home/kyle/testWS/install/turtlebot3_msgs/lib/python3.8/site-packages:${PYTHONPATH} /usr/bin/cmake /home/kyle/testWS/src/turtlebot3/turtlebot3/turtlebot3_bringup -DAMENT_CMAKE_SYMLINK_INSTALL=1 -DCMAKE_INSTALL_PREFIX=/home/kyle/testWS/install/turtlebot3_bringup
[0.576s] Invoking command in '/home/kyle/testWS/build/turtlebot3_bringup': AMENT_PREFIX_PATH=/home/kyle/testWS/install/turtlebot3_node:/home/kyle/testWS/install/turtlebot3_msgs:/home/kyle/testWS/install/turtlebot3_description:/home/kyle/testWS/install/hls_lfcd_lds_driver:/home/kyle/testWS/install/dynamixel_sdk:${AMENT_PREFIX_PATH} CMAKE_PREFIX_PATH=/home/kyle/testWS/install/turtlebot3_node:/home/kyle/testWS/install/turtlebot3_msgs:/home/kyle/testWS/install/turtlebot3_description:/home/kyle/testWS/install/hls_lfcd_lds_driver:/home/kyle/testWS/install/dynamixel_sdk:/opt/ros/galactic LD_LIBRARY_PATH=/home/kyle/testWS/install/turtlebot3_msgs/lib:/home/kyle/testWS/install/dynamixel_sdk/lib:${LD_LIBRARY_PATH} PYTHONPATH=/home/kyle/testWS/install/turtlebot3_msgs/lib/python3.8/site-packages:${PYTHONPATH} /usr/bin/cmake --build /home/kyle/testWS/build/turtlebot3_bringup -- -j16 -l16
[0.613s] Invoked command in '/home/kyle/testWS/build/turtlebot3_bringup' returned '0': AMENT_PREFIX_PATH=/home/kyle/testWS/install/turtlebot3_node:/home/kyle/testWS/install/turtlebot3_msgs:/home/kyle/testWS/install/turtlebot3_description:/home/kyle/testWS/install/hls_lfcd_lds_driver:/home/kyle/testWS/install/dynamixel_sdk:${AMENT_PREFIX_PATH} CMAKE_PREFIX_PATH=/home/kyle/testWS/install/turtlebot3_node:/home/kyle/testWS/install/turtlebot3_msgs:/home/kyle/testWS/install/turtlebot3_description:/home/kyle/testWS/install/hls_lfcd_lds_driver:/home/kyle/testWS/install/dynamixel_sdk:/opt/ros/galactic LD_LIBRARY_PATH=/home/kyle/testWS/install/turtlebot3_msgs/lib:/home/kyle/testWS/install/dynamixel_sdk/lib:${LD_LIBRARY_PATH} PYTHONPATH=/home/kyle/testWS/install/turtlebot3_msgs/lib/python3.8/site-packages:${PYTHONPATH} /usr/bin/cmake --build /home/kyle/testWS/build/turtlebot3_bringup -- -j16 -l16
[0.634s] Invoking command in '/home/kyle/testWS/build/turtlebot3_bringup': AMENT_PREFIX_PATH=/home/kyle/testWS/install/turtlebot3_node:/home/kyle/testWS/install/turtlebot3_msgs:/home/kyle/testWS/install/turtlebot3_description:/home/kyle/testWS/install/hls_lfcd_lds_driver:/home/kyle/testWS/install/dynamixel_sdk:${AMENT_PREFIX_PATH} CMAKE_PREFIX_PATH=/home/kyle/testWS/install/turtlebot3_node:/home/kyle/testWS/install/turtlebot3_msgs:/home/kyle/testWS/install/turtlebot3_description:/home/kyle/testWS/install/hls_lfcd_lds_driver:/home/kyle/testWS/install/dynamixel_sdk:/opt/ros/galactic LD_LIBRARY_PATH=/home/kyle/testWS/install/turtlebot3_msgs/lib:/home/kyle/testWS/install/dynamixel_sdk/lib:${LD_LIBRARY_PATH} PYTHONPATH=/home/kyle/testWS/install/turtlebot3_msgs/lib/python3.8/site-packages:${PYTHONPATH} /usr/bin/cmake --install /home/kyle/testWS/build/turtlebot3_bringup
[0.641s] -- Install configuration: ""
[0.641s] -- Execute custom install script
[0.641s] -- Symlinking: /home/kyle/testWS/install/turtlebot3_bringup/share/turtlebot3_bringup/launch/robot.launch.py
[0.651s] -- Symlinking: /home/kyle/testWS/install/turtlebot3_bringup/share/turtlebot3_bringup/launch/rviz2.launch.py
[0.660s] -- Symlinking: /home/kyle/testWS/install/turtlebot3_bringup/share/turtlebot3_bringup/launch/turtlebot3_state_publisher.launch.py
[0.666s] -- Symlinking: /home/kyle/testWS/install/turtlebot3_bringup/share/turtlebot3_bringup/param/burger.yaml
[0.672s] -- Symlinking: /home/kyle/testWS/install/turtlebot3_bringup/share/turtlebot3_bringup/param/waffle.yaml
[0.682s] -- Symlinking: /home/kyle/testWS/install/turtlebot3_bringup/share/turtlebot3_bringup/param/waffle_pi.yaml
[0.688s] -- Symlinking: /home/kyle/testWS/install/turtlebot3_bringup/share/turtlebot3_bringup/script/99-turtlebot3-cdc.rules
[0.694s] -- Symlinking: /home/kyle/testWS/install/turtlebot3_bringup/share/turtlebot3_bringup/script/create_udev_rules
[0.700s] -- Symlinking: /home/kyle/testWS/install/turtlebot3_bringup/share/ament_index/resource_index/package_run_dependencies/turtlebot3_bringup
[0.705s] -- Symlinking: /home/kyle/testWS/install/turtlebot3_bringup/share/ament_index/resource_index/parent_prefix_path/turtlebot3_bringup
[0.711s] -- Symlinking: /home/kyle/testWS/install/turtlebot3_bringup/share/turtlebot3_bringup/environment/ament_prefix_path.sh
[0.717s] -- Symlinking: /home/kyle/testWS/install/turtlebot3_bringup/share/turtlebot3_bringup/environment/ament_prefix_path.dsv
[0.723s] -- Symlinking: /home/kyle/testWS/install/turtlebot3_bringup/share/turtlebot3_bringup/environment/path.sh
[0.731s] -- Symlinking: /home/kyle/testWS/install/turtlebot3_bringup/share/turtlebot3_bringup/environment/path.dsv
[0.740s] -- Symlinking: /home/kyle/testWS/install/turtlebot3_bringup/share/turtlebot3_bringup/local_setup.bash
[0.746s] -- Symlinking: /home/kyle/testWS/install/turtlebot3_bringup/share/turtlebot3_bringup/local_setup.sh
[0.755s] -- Symlinking: /home/kyle/testWS/install/turtlebot3_bringup/share/turtlebot3_bringup/local_setup.zsh
[0.765s] -- Symlinking: /home/kyle/testWS/install/turtlebot3_bringup/share/turtlebot3_bringup/local_setup.dsv
[0.774s] -- Symlinking: /home/kyle/testWS/install/turtlebot3_bringup/share/turtlebot3_bringup/package.dsv
[0.785s] -- Symlinking: /home/kyle/testWS/install/turtlebot3_bringup/share/ament_index/resource_index/packages/turtlebot3_bringup
[0.791s] -- Symlinking: /home/kyle/testWS/install/turtlebot3_bringup/share/turtlebot3_bringup/cmake/turtlebot3_bringupConfig.cmake
[0.797s] -- Symlinking: /home/kyle/testWS/install/turtlebot3_bringup/share/turtlebot3_bringup/cmake/turtlebot3_bringupConfig-version.cmake
[0.802s] -- Symlinking: /home/kyle/testWS/install/turtlebot3_bringup/share/turtlebot3_bringup/package.xml
[0.810s] Invoked command in '/home/kyle/testWS/build/turtlebot3_bringup' returned '0': AMENT_PREFIX_PATH=/home/kyle/testWS/install/turtlebot3_node:/home/kyle/testWS/install/turtlebot3_msgs:/home/kyle/testWS/install/turtlebot3_description:/home/kyle/testWS/install/hls_lfcd_lds_driver:/home/kyle/testWS/install/dynamixel_sdk:${AMENT_PREFIX_PATH} CMAKE_PREFIX_PATH=/home/kyle/testWS/install/turtlebot3_node:/home/kyle/testWS/install/turtlebot3_msgs:/home/kyle/testWS/install/turtlebot3_description:/home/kyle/testWS/install/hls_lfcd_lds_driver:/home/kyle/testWS/install/dynamixel_sdk:/opt/ros/galactic LD_LIBRARY_PATH=/home/kyle/testWS/install/turtlebot3_msgs/lib:/home/kyle/testWS/install/dynamixel_sdk/lib:${LD_LIBRARY_PATH} PYTHONPATH=/home/kyle/testWS/install/turtlebot3_msgs/lib/python3.8/site-packages:${PYTHONPATH} /usr/bin/cmake --install /home/kyle/testWS/build/turtlebot3_bringup
