[0.041s] Invoking command in '/home/kyle/testWS/build/turtlebot3_description': CMAKE_PREFIX_PATH=${CMAKE_PREFIX_PATH}:/home/kyle/testWS/install/turtlebot3_teleop:/home/kyle/testWS/install/turtlebot3_example:/opt/ros/galactic /usr/bin/cmake /home/kyle/testWS/src/turtlebot3/turtlebot3/turtlebot3_description -DCMAKE_INSTALL_PREFIX=/home/kyle/testWS/install/turtlebot3_description
[0.376s] -- Found ament_cmake: 1.1.6 (/opt/ros/galactic/share/ament_cmake/cmake)
[0.378s] -- Using PYTHON_EXECUTABLE: /usr/bin/python3
[0.378s] -- Override CMake install command with custom implementation using symlinks instead of copying resources
[0.378s] -- Found urdf: 2.5.2 (/opt/ros/galactic/share/urdf/cmake)
[0.378s] -- Configuring done
[0.378s] -- Generating done
[0.378s] -- Build files have been written to: /home/kyle/testWS/build/turtlebot3_description
[0.391s] Invoked command in '/home/kyle/testWS/build/turtlebot3_description' returned '0': CMAKE_PREFIX_PATH=${CMAKE_PREFIX_PATH}:/home/kyle/testWS/install/turtlebot3_teleop:/home/kyle/testWS/install/turtlebot3_example:/opt/ros/galactic /usr/bin/cmake /home/kyle/testWS/src/turtlebot3/turtlebot3/turtlebot3_description -DCMAKE_INSTALL_PREFIX=/home/kyle/testWS/install/turtlebot3_description
[0.394s] Invoking command in '/home/kyle/testWS/build/turtlebot3_description': CMAKE_PREFIX_PATH=${CMAKE_PREFIX_PATH}:/home/kyle/testWS/install/turtlebot3_teleop:/home/kyle/testWS/install/turtlebot3_example:/opt/ros/galactic /usr/bin/cmake --build /home/kyle/testWS/build/turtlebot3_description -- -j16 -l16
[0.410s] Invoked command in '/home/kyle/testWS/build/turtlebot3_description' returned '0': CMAKE_PREFIX_PATH=${CMAKE_PREFIX_PATH}:/home/kyle/testWS/install/turtlebot3_teleop:/home/kyle/testWS/install/turtlebot3_example:/opt/ros/galactic /usr/bin/cmake --build /home/kyle/testWS/build/turtlebot3_description -- -j16 -l16
[0.441s] Invoking command in '/home/kyle/testWS/build/turtlebot3_description': CMAKE_PREFIX_PATH=${CMAKE_PREFIX_PATH}:/home/kyle/testWS/install/turtlebot3_teleop:/home/kyle/testWS/install/turtlebot3_example:/opt/ros/galactic /usr/bin/cmake --install /home/kyle/testWS/build/turtlebot3_description
[0.449s] -- Install configuration: ""
[0.449s] -- Execute custom install script
[0.449s] -- Up-to-date symlink: /home/kyle/testWS/install/turtlebot3_description/share/turtlebot3_description/meshes/bases/burger_base.stl
[0.450s] -- Up-to-date symlink: /home/kyle/testWS/install/turtlebot3_description/share/turtlebot3_description/meshes/bases/waffle_base.stl
[0.450s] -- Up-to-date symlink: /home/kyle/testWS/install/turtlebot3_description/share/turtlebot3_description/meshes/bases/waffle_pi_base.stl
[0.450s] -- Up-to-date symlink: /home/kyle/testWS/install/turtlebot3_description/share/turtlebot3_description/meshes/sensors/astra.dae
[0.450s] -- Up-to-date symlink: /home/kyle/testWS/install/turtlebot3_description/share/turtlebot3_description/meshes/sensors/astra.jpg
[0.450s] -- Up-to-date symlink: /home/kyle/testWS/install/turtlebot3_description/share/turtlebot3_description/meshes/sensors/lds.stl
[0.450s] -- Up-to-date symlink: /home/kyle/testWS/install/turtlebot3_description/share/turtlebot3_description/meshes/sensors/r200.dae
[0.450s] -- Up-to-date symlink: /home/kyle/testWS/install/turtlebot3_description/share/turtlebot3_description/meshes/sensors/r200.jpg
[0.450s] -- Up-to-date symlink: /home/kyle/testWS/install/turtlebot3_description/share/turtlebot3_description/meshes/wheels/left_tire.stl
[0.450s] -- Up-to-date symlink: /home/kyle/testWS/install/turtlebot3_description/share/turtlebot3_description/meshes/wheels/right_tire.stl
[0.450s] -- Up-to-date symlink: /home/kyle/testWS/install/turtlebot3_description/share/turtlebot3_description/rviz/model.rviz
[0.450s] -- Up-to-date symlink: /home/kyle/testWS/install/turtlebot3_description/share/turtlebot3_description/urdf/common_properties.urdf
[0.450s] -- Up-to-date symlink: /home/kyle/testWS/install/turtlebot3_description/share/turtlebot3_description/urdf/turtlebot3_burger.urdf
[0.451s] -- Up-to-date symlink: /home/kyle/testWS/install/turtlebot3_description/share/turtlebot3_description/urdf/turtlebot3_waffle.urdf
[0.451s] -- Up-to-date symlink: /home/kyle/testWS/install/turtlebot3_description/share/turtlebot3_description/urdf/turtlebot3_waffle_pi.urdf
[0.451s] -- Up-to-date symlink: /home/kyle/testWS/install/turtlebot3_description/share/ament_index/resource_index/package_run_dependencies/turtlebot3_description
[0.451s] -- Up-to-date symlink: /home/kyle/testWS/install/turtlebot3_description/share/ament_index/resource_index/parent_prefix_path/turtlebot3_description
[0.451s] -- Up-to-date symlink: /home/kyle/testWS/install/turtlebot3_description/share/turtlebot3_description/environment/ament_prefix_path.sh
[0.451s] -- Up-to-date symlink: /home/kyle/testWS/install/turtlebot3_description/share/turtlebot3_description/environment/ament_prefix_path.dsv
[0.452s] -- Up-to-date symlink: /home/kyle/testWS/install/turtlebot3_description/share/turtlebot3_description/environment/path.sh
[0.452s] -- Up-to-date symlink: /home/kyle/testWS/install/turtlebot3_description/share/turtlebot3_description/environment/path.dsv
[0.452s] -- Up-to-date symlink: /home/kyle/testWS/install/turtlebot3_description/share/turtlebot3_description/local_setup.bash
[0.452s] -- Up-to-date symlink: /home/kyle/testWS/install/turtlebot3_description/share/turtlebot3_description/local_setup.sh
[0.453s] -- Up-to-date symlink: /home/kyle/testWS/install/turtlebot3_description/share/turtlebot3_description/local_setup.zsh
[0.453s] -- Up-to-date symlink: /home/kyle/testWS/install/turtlebot3_description/share/turtlebot3_description/local_setup.dsv
[0.453s] -- Symlinking: /home/kyle/testWS/install/turtlebot3_description/share/turtlebot3_description/package.dsv
[0.462s] -- Up-to-date symlink: /home/kyle/testWS/install/turtlebot3_description/share/ament_index/resource_index/packages/turtlebot3_description
[0.462s] -- Up-to-date symlink: /home/kyle/testWS/install/turtlebot3_description/share/turtlebot3_description/cmake/turtlebot3_descriptionConfig.cmake
[0.463s] -- Up-to-date symlink: /home/kyle/testWS/install/turtlebot3_description/share/turtlebot3_description/cmake/turtlebot3_descriptionConfig-version.cmake
[0.463s] -- Up-to-date symlink: /home/kyle/testWS/install/turtlebot3_description/share/turtlebot3_description/package.xml
[0.465s] Invoked command in '/home/kyle/testWS/build/turtlebot3_description' returned '0': CMAKE_PREFIX_PATH=${CMAKE_PREFIX_PATH}:/home/kyle/testWS/install/turtlebot3_teleop:/home/kyle/testWS/install/turtlebot3_example:/opt/ros/galactic /usr/bin/cmake --install /home/kyle/testWS/build/turtlebot3_description
