[0.050s] Invoking command in '/home/kyle/testWS/build/turtlebot3_cartographer': CMAKE_PREFIX_PATH=${CMAKE_PREFIX_PATH}:/home/kyle/testWS/install/turtlebot3_teleop:/home/kyle/testWS/install/turtlebot3_example:/home/kyle/testWS/install/tb_control:/opt/ros/galactic /usr/bin/cmake --build /home/kyle/testWS/build/turtlebot3_cartographer -- -j16 -l16
[0.380s] Invoked command in '/home/kyle/testWS/build/turtlebot3_cartographer' returned '0': CMAKE_PREFIX_PATH=${CMAKE_PREFIX_PATH}:/home/kyle/testWS/install/turtlebot3_teleop:/home/kyle/testWS/install/turtlebot3_example:/home/kyle/testWS/install/tb_control:/opt/ros/galactic /usr/bin/cmake --build /home/kyle/testWS/build/turtlebot3_cartographer -- -j16 -l16
[0.406s] Invoking command in '/home/kyle/testWS/build/turtlebot3_cartographer': CMAKE_PREFIX_PATH=${CMAKE_PREFIX_PATH}:/home/kyle/testWS/install/turtlebot3_teleop:/home/kyle/testWS/install/turtlebot3_example:/home/kyle/testWS/install/tb_control:/opt/ros/galactic /usr/bin/cmake --install /home/kyle/testWS/build/turtlebot3_cartographer
[0.414s] -- Install configuration: ""
[0.416s] -- Execute custom install script
[0.416s] -- Up-to-date symlink: /home/kyle/testWS/install/turtlebot3_cartographer/share/turtlebot3_cartographer/config/turtlebot3_lds_2d.lua
[0.417s] -- Up-to-date symlink: /home/kyle/testWS/install/turtlebot3_cartographer/share/turtlebot3_cartographer/launch/cartographer.launch.py
[0.417s] -- Up-to-date symlink: /home/kyle/testWS/install/turtlebot3_cartographer/share/turtlebot3_cartographer/launch/occupancy_grid.launch.py
[0.420s] -- Up-to-date symlink: /home/kyle/testWS/install/turtlebot3_cartographer/share/turtlebot3_cartographer/rviz/tb3_cartographer.rviz
[0.420s] -- Up-to-date symlink: /home/kyle/testWS/install/turtlebot3_cartographer/share/ament_index/resource_index/package_run_dependencies/turtlebot3_cartographer
[0.421s] -- Up-to-date symlink: /home/kyle/testWS/install/turtlebot3_cartographer/share/ament_index/resource_index/parent_prefix_path/turtlebot3_cartographer
[0.421s] -- Up-to-date symlink: /home/kyle/testWS/install/turtlebot3_cartographer/share/turtlebot3_cartographer/environment/ament_prefix_path.sh
[0.421s] -- Up-to-date symlink: /home/kyle/testWS/install/turtlebot3_cartographer/share/turtlebot3_cartographer/environment/ament_prefix_path.dsv
[0.422s] -- Up-to-date symlink: /home/kyle/testWS/install/turtlebot3_cartographer/share/turtlebot3_cartographer/environment/path.sh
[0.422s] -- Up-to-date symlink: /home/kyle/testWS/install/turtlebot3_cartographer/share/turtlebot3_cartographer/environment/path.dsv
[0.422s] -- Up-to-date symlink: /home/kyle/testWS/install/turtlebot3_cartographer/share/turtlebot3_cartographer/local_setup.bash
[0.423s] -- Up-to-date symlink: /home/kyle/testWS/install/turtlebot3_cartographer/share/turtlebot3_cartographer/local_setup.sh
[0.423s] -- Up-to-date symlink: /home/kyle/testWS/install/turtlebot3_cartographer/share/turtlebot3_cartographer/local_setup.zsh
[0.423s] -- Up-to-date symlink: /home/kyle/testWS/install/turtlebot3_cartographer/share/turtlebot3_cartographer/local_setup.dsv
[0.424s] -- Symlinking: /home/kyle/testWS/install/turtlebot3_cartographer/share/turtlebot3_cartographer/package.dsv
[0.428s] -- Up-to-date symlink: /home/kyle/testWS/install/turtlebot3_cartographer/share/ament_index/resource_index/packages/turtlebot3_cartographer
[0.428s] -- Up-to-date symlink: /home/kyle/testWS/install/turtlebot3_cartographer/share/turtlebot3_cartographer/cmake/turtlebot3_cartographerConfig.cmake
[0.428s] -- Up-to-date symlink: /home/kyle/testWS/install/turtlebot3_cartographer/share/turtlebot3_cartographer/cmake/turtlebot3_cartographerConfig-version.cmake
[0.428s] -- Up-to-date symlink: /home/kyle/testWS/install/turtlebot3_cartographer/share/turtlebot3_cartographer/package.xml
[0.430s] Invoked command in '/home/kyle/testWS/build/turtlebot3_cartographer' returned '0': CMAKE_PREFIX_PATH=${CMAKE_PREFIX_PATH}:/home/kyle/testWS/install/turtlebot3_teleop:/home/kyle/testWS/install/turtlebot3_example:/home/kyle/testWS/install/tb_control:/opt/ros/galactic /usr/bin/cmake --install /home/kyle/testWS/build/turtlebot3_cartographer
