[0.030s] Invoking command in '/home/kyle/testWS/build/dynamixel_sdk': CMAKE_PREFIX_PATH=/opt/ros/galactic /usr/bin/cmake /home/kyle/testWS/src/utils/DynamixelSDK/dynamixel_sdk -DAMENT_CMAKE_SYMLINK_INSTALL=1 -DCMAKE_INSTALL_PREFIX=/home/kyle/testWS/install/dynamixel_sdk
[0.193s] -- The C compiler identification is GNU 9.4.0
[0.261s] -- The CXX compiler identification is GNU 9.4.0
[0.265s] -- Check for working C compiler: /usr/bin/cc
[0.315s] -- Check for working C compiler: /usr/bin/cc -- works
[0.315s] -- Detecting C compiler ABI info
[0.364s] -- Detecting C compiler ABI info - done
[0.376s] -- Detecting C compile features
[0.376s] -- Detecting C compile features - done
[0.379s] -- Check for working CXX compiler: /usr/bin/c++
[0.433s] -- Check for working CXX compiler: /usr/bin/c++ -- works
[0.434s] -- Detecting CXX compiler ABI info
[0.488s] -- Detecting CXX compiler ABI info - done
[0.495s] -- Detecting CXX compile features
[0.495s] -- Detecting CXX compile features - done
[0.496s] -- Found ament_cmake: 1.1.6 (/opt/ros/galactic/share/ament_cmake/cmake)
[0.512s] -- Found PythonInterp: /usr/bin/python3 (found suitable version "3.8.10", minimum required is "3") 
[0.513s] -- Using PYTHON_EXECUTABLE: /usr/bin/python3
[0.551s] -- Override CMake install command with custom implementation using symlinks instead of copying resources
[0.621s] -- Configuring done
[0.625s] -- Generating done
[0.625s] -- Build files have been written to: /home/kyle/testWS/build/dynamixel_sdk
[0.628s] Invoked command in '/home/kyle/testWS/build/dynamixel_sdk' returned '0': CMAKE_PREFIX_PATH=/opt/ros/galactic /usr/bin/cmake /home/kyle/testWS/src/utils/DynamixelSDK/dynamixel_sdk -DAMENT_CMAKE_SYMLINK_INSTALL=1 -DCMAKE_INSTALL_PREFIX=/home/kyle/testWS/install/dynamixel_sdk
[0.631s] Invoking command in '/home/kyle/testWS/build/dynamixel_sdk': CMAKE_PREFIX_PATH=/opt/ros/galactic /usr/bin/cmake --build /home/kyle/testWS/build/dynamixel_sdk -- -j16 -l16
[0.657s] [35m[1mScanning dependencies of target dynamixel_sdk[0m
[0.672s] [ 20%] [32mBuilding CXX object CMakeFiles/dynamixel_sdk.dir/src/dynamixel_sdk/protocol2_packet_handler.cpp.o[0m
[0.672s] [ 20%] [32mBuilding CXX object CMakeFiles/dynamixel_sdk.dir/src/dynamixel_sdk/protocol1_packet_handler.cpp.o[0m
[0.672s] [ 40%] [32mBuilding CXX object CMakeFiles/dynamixel_sdk.dir/src/dynamixel_sdk/group_sync_read.cpp.o[0m
[0.672s] [ 40%] [32mBuilding CXX object CMakeFiles/dynamixel_sdk.dir/src/dynamixel_sdk/group_sync_write.cpp.o[0m
[0.672s] [ 50%] [32mBuilding CXX object CMakeFiles/dynamixel_sdk.dir/src/dynamixel_sdk/group_bulk_read.cpp.o[0m
[0.672s] [ 60%] [32mBuilding CXX object CMakeFiles/dynamixel_sdk.dir/src/dynamixel_sdk/packet_handler.cpp.o[0m
[0.672s] [ 70%] [32mBuilding CXX object CMakeFiles/dynamixel_sdk.dir/src/dynamixel_sdk/port_handler.cpp.o[0m
[0.672s] [ 80%] [32mBuilding CXX object CMakeFiles/dynamixel_sdk.dir/src/dynamixel_sdk/port_handler_linux.cpp.o[0m
[0.673s] [ 90%] [32mBuilding CXX object CMakeFiles/dynamixel_sdk.dir/src/dynamixel_sdk/group_bulk_write.cpp.o[0m
[1.115s] [100%] [32m[1mLinking CXX shared library libdynamixel_sdk.so[0m
[1.172s] [100%] Built target dynamixel_sdk
[1.180s] Invoked command in '/home/kyle/testWS/build/dynamixel_sdk' returned '0': CMAKE_PREFIX_PATH=/opt/ros/galactic /usr/bin/cmake --build /home/kyle/testWS/build/dynamixel_sdk -- -j16 -l16
[1.211s] Invoking command in '/home/kyle/testWS/build/dynamixel_sdk': CMAKE_PREFIX_PATH=/opt/ros/galactic /usr/bin/cmake --install /home/kyle/testWS/build/dynamixel_sdk
[1.217s] -- Install configuration: ""
[1.218s] -- Execute custom install script
[1.218s] -- Symlinking: /home/kyle/testWS/install/dynamixel_sdk/include//dynamixel_sdk/dynamixel_sdk.h
[1.225s] -- Symlinking: /home/kyle/testWS/install/dynamixel_sdk/include//dynamixel_sdk/group_bulk_read.h
[1.232s] -- Symlinking: /home/kyle/testWS/install/dynamixel_sdk/include//dynamixel_sdk/group_bulk_write.h
[1.239s] -- Symlinking: /home/kyle/testWS/install/dynamixel_sdk/include//dynamixel_sdk/group_sync_read.h
[1.244s] -- Symlinking: /home/kyle/testWS/install/dynamixel_sdk/include//dynamixel_sdk/group_sync_write.h
[1.251s] -- Symlinking: /home/kyle/testWS/install/dynamixel_sdk/include//dynamixel_sdk/packet_handler.h
[1.259s] -- Symlinking: /home/kyle/testWS/install/dynamixel_sdk/include//dynamixel_sdk/port_handler.h
[1.266s] -- Symlinking: /home/kyle/testWS/install/dynamixel_sdk/include//dynamixel_sdk/port_handler_arduino.h
[1.272s] -- Symlinking: /home/kyle/testWS/install/dynamixel_sdk/include//dynamixel_sdk/port_handler_linux.h
[1.278s] -- Symlinking: /home/kyle/testWS/install/dynamixel_sdk/include//dynamixel_sdk/port_handler_mac.h
[1.284s] -- Symlinking: /home/kyle/testWS/install/dynamixel_sdk/include//dynamixel_sdk/port_handler_windows.h
[1.291s] -- Symlinking: /home/kyle/testWS/install/dynamixel_sdk/include//dynamixel_sdk/protocol1_packet_handler.h
[1.297s] -- Symlinking: /home/kyle/testWS/install/dynamixel_sdk/include//dynamixel_sdk/protocol2_packet_handler.h
[1.304s] -- Symlinking: /home/kyle/testWS/install/dynamixel_sdk/lib/libdynamixel_sdk.so
[1.311s] -- Symlinking: /home/kyle/testWS/install/dynamixel_sdk/share/dynamixel_sdk/environment/library_path.sh
[1.320s] -- Symlinking: /home/kyle/testWS/install/dynamixel_sdk/share/dynamixel_sdk/environment/library_path.dsv
[1.325s] -- Symlinking: /home/kyle/testWS/install/dynamixel_sdk/share/ament_index/resource_index/package_run_dependencies/dynamixel_sdk
[1.332s] -- Symlinking: /home/kyle/testWS/install/dynamixel_sdk/share/ament_index/resource_index/parent_prefix_path/dynamixel_sdk
[1.339s] -- Symlinking: /home/kyle/testWS/install/dynamixel_sdk/share/dynamixel_sdk/environment/ament_prefix_path.sh
[1.346s] -- Symlinking: /home/kyle/testWS/install/dynamixel_sdk/share/dynamixel_sdk/environment/ament_prefix_path.dsv
[1.353s] -- Symlinking: /home/kyle/testWS/install/dynamixel_sdk/share/dynamixel_sdk/environment/path.sh
[1.359s] -- Symlinking: /home/kyle/testWS/install/dynamixel_sdk/share/dynamixel_sdk/environment/path.dsv
[1.367s] -- Symlinking: /home/kyle/testWS/install/dynamixel_sdk/share/dynamixel_sdk/local_setup.bash
[1.372s] -- Symlinking: /home/kyle/testWS/install/dynamixel_sdk/share/dynamixel_sdk/local_setup.sh
[1.379s] -- Symlinking: /home/kyle/testWS/install/dynamixel_sdk/share/dynamixel_sdk/local_setup.zsh
[1.387s] -- Symlinking: /home/kyle/testWS/install/dynamixel_sdk/share/dynamixel_sdk/local_setup.dsv
[1.394s] -- Symlinking: /home/kyle/testWS/install/dynamixel_sdk/share/dynamixel_sdk/package.dsv
[1.400s] -- Symlinking: /home/kyle/testWS/install/dynamixel_sdk/share/ament_index/resource_index/packages/dynamixel_sdk
[1.406s] -- Symlinking: /home/kyle/testWS/install/dynamixel_sdk/share/dynamixel_sdk/cmake/ament_cmake_export_include_directories-extras.cmake
[1.413s] -- Symlinking: /home/kyle/testWS/install/dynamixel_sdk/share/dynamixel_sdk/cmake/ament_cmake_export_libraries-extras.cmake
[1.422s] -- Symlinking: /home/kyle/testWS/install/dynamixel_sdk/share/dynamixel_sdk/cmake/dynamixel_sdkConfig.cmake
[1.430s] -- Symlinking: /home/kyle/testWS/install/dynamixel_sdk/share/dynamixel_sdk/cmake/dynamixel_sdkConfig-version.cmake
[1.436s] -- Symlinking: /home/kyle/testWS/install/dynamixel_sdk/share/dynamixel_sdk/package.xml
[1.447s] Invoked command in '/home/kyle/testWS/build/dynamixel_sdk' returned '0': CMAKE_PREFIX_PATH=/opt/ros/galactic /usr/bin/cmake --install /home/kyle/testWS/build/dynamixel_sdk
