[0.402s] Invoking command in '/home/kyle/testWS/src/tb_control': PYTHONPATH=/home/kyle/testWS/build/tb_control/prefix_override:/usr/lib/python3/dist-packages/colcon_core/task/python/colcon_distutils_commands:/home/kyle/testWS/install/tb_control/lib/python3.8/site-packages:${PYTHONPATH} /usr/bin/python3 -W ignore:setup.py install is deprecated setup.py egg_info --egg-base ../../build/tb_control build --build-base /home/kyle/testWS/build/tb_control/build install --record /home/kyle/testWS/build/tb_control/install.log --single-version-externally-managed install_data
[0.541s] running egg_info
[0.541s] writing ../../build/tb_control/tb_control.egg-info/PKG-INFO
[0.541s] writing dependency_links to ../../build/tb_control/tb_control.egg-info/dependency_links.txt
[0.541s] writing entry points to ../../build/tb_control/tb_control.egg-info/entry_points.txt
[0.541s] writing requirements to ../../build/tb_control/tb_control.egg-info/requires.txt
[0.541s] writing top-level names to ../../build/tb_control/tb_control.egg-info/top_level.txt
[0.561s] reading manifest file '../../build/tb_control/tb_control.egg-info/SOURCES.txt'
[0.561s] writing manifest file '../../build/tb_control/tb_control.egg-info/SOURCES.txt'
[0.561s] running build
[0.562s] running build_py
[0.562s] copying tb_control/tb_openLoop.py -> /home/kyle/testWS/build/tb_control/build/lib/tb_control
[0.562s] running install
[0.562s] running install_lib
[0.563s] copying /home/kyle/testWS/build/tb_control/build/lib/tb_control/tb_openLoop.py -> /home/kyle/testWS/install/tb_control/lib/python3.8/site-packages/tb_control
[0.563s] byte-compiling /home/kyle/testWS/install/tb_control/lib/python3.8/site-packages/tb_control/tb_openLoop.py to tb_openLoop.cpython-38.pyc
[0.564s] running install_data
[0.564s] running install_egg_info
[0.565s] removing '/home/kyle/testWS/install/tb_control/lib/python3.8/site-packages/tb_control-0.0.0-py3.8.egg-info' (and everything under it)
[0.565s] Copying ../../build/tb_control/tb_control.egg-info to /home/kyle/testWS/install/tb_control/lib/python3.8/site-packages/tb_control-0.0.0-py3.8.egg-info
[0.565s] running install_scripts
[0.575s] Installing tb_openLoop script to /home/kyle/testWS/install/tb_control/lib/tb_control
[0.575s] writing list of installed files to '/home/kyle/testWS/build/tb_control/install.log'
[0.585s] Invoked command in '/home/kyle/testWS/src/tb_control' returned '0': PYTHONPATH=/home/kyle/testWS/build/tb_control/prefix_override:/usr/lib/python3/dist-packages/colcon_core/task/python/colcon_distutils_commands:/home/kyle/testWS/install/tb_control/lib/python3.8/site-packages:${PYTHONPATH} /usr/bin/python3 -W ignore:setup.py install is deprecated setup.py egg_info --egg-base ../../build/tb_control build --build-base /home/kyle/testWS/build/tb_control/build install --record /home/kyle/testWS/build/tb_control/install.log --single-version-externally-managed install_data
