[0.449s] Invoking command in '/home/kyle/testWS/build/turtlebot3_example': AMENT_PREFIX_PATH=/home/kyle/testWS/install/turtlebot3_msgs:${AMENT_PREFIX_PATH} CMAKE_PREFIX_PATH=/home/kyle/testWS/install/turtlebot3_msgs LD_LIBRARY_PATH=/home/kyle/testWS/install/turtlebot3_msgs/lib:${LD_LIBRARY_PATH} PYTHONPATH=/home/kyle/testWS/build/turtlebot3_example/prefix_override:/usr/lib/python3/dist-packages/colcon_core/task/python/colcon_distutils_commands:/home/kyle/testWS/install/turtlebot3_example/lib/python3.8/site-packages:/home/kyle/testWS/install/turtlebot3_msgs/lib/python3.8/site-packages:${PYTHONPATH} /usr/bin/python3 -W ignore:setup.py install is deprecated setup.py develop --editable --build-directory /home/kyle/testWS/build/turtlebot3_example/build --no-deps symlink_data
[0.599s] running develop
[0.688s] running egg_info
[0.688s] creating turtlebot3_example.egg-info
[0.688s] writing turtlebot3_example.egg-info/PKG-INFO
[0.688s] writing dependency_links to turtlebot3_example.egg-info/dependency_links.txt
[0.688s] writing entry points to turtlebot3_example.egg-info/entry_points.txt
[0.688s] writing requirements to turtlebot3_example.egg-info/requires.txt
[0.688s] writing top-level names to turtlebot3_example.egg-info/top_level.txt
[0.689s] writing manifest file 'turtlebot3_example.egg-info/SOURCES.txt'
[0.709s] reading manifest file 'turtlebot3_example.egg-info/SOURCES.txt'
[0.709s] writing manifest file 'turtlebot3_example.egg-info/SOURCES.txt'
[0.732s] running build_ext
[0.732s] Creating /home/kyle/testWS/install/turtlebot3_example/lib/python3.8/site-packages/site.py
[0.734s] Creating /home/kyle/testWS/install/turtlebot3_example/lib/python3.8/site-packages/turtlebot3-example.egg-link (link to .)
[0.734s] Installing turtlebot3_obstacle_detection script to /home/kyle/testWS/install/turtlebot3_example/lib/turtlebot3_example
[0.734s] Installing turtlebot3_patrol_client script to /home/kyle/testWS/install/turtlebot3_example/lib/turtlebot3_example
[0.734s] Installing turtlebot3_patrol_server script to /home/kyle/testWS/install/turtlebot3_example/lib/turtlebot3_example
[0.735s] Installing turtlebot3_position_control script to /home/kyle/testWS/install/turtlebot3_example/lib/turtlebot3_example
[0.735s] 
[0.735s] Installed /home/kyle/testWS/build/turtlebot3_example
[0.735s] running symlink_data
[0.735s] creating /home/kyle/testWS/install/turtlebot3_example/share/ament_index
[0.735s] creating /home/kyle/testWS/install/turtlebot3_example/share/ament_index/resource_index
[0.735s] creating /home/kyle/testWS/install/turtlebot3_example/share/ament_index/resource_index/packages
[0.735s] symbolically linking /home/kyle/testWS/build/turtlebot3_example/resource/turtlebot3_example -> /home/kyle/testWS/install/turtlebot3_example/share/ament_index/resource_index/packages
[0.735s] symbolically linking /home/kyle/testWS/build/turtlebot3_example/package.xml -> /home/kyle/testWS/install/turtlebot3_example/share/turtlebot3_example
[0.755s] Invoked command in '/home/kyle/testWS/build/turtlebot3_example' returned '0': AMENT_PREFIX_PATH=/home/kyle/testWS/install/turtlebot3_msgs:${AMENT_PREFIX_PATH} CMAKE_PREFIX_PATH=/home/kyle/testWS/install/turtlebot3_msgs LD_LIBRARY_PATH=/home/kyle/testWS/install/turtlebot3_msgs/lib:${LD_LIBRARY_PATH} PYTHONPATH=/home/kyle/testWS/build/turtlebot3_example/prefix_override:/usr/lib/python3/dist-packages/colcon_core/task/python/colcon_distutils_commands:/home/kyle/testWS/install/turtlebot3_example/lib/python3.8/site-packages:/home/kyle/testWS/install/turtlebot3_msgs/lib/python3.8/site-packages:${PYTHONPATH} /usr/bin/python3 -W ignore:setup.py install is deprecated setup.py develop --editable --build-directory /home/kyle/testWS/build/turtlebot3_example/build --no-deps symlink_data
