[0.172s] Invoking command in '/home/kyle/testWS/build/turtlebot3_fake_node': CMAKE_PREFIX_PATH=/home/kyle/testWS/install/turtlebot3_msgs:/home/kyle/testWS/install/turtlebot3:/home/kyle/testWS/install/turtlebot3_simulations:/home/kyle/testWS/install/turtlebot3_bringup:/home/kyle/testWS/install/turtlebot3_node:/home/kyle/testWS/install/turtlebot3_navigation2:/home/kyle/testWS/install/turtlebot3_fake_node:/home/kyle/testWS/install/turtlebot3_gazebo:/home/kyle/testWS/install/turtlebot3_description:/home/kyle/testWS/install/turtlebot3_cartographer:/home/kyle/testWS/install/hls_lfcd_lds_driver:/home/kyle/testWS/install/dynamixel_sdk_examples:/home/kyle/testWS/install/dynamixel_sdk_custom_interfaces:/home/kyle/testWS/install/dynamixel_sdk:/home/kyle/testWS/install/turtlebot3_teleop:/home/kyle/testWS/install/turtlebot3_example:/opt/ros/galactic PYTHONPATH=/home/kyle/testWS/install/turtlebot3_msgs/lib/python3.8/site-packages:/home/kyle/testWS/build/turtlebot3_teleop:/home/kyle/testWS/install/turtlebot3_teleop/lib/python3.8/site-packages:/home/kyle/testWS/build/turtlebot3_example:/home/kyle/testWS/install/turtlebot3_example/lib/python3.8/site-packages:/home/kyle/testWS/install/dynamixel_sdk_custom_interfaces/lib/python3.8/site-packages:/opt/ros/galactic/lib/python3.8/site-packages /usr/bin/cmake /home/kyle/testWS/src/turtlebot3/turtlebot3_simulations/turtlebot3_fake_node -DCMAKE_INSTALL_PREFIX=/home/kyle/testWS/install/turtlebot3_fake_node
[0.184s] -- Found ament_cmake: 1.1.6 (/opt/ros/galactic/share/ament_cmake/cmake)
[0.205s] -- Using PYTHON_EXECUTABLE: /usr/bin/python3
[0.245s] -- Override CMake install command with custom implementation using symlinks instead of copying resources
[0.251s] -- Found geometry_msgs: 2.2.4 (/opt/ros/galactic/share/geometry_msgs/cmake)
[0.266s] -- Using all available rosidl_typesupport_c: rosidl_typesupport_fastrtps_c;rosidl_typesupport_introspection_c
[0.268s] -- Found rosidl_adapter: 2.2.3 (/opt/ros/galactic/share/rosidl_adapter/cmake)
[0.365s] -- Using all available rosidl_typesupport_cpp: rosidl_typesupport_fastrtps_cpp;rosidl_typesupport_introspection_cpp
[0.415s] -- Found nav_msgs: 2.2.4 (/opt/ros/galactic/share/nav_msgs/cmake)
[0.458s] -- Found rclcpp: 9.2.2 (/opt/ros/galactic/share/rclcpp/cmake)
[0.485s] -- Found rmw_implementation_cmake: 3.3.1 (/opt/ros/galactic/share/rmw_implementation_cmake/cmake)
[0.486s] -- Found rmw_cyclonedds_cpp: 0.22.6 (/opt/ros/galactic/share/rmw_cyclonedds_cpp/cmake)
[0.497s] -- Using RMW implementation 'rmw_cyclonedds_cpp' as default
[0.578s] -- Found sensor_msgs: 2.2.4 (/opt/ros/galactic/share/sensor_msgs/cmake)
[0.621s] -- Found tf2: 0.17.5 (/opt/ros/galactic/share/tf2/cmake)
[0.627s] -- Found tf2_msgs: 0.17.5 (/opt/ros/galactic/share/tf2_msgs/cmake)
[0.739s] -- Found turtlebot3_msgs: 2.2.1 (/home/kyle/testWS/install/turtlebot3_msgs/share/turtlebot3_msgs/cmake)
[0.843s] -- Configuring done
[0.853s] -- Generating done
[0.854s] -- Build files have been written to: /home/kyle/testWS/build/turtlebot3_fake_node
[0.860s] Invoked command in '/home/kyle/testWS/build/turtlebot3_fake_node' returned '0': CMAKE_PREFIX_PATH=/home/kyle/testWS/install/turtlebot3_msgs:/home/kyle/testWS/install/turtlebot3:/home/kyle/testWS/install/turtlebot3_simulations:/home/kyle/testWS/install/turtlebot3_bringup:/home/kyle/testWS/install/turtlebot3_node:/home/kyle/testWS/install/turtlebot3_navigation2:/home/kyle/testWS/install/turtlebot3_fake_node:/home/kyle/testWS/install/turtlebot3_gazebo:/home/kyle/testWS/install/turtlebot3_description:/home/kyle/testWS/install/turtlebot3_cartographer:/home/kyle/testWS/install/hls_lfcd_lds_driver:/home/kyle/testWS/install/dynamixel_sdk_examples:/home/kyle/testWS/install/dynamixel_sdk_custom_interfaces:/home/kyle/testWS/install/dynamixel_sdk:/home/kyle/testWS/install/turtlebot3_teleop:/home/kyle/testWS/install/turtlebot3_example:/opt/ros/galactic PYTHONPATH=/home/kyle/testWS/install/turtlebot3_msgs/lib/python3.8/site-packages:/home/kyle/testWS/build/turtlebot3_teleop:/home/kyle/testWS/install/turtlebot3_teleop/lib/python3.8/site-packages:/home/kyle/testWS/build/turtlebot3_example:/home/kyle/testWS/install/turtlebot3_example/lib/python3.8/site-packages:/home/kyle/testWS/install/dynamixel_sdk_custom_interfaces/lib/python3.8/site-packages:/opt/ros/galactic/lib/python3.8/site-packages /usr/bin/cmake /home/kyle/testWS/src/turtlebot3/turtlebot3_simulations/turtlebot3_fake_node -DCMAKE_INSTALL_PREFIX=/home/kyle/testWS/install/turtlebot3_fake_node
[0.862s] Invoking command in '/home/kyle/testWS/build/turtlebot3_fake_node': CMAKE_PREFIX_PATH=/home/kyle/testWS/install/turtlebot3_msgs:/home/kyle/testWS/install/turtlebot3:/home/kyle/testWS/install/turtlebot3_simulations:/home/kyle/testWS/install/turtlebot3_bringup:/home/kyle/testWS/install/turtlebot3_node:/home/kyle/testWS/install/turtlebot3_navigation2:/home/kyle/testWS/install/turtlebot3_fake_node:/home/kyle/testWS/install/turtlebot3_gazebo:/home/kyle/testWS/install/turtlebot3_description:/home/kyle/testWS/install/turtlebot3_cartographer:/home/kyle/testWS/install/hls_lfcd_lds_driver:/home/kyle/testWS/install/dynamixel_sdk_examples:/home/kyle/testWS/install/dynamixel_sdk_custom_interfaces:/home/kyle/testWS/install/dynamixel_sdk:/home/kyle/testWS/install/turtlebot3_teleop:/home/kyle/testWS/install/turtlebot3_example:/opt/ros/galactic PYTHONPATH=/home/kyle/testWS/install/turtlebot3_msgs/lib/python3.8/site-packages:/home/kyle/testWS/build/turtlebot3_teleop:/home/kyle/testWS/install/turtlebot3_teleop/lib/python3.8/site-packages:/home/kyle/testWS/build/turtlebot3_example:/home/kyle/testWS/install/turtlebot3_example/lib/python3.8/site-packages:/home/kyle/testWS/install/dynamixel_sdk_custom_interfaces/lib/python3.8/site-packages:/opt/ros/galactic/lib/python3.8/site-packages /usr/bin/cmake --build /home/kyle/testWS/build/turtlebot3_fake_node -- -j16 -l16
[0.917s] [100%] Built target turtlebot3_fake_node
[0.925s] Invoked command in '/home/kyle/testWS/build/turtlebot3_fake_node' returned '0': CMAKE_PREFIX_PATH=/home/kyle/testWS/install/turtlebot3_msgs:/home/kyle/testWS/install/turtlebot3:/home/kyle/testWS/install/turtlebot3_simulations:/home/kyle/testWS/install/turtlebot3_bringup:/home/kyle/testWS/install/turtlebot3_node:/home/kyle/testWS/install/turtlebot3_navigation2:/home/kyle/testWS/install/turtlebot3_fake_node:/home/kyle/testWS/install/turtlebot3_gazebo:/home/kyle/testWS/install/turtlebot3_description:/home/kyle/testWS/install/turtlebot3_cartographer:/home/kyle/testWS/install/hls_lfcd_lds_driver:/home/kyle/testWS/install/dynamixel_sdk_examples:/home/kyle/testWS/install/dynamixel_sdk_custom_interfaces:/home/kyle/testWS/install/dynamixel_sdk:/home/kyle/testWS/install/turtlebot3_teleop:/home/kyle/testWS/install/turtlebot3_example:/opt/ros/galactic PYTHONPATH=/home/kyle/testWS/install/turtlebot3_msgs/lib/python3.8/site-packages:/home/kyle/testWS/build/turtlebot3_teleop:/home/kyle/testWS/install/turtlebot3_teleop/lib/python3.8/site-packages:/home/kyle/testWS/build/turtlebot3_example:/home/kyle/testWS/install/turtlebot3_example/lib/python3.8/site-packages:/home/kyle/testWS/install/dynamixel_sdk_custom_interfaces/lib/python3.8/site-packages:/opt/ros/galactic/lib/python3.8/site-packages /usr/bin/cmake --build /home/kyle/testWS/build/turtlebot3_fake_node -- -j16 -l16
[0.948s] Invoking command in '/home/kyle/testWS/build/turtlebot3_fake_node': CMAKE_PREFIX_PATH=/home/kyle/testWS/install/turtlebot3_msgs:/home/kyle/testWS/install/turtlebot3:/home/kyle/testWS/install/turtlebot3_simulations:/home/kyle/testWS/install/turtlebot3_bringup:/home/kyle/testWS/install/turtlebot3_node:/home/kyle/testWS/install/turtlebot3_navigation2:/home/kyle/testWS/install/turtlebot3_fake_node:/home/kyle/testWS/install/turtlebot3_gazebo:/home/kyle/testWS/install/turtlebot3_description:/home/kyle/testWS/install/turtlebot3_cartographer:/home/kyle/testWS/install/hls_lfcd_lds_driver:/home/kyle/testWS/install/dynamixel_sdk_examples:/home/kyle/testWS/install/dynamixel_sdk_custom_interfaces:/home/kyle/testWS/install/dynamixel_sdk:/home/kyle/testWS/install/turtlebot3_teleop:/home/kyle/testWS/install/turtlebot3_example:/opt/ros/galactic PYTHONPATH=/home/kyle/testWS/install/turtlebot3_msgs/lib/python3.8/site-packages:/home/kyle/testWS/build/turtlebot3_teleop:/home/kyle/testWS/install/turtlebot3_teleop/lib/python3.8/site-packages:/home/kyle/testWS/build/turtlebot3_example:/home/kyle/testWS/install/turtlebot3_example/lib/python3.8/site-packages:/home/kyle/testWS/install/dynamixel_sdk_custom_interfaces/lib/python3.8/site-packages:/opt/ros/galactic/lib/python3.8/site-packages /usr/bin/cmake --install /home/kyle/testWS/build/turtlebot3_fake_node
[0.955s] -- Install configuration: ""
[0.956s] -- Execute custom install script
[0.956s] -- Up-to-date symlink: /home/kyle/testWS/install/turtlebot3_fake_node/lib/turtlebot3_fake_node/turtlebot3_fake_node
[0.957s] -- Up-to-date symlink: /home/kyle/testWS/install/turtlebot3_fake_node/share/turtlebot3_fake_node/launch/rviz2.launch.py
[0.957s] -- Up-to-date symlink: /home/kyle/testWS/install/turtlebot3_fake_node/share/turtlebot3_fake_node/launch/turtlebot3_fake_node.launch.py
[0.957s] -- Up-to-date symlink: /home/kyle/testWS/install/turtlebot3_fake_node/share/turtlebot3_fake_node/param/burger.yaml
[0.957s] -- Up-to-date symlink: /home/kyle/testWS/install/turtlebot3_fake_node/share/turtlebot3_fake_node/param/waffle.yaml
[0.957s] -- Up-to-date symlink: /home/kyle/testWS/install/turtlebot3_fake_node/share/turtlebot3_fake_node/param/waffle_pi.yaml
[0.958s] -- Up-to-date symlink: /home/kyle/testWS/install/turtlebot3_fake_node/share/turtlebot3_fake_node/rviz/model.rviz
[0.958s] -- Up-to-date symlink: /home/kyle/testWS/install/turtlebot3_fake_node/include//turtlebot3_fake_node/turtlebot3_fake_node.hpp
[0.958s] -- Up-to-date symlink: /home/kyle/testWS/install/turtlebot3_fake_node/share/ament_index/resource_index/package_run_dependencies/turtlebot3_fake_node
[0.959s] -- Up-to-date symlink: /home/kyle/testWS/install/turtlebot3_fake_node/share/ament_index/resource_index/parent_prefix_path/turtlebot3_fake_node
[0.959s] -- Up-to-date symlink: /home/kyle/testWS/install/turtlebot3_fake_node/share/turtlebot3_fake_node/environment/ament_prefix_path.sh
[0.959s] -- Up-to-date symlink: /home/kyle/testWS/install/turtlebot3_fake_node/share/turtlebot3_fake_node/environment/ament_prefix_path.dsv
[0.959s] -- Up-to-date symlink: /home/kyle/testWS/install/turtlebot3_fake_node/share/turtlebot3_fake_node/environment/path.sh
[0.959s] -- Up-to-date symlink: /home/kyle/testWS/install/turtlebot3_fake_node/share/turtlebot3_fake_node/environment/path.dsv
[0.960s] -- Up-to-date symlink: /home/kyle/testWS/install/turtlebot3_fake_node/share/turtlebot3_fake_node/local_setup.bash
[0.960s] -- Up-to-date symlink: /home/kyle/testWS/install/turtlebot3_fake_node/share/turtlebot3_fake_node/local_setup.sh
[0.960s] -- Up-to-date symlink: /home/kyle/testWS/install/turtlebot3_fake_node/share/turtlebot3_fake_node/local_setup.zsh
[0.960s] -- Up-to-date symlink: /home/kyle/testWS/install/turtlebot3_fake_node/share/turtlebot3_fake_node/local_setup.dsv
[0.960s] -- Symlinking: /home/kyle/testWS/install/turtlebot3_fake_node/share/turtlebot3_fake_node/package.dsv
[0.968s] -- Up-to-date symlink: /home/kyle/testWS/install/turtlebot3_fake_node/share/ament_index/resource_index/packages/turtlebot3_fake_node
[0.968s] -- Up-to-date symlink: /home/kyle/testWS/install/turtlebot3_fake_node/share/turtlebot3_fake_node/cmake/ament_cmake_export_include_directories-extras.cmake
[0.969s] -- Up-to-date symlink: /home/kyle/testWS/install/turtlebot3_fake_node/share/turtlebot3_fake_node/cmake/ament_cmake_export_dependencies-extras.cmake
[0.969s] -- Up-to-date symlink: /home/kyle/testWS/install/turtlebot3_fake_node/share/turtlebot3_fake_node/cmake/turtlebot3_fake_nodeConfig.cmake
[0.969s] -- Up-to-date symlink: /home/kyle/testWS/install/turtlebot3_fake_node/share/turtlebot3_fake_node/cmake/turtlebot3_fake_nodeConfig-version.cmake
[0.969s] -- Up-to-date symlink: /home/kyle/testWS/install/turtlebot3_fake_node/share/turtlebot3_fake_node/package.xml
[0.971s] Invoked command in '/home/kyle/testWS/build/turtlebot3_fake_node' returned '0': CMAKE_PREFIX_PATH=/home/kyle/testWS/install/turtlebot3_msgs:/home/kyle/testWS/install/turtlebot3:/home/kyle/testWS/install/turtlebot3_simulations:/home/kyle/testWS/install/turtlebot3_bringup:/home/kyle/testWS/install/turtlebot3_node:/home/kyle/testWS/install/turtlebot3_navigation2:/home/kyle/testWS/install/turtlebot3_fake_node:/home/kyle/testWS/install/turtlebot3_gazebo:/home/kyle/testWS/install/turtlebot3_description:/home/kyle/testWS/install/turtlebot3_cartographer:/home/kyle/testWS/install/hls_lfcd_lds_driver:/home/kyle/testWS/install/dynamixel_sdk_examples:/home/kyle/testWS/install/dynamixel_sdk_custom_interfaces:/home/kyle/testWS/install/dynamixel_sdk:/home/kyle/testWS/install/turtlebot3_teleop:/home/kyle/testWS/install/turtlebot3_example:/opt/ros/galactic PYTHONPATH=/home/kyle/testWS/install/turtlebot3_msgs/lib/python3.8/site-packages:/home/kyle/testWS/build/turtlebot3_teleop:/home/kyle/testWS/install/turtlebot3_teleop/lib/python3.8/site-packages:/home/kyle/testWS/build/turtlebot3_example:/home/kyle/testWS/install/turtlebot3_example/lib/python3.8/site-packages:/home/kyle/testWS/install/dynamixel_sdk_custom_interfaces/lib/python3.8/site-packages:/opt/ros/galactic/lib/python3.8/site-packages /usr/bin/cmake --install /home/kyle/testWS/build/turtlebot3_fake_node
