[0.031s] Invoking command in '/home/kyle/testWS/build/turtlebot3_cartographer': CMAKE_PREFIX_PATH=/opt/ros/galactic /usr/bin/cmake /home/kyle/testWS/src/turtlebot3/turtlebot3/turtlebot3_cartographer -DAMENT_CMAKE_SYMLINK_INSTALL=1 -DCMAKE_INSTALL_PREFIX=/home/kyle/testWS/install/turtlebot3_cartographer
[0.182s] -- The C compiler identification is GNU 9.4.0
[0.248s] -- The CXX compiler identification is GNU 9.4.0
[0.251s] -- Check for working C compiler: /usr/bin/cc
[0.301s] -- Check for working C compiler: /usr/bin/cc -- works
[0.301s] -- Detecting C compiler ABI info
[0.352s] -- Detecting C compiler ABI info - done
[0.358s] -- Detecting C compile features
[0.359s] -- Detecting C compile features - done
[0.360s] -- Check for working CXX compiler: /usr/bin/c++
[0.417s] -- Check for working CXX compiler: /usr/bin/c++ -- works
[0.417s] -- Detecting CXX compiler ABI info
[0.473s] -- Detecting CXX compiler ABI info - done
[0.481s] -- Detecting CXX compile features
[0.481s] -- Detecting CXX compile features - done
[0.483s] -- Found ament_cmake: 1.1.6 (/opt/ros/galactic/share/ament_cmake/cmake)
[0.499s] -- Found PythonInterp: /usr/bin/python3 (found suitable version "3.8.10", minimum required is "3") 
[0.499s] -- Using PYTHON_EXECUTABLE: /usr/bin/python3
[0.536s] -- Override CMake install command with custom implementation using symlinks instead of copying resources
[0.594s] -- Configuring done
[0.596s] -- Generating done
[0.596s] -- Build files have been written to: /home/kyle/testWS/build/turtlebot3_cartographer
[0.604s] Invoked command in '/home/kyle/testWS/build/turtlebot3_cartographer' returned '0': CMAKE_PREFIX_PATH=/opt/ros/galactic /usr/bin/cmake /home/kyle/testWS/src/turtlebot3/turtlebot3/turtlebot3_cartographer -DAMENT_CMAKE_SYMLINK_INSTALL=1 -DCMAKE_INSTALL_PREFIX=/home/kyle/testWS/install/turtlebot3_cartographer
[0.605s] Invoking command in '/home/kyle/testWS/build/turtlebot3_cartographer': CMAKE_PREFIX_PATH=/opt/ros/galactic /usr/bin/cmake --build /home/kyle/testWS/build/turtlebot3_cartographer -- -j16 -l16
[0.633s] Invoked command in '/home/kyle/testWS/build/turtlebot3_cartographer' returned '0': CMAKE_PREFIX_PATH=/opt/ros/galactic /usr/bin/cmake --build /home/kyle/testWS/build/turtlebot3_cartographer -- -j16 -l16
[0.663s] Invoking command in '/home/kyle/testWS/build/turtlebot3_cartographer': CMAKE_PREFIX_PATH=/opt/ros/galactic /usr/bin/cmake --install /home/kyle/testWS/build/turtlebot3_cartographer
[0.670s] -- Install configuration: ""
[0.672s] -- Execute custom install script
[0.673s] -- Symlinking: /home/kyle/testWS/install/turtlebot3_cartographer/share/turtlebot3_cartographer/config/turtlebot3_lds_2d.lua
[0.679s] -- Symlinking: /home/kyle/testWS/install/turtlebot3_cartographer/share/turtlebot3_cartographer/launch/cartographer.launch.py
[0.686s] -- Symlinking: /home/kyle/testWS/install/turtlebot3_cartographer/share/turtlebot3_cartographer/launch/occupancy_grid.launch.py
[0.694s] -- Symlinking: /home/kyle/testWS/install/turtlebot3_cartographer/share/turtlebot3_cartographer/rviz/tb3_cartographer.rviz
[0.702s] -- Symlinking: /home/kyle/testWS/install/turtlebot3_cartographer/share/ament_index/resource_index/package_run_dependencies/turtlebot3_cartographer
[0.711s] -- Symlinking: /home/kyle/testWS/install/turtlebot3_cartographer/share/ament_index/resource_index/parent_prefix_path/turtlebot3_cartographer
[0.719s] -- Symlinking: /home/kyle/testWS/install/turtlebot3_cartographer/share/turtlebot3_cartographer/environment/ament_prefix_path.sh
[0.728s] -- Symlinking: /home/kyle/testWS/install/turtlebot3_cartographer/share/turtlebot3_cartographer/environment/ament_prefix_path.dsv
[0.736s] -- Symlinking: /home/kyle/testWS/install/turtlebot3_cartographer/share/turtlebot3_cartographer/environment/path.sh
[0.743s] -- Symlinking: /home/kyle/testWS/install/turtlebot3_cartographer/share/turtlebot3_cartographer/environment/path.dsv
[0.750s] -- Symlinking: /home/kyle/testWS/install/turtlebot3_cartographer/share/turtlebot3_cartographer/local_setup.bash
[0.759s] -- Symlinking: /home/kyle/testWS/install/turtlebot3_cartographer/share/turtlebot3_cartographer/local_setup.sh
[0.768s] -- Symlinking: /home/kyle/testWS/install/turtlebot3_cartographer/share/turtlebot3_cartographer/local_setup.zsh
[0.777s] -- Symlinking: /home/kyle/testWS/install/turtlebot3_cartographer/share/turtlebot3_cartographer/local_setup.dsv
[0.786s] -- Symlinking: /home/kyle/testWS/install/turtlebot3_cartographer/share/turtlebot3_cartographer/package.dsv
[0.795s] -- Symlinking: /home/kyle/testWS/install/turtlebot3_cartographer/share/ament_index/resource_index/packages/turtlebot3_cartographer
[0.801s] -- Symlinking: /home/kyle/testWS/install/turtlebot3_cartographer/share/turtlebot3_cartographer/cmake/turtlebot3_cartographerConfig.cmake
[0.809s] -- Symlinking: /home/kyle/testWS/install/turtlebot3_cartographer/share/turtlebot3_cartographer/cmake/turtlebot3_cartographerConfig-version.cmake
[0.818s] -- Symlinking: /home/kyle/testWS/install/turtlebot3_cartographer/share/turtlebot3_cartographer/package.xml
[0.829s] Invoked command in '/home/kyle/testWS/build/turtlebot3_cartographer' returned '0': CMAKE_PREFIX_PATH=/opt/ros/galactic /usr/bin/cmake --install /home/kyle/testWS/build/turtlebot3_cartographer
