[0.037s] Invoking command in '/home/kyle/testWS/build/turtlebot3_navigation2': CMAKE_PREFIX_PATH=${CMAKE_PREFIX_PATH}:/home/kyle/testWS/install/turtlebot3_teleop:/home/kyle/testWS/install/turtlebot3_example:/home/kyle/testWS/install/tb_control:/opt/ros/galactic /usr/bin/cmake --build /home/kyle/testWS/build/turtlebot3_navigation2 -- -j16 -l16
[0.383s] Invoked command in '/home/kyle/testWS/build/turtlebot3_navigation2' returned '0': CMAKE_PREFIX_PATH=${CMAKE_PREFIX_PATH}:/home/kyle/testWS/install/turtlebot3_teleop:/home/kyle/testWS/install/turtlebot3_example:/home/kyle/testWS/install/tb_control:/opt/ros/galactic /usr/bin/cmake --build /home/kyle/testWS/build/turtlebot3_navigation2 -- -j16 -l16
[0.419s] Invoking command in '/home/kyle/testWS/build/turtlebot3_navigation2': CMAKE_PREFIX_PATH=${CMAKE_PREFIX_PATH}:/home/kyle/testWS/install/turtlebot3_teleop:/home/kyle/testWS/install/turtlebot3_example:/home/kyle/testWS/install/tb_control:/opt/ros/galactic /usr/bin/cmake --install /home/kyle/testWS/build/turtlebot3_navigation2
[0.425s] -- Install configuration: ""
[0.426s] -- Execute custom install script
[0.426s] -- Up-to-date symlink: /home/kyle/testWS/install/turtlebot3_navigation2/share/turtlebot3_navigation2/launch/navigation2.launch.py
[0.426s] -- Up-to-date symlink: /home/kyle/testWS/install/turtlebot3_navigation2/share/turtlebot3_navigation2/map/turtlebot3_world.pgm
[0.426s] -- Up-to-date symlink: /home/kyle/testWS/install/turtlebot3_navigation2/share/turtlebot3_navigation2/map/turtlebot3_world.yaml
[0.427s] -- Up-to-date symlink: /home/kyle/testWS/install/turtlebot3_navigation2/share/turtlebot3_navigation2/param/burger.yaml
[0.427s] -- Up-to-date symlink: /home/kyle/testWS/install/turtlebot3_navigation2/share/turtlebot3_navigation2/param/waffle.yaml
[0.427s] -- Up-to-date symlink: /home/kyle/testWS/install/turtlebot3_navigation2/share/turtlebot3_navigation2/param/waffle_pi.yaml
[0.427s] -- Up-to-date symlink: /home/kyle/testWS/install/turtlebot3_navigation2/share/turtlebot3_navigation2/rviz/tb3_navigation2.rviz
[0.427s] -- Up-to-date symlink: /home/kyle/testWS/install/turtlebot3_navigation2/share/ament_index/resource_index/package_run_dependencies/turtlebot3_navigation2
[0.427s] -- Up-to-date symlink: /home/kyle/testWS/install/turtlebot3_navigation2/share/ament_index/resource_index/parent_prefix_path/turtlebot3_navigation2
[0.428s] -- Up-to-date symlink: /home/kyle/testWS/install/turtlebot3_navigation2/share/turtlebot3_navigation2/environment/ament_prefix_path.sh
[0.428s] -- Up-to-date symlink: /home/kyle/testWS/install/turtlebot3_navigation2/share/turtlebot3_navigation2/environment/ament_prefix_path.dsv
[0.430s] -- Up-to-date symlink: /home/kyle/testWS/install/turtlebot3_navigation2/share/turtlebot3_navigation2/environment/path.sh
[0.430s] -- Up-to-date symlink: /home/kyle/testWS/install/turtlebot3_navigation2/share/turtlebot3_navigation2/environment/path.dsv
[0.430s] -- Up-to-date symlink: /home/kyle/testWS/install/turtlebot3_navigation2/share/turtlebot3_navigation2/local_setup.bash
[0.430s] -- Up-to-date symlink: /home/kyle/testWS/install/turtlebot3_navigation2/share/turtlebot3_navigation2/local_setup.sh
[0.430s] -- Up-to-date symlink: /home/kyle/testWS/install/turtlebot3_navigation2/share/turtlebot3_navigation2/local_setup.zsh
[0.431s] -- Up-to-date symlink: /home/kyle/testWS/install/turtlebot3_navigation2/share/turtlebot3_navigation2/local_setup.dsv
[0.431s] -- Symlinking: /home/kyle/testWS/install/turtlebot3_navigation2/share/turtlebot3_navigation2/package.dsv
[0.433s] -- Up-to-date symlink: /home/kyle/testWS/install/turtlebot3_navigation2/share/ament_index/resource_index/packages/turtlebot3_navigation2
[0.434s] -- Up-to-date symlink: /home/kyle/testWS/install/turtlebot3_navigation2/share/turtlebot3_navigation2/cmake/turtlebot3_navigation2Config.cmake
[0.434s] -- Up-to-date symlink: /home/kyle/testWS/install/turtlebot3_navigation2/share/turtlebot3_navigation2/cmake/turtlebot3_navigation2Config-version.cmake
[0.434s] -- Up-to-date symlink: /home/kyle/testWS/install/turtlebot3_navigation2/share/turtlebot3_navigation2/package.xml
[0.470s] Invoked command in '/home/kyle/testWS/build/turtlebot3_navigation2' returned '0': CMAKE_PREFIX_PATH=${CMAKE_PREFIX_PATH}:/home/kyle/testWS/install/turtlebot3_teleop:/home/kyle/testWS/install/turtlebot3_example:/home/kyle/testWS/install/tb_control:/opt/ros/galactic /usr/bin/cmake --install /home/kyle/testWS/build/turtlebot3_navigation2
