[0.017s] Invoking command in '/home/kyle/testWS/build/turtlebot3': AMENT_PREFIX_PATH=/home/kyle/testWS/install/turtlebot3_bringup:/home/kyle/testWS/install/turtlebot3_node:/home/kyle/testWS/install/turtlebot3_example:/home/kyle/testWS/install/turtlebot3_teleop:/home/kyle/testWS/install/turtlebot3_navigation2:/home/kyle/testWS/install/turtlebot3_msgs:/home/kyle/testWS/install/turtlebot3_description:/home/kyle/testWS/install/turtlebot3_cartographer:/home/kyle/testWS/install/hls_lfcd_lds_driver:/home/kyle/testWS/install/dynamixel_sdk:${AMENT_PREFIX_PATH} CMAKE_PREFIX_PATH=/home/kyle/testWS/install/turtlebot3_bringup:/home/kyle/testWS/install/turtlebot3_node:/home/kyle/testWS/install/turtlebot3_navigation2:/home/kyle/testWS/install/turtlebot3_msgs:/home/kyle/testWS/install/turtlebot3_description:/home/kyle/testWS/install/turtlebot3_cartographer:/home/kyle/testWS/install/hls_lfcd_lds_driver:/home/kyle/testWS/install/dynamixel_sdk:/opt/ros/galactic LD_LIBRARY_PATH=/home/kyle/testWS/install/turtlebot3_msgs/lib:/home/kyle/testWS/install/dynamixel_sdk/lib:${LD_LIBRARY_PATH} PYTHONPATH=/home/kyle/testWS/build/turtlebot3_example:/home/kyle/testWS/install/turtlebot3_example/lib/python3.8/site-packages:/home/kyle/testWS/build/turtlebot3_teleop:/home/kyle/testWS/install/turtlebot3_teleop/lib/python3.8/site-packages:/home/kyle/testWS/install/turtlebot3_msgs/lib/python3.8/site-packages:${PYTHONPATH} /usr/bin/cmake /home/kyle/testWS/src/turtlebot3/turtlebot3/turtlebot3 -DAMENT_CMAKE_SYMLINK_INSTALL=1 -DCMAKE_INSTALL_PREFIX=/home/kyle/testWS/install/turtlebot3
[0.068s] -- The C compiler identification is GNU 9.4.0
[0.119s] -- The CXX compiler identification is GNU 9.4.0
[0.124s] -- Check for working C compiler: /usr/bin/cc
[0.192s] -- Check for working C compiler: /usr/bin/cc -- works
[0.193s] -- Detecting C compiler ABI info
[0.264s] -- Detecting C compiler ABI info - done
[0.273s] -- Detecting C compile features
[0.273s] -- Detecting C compile features - done
[0.275s] -- Check for working CXX compiler: /usr/bin/c++
[0.344s] -- Check for working CXX compiler: /usr/bin/c++ -- works
[0.345s] -- Detecting CXX compiler ABI info
[0.425s] -- Detecting CXX compiler ABI info - done
[0.438s] -- Detecting CXX compile features
[0.439s] -- Detecting CXX compile features - done
[0.441s] -- Found ament_cmake: 1.1.6 (/opt/ros/galactic/share/ament_cmake/cmake)
[0.469s] -- Found PythonInterp: /usr/bin/python3 (found suitable version "3.8.10", minimum required is "3") 
[0.469s] -- Using PYTHON_EXECUTABLE: /usr/bin/python3
[0.510s] -- Override CMake install command with custom implementation using symlinks instead of copying resources
[0.577s] -- Configuring done
[0.579s] -- Generating done
[0.579s] -- Build files have been written to: /home/kyle/testWS/build/turtlebot3
[0.582s] Invoked command in '/home/kyle/testWS/build/turtlebot3' returned '0': AMENT_PREFIX_PATH=/home/kyle/testWS/install/turtlebot3_bringup:/home/kyle/testWS/install/turtlebot3_node:/home/kyle/testWS/install/turtlebot3_example:/home/kyle/testWS/install/turtlebot3_teleop:/home/kyle/testWS/install/turtlebot3_navigation2:/home/kyle/testWS/install/turtlebot3_msgs:/home/kyle/testWS/install/turtlebot3_description:/home/kyle/testWS/install/turtlebot3_cartographer:/home/kyle/testWS/install/hls_lfcd_lds_driver:/home/kyle/testWS/install/dynamixel_sdk:${AMENT_PREFIX_PATH} CMAKE_PREFIX_PATH=/home/kyle/testWS/install/turtlebot3_bringup:/home/kyle/testWS/install/turtlebot3_node:/home/kyle/testWS/install/turtlebot3_navigation2:/home/kyle/testWS/install/turtlebot3_msgs:/home/kyle/testWS/install/turtlebot3_description:/home/kyle/testWS/install/turtlebot3_cartographer:/home/kyle/testWS/install/hls_lfcd_lds_driver:/home/kyle/testWS/install/dynamixel_sdk:/opt/ros/galactic LD_LIBRARY_PATH=/home/kyle/testWS/install/turtlebot3_msgs/lib:/home/kyle/testWS/install/dynamixel_sdk/lib:${LD_LIBRARY_PATH} PYTHONPATH=/home/kyle/testWS/build/turtlebot3_example:/home/kyle/testWS/install/turtlebot3_example/lib/python3.8/site-packages:/home/kyle/testWS/build/turtlebot3_teleop:/home/kyle/testWS/install/turtlebot3_teleop/lib/python3.8/site-packages:/home/kyle/testWS/install/turtlebot3_msgs/lib/python3.8/site-packages:${PYTHONPATH} /usr/bin/cmake /home/kyle/testWS/src/turtlebot3/turtlebot3/turtlebot3 -DAMENT_CMAKE_SYMLINK_INSTALL=1 -DCMAKE_INSTALL_PREFIX=/home/kyle/testWS/install/turtlebot3
[0.584s] Invoking command in '/home/kyle/testWS/build/turtlebot3': AMENT_PREFIX_PATH=/home/kyle/testWS/install/turtlebot3_bringup:/home/kyle/testWS/install/turtlebot3_node:/home/kyle/testWS/install/turtlebot3_example:/home/kyle/testWS/install/turtlebot3_teleop:/home/kyle/testWS/install/turtlebot3_navigation2:/home/kyle/testWS/install/turtlebot3_msgs:/home/kyle/testWS/install/turtlebot3_description:/home/kyle/testWS/install/turtlebot3_cartographer:/home/kyle/testWS/install/hls_lfcd_lds_driver:/home/kyle/testWS/install/dynamixel_sdk:${AMENT_PREFIX_PATH} CMAKE_PREFIX_PATH=/home/kyle/testWS/install/turtlebot3_bringup:/home/kyle/testWS/install/turtlebot3_node:/home/kyle/testWS/install/turtlebot3_navigation2:/home/kyle/testWS/install/turtlebot3_msgs:/home/kyle/testWS/install/turtlebot3_description:/home/kyle/testWS/install/turtlebot3_cartographer:/home/kyle/testWS/install/hls_lfcd_lds_driver:/home/kyle/testWS/install/dynamixel_sdk:/opt/ros/galactic LD_LIBRARY_PATH=/home/kyle/testWS/install/turtlebot3_msgs/lib:/home/kyle/testWS/install/dynamixel_sdk/lib:${LD_LIBRARY_PATH} PYTHONPATH=/home/kyle/testWS/build/turtlebot3_example:/home/kyle/testWS/install/turtlebot3_example/lib/python3.8/site-packages:/home/kyle/testWS/build/turtlebot3_teleop:/home/kyle/testWS/install/turtlebot3_teleop/lib/python3.8/site-packages:/home/kyle/testWS/install/turtlebot3_msgs/lib/python3.8/site-packages:${PYTHONPATH} /usr/bin/cmake --build /home/kyle/testWS/build/turtlebot3 -- -j16 -l16
[0.629s] Invoked command in '/home/kyle/testWS/build/turtlebot3' returned '0': AMENT_PREFIX_PATH=/home/kyle/testWS/install/turtlebot3_bringup:/home/kyle/testWS/install/turtlebot3_node:/home/kyle/testWS/install/turtlebot3_example:/home/kyle/testWS/install/turtlebot3_teleop:/home/kyle/testWS/install/turtlebot3_navigation2:/home/kyle/testWS/install/turtlebot3_msgs:/home/kyle/testWS/install/turtlebot3_description:/home/kyle/testWS/install/turtlebot3_cartographer:/home/kyle/testWS/install/hls_lfcd_lds_driver:/home/kyle/testWS/install/dynamixel_sdk:${AMENT_PREFIX_PATH} CMAKE_PREFIX_PATH=/home/kyle/testWS/install/turtlebot3_bringup:/home/kyle/testWS/install/turtlebot3_node:/home/kyle/testWS/install/turtlebot3_navigation2:/home/kyle/testWS/install/turtlebot3_msgs:/home/kyle/testWS/install/turtlebot3_description:/home/kyle/testWS/install/turtlebot3_cartographer:/home/kyle/testWS/install/hls_lfcd_lds_driver:/home/kyle/testWS/install/dynamixel_sdk:/opt/ros/galactic LD_LIBRARY_PATH=/home/kyle/testWS/install/turtlebot3_msgs/lib:/home/kyle/testWS/install/dynamixel_sdk/lib:${LD_LIBRARY_PATH} PYTHONPATH=/home/kyle/testWS/build/turtlebot3_example:/home/kyle/testWS/install/turtlebot3_example/lib/python3.8/site-packages:/home/kyle/testWS/build/turtlebot3_teleop:/home/kyle/testWS/install/turtlebot3_teleop/lib/python3.8/site-packages:/home/kyle/testWS/install/turtlebot3_msgs/lib/python3.8/site-packages:${PYTHONPATH} /usr/bin/cmake --build /home/kyle/testWS/build/turtlebot3 -- -j16 -l16
[0.652s] Invoking command in '/home/kyle/testWS/build/turtlebot3': AMENT_PREFIX_PATH=/home/kyle/testWS/install/turtlebot3_bringup:/home/kyle/testWS/install/turtlebot3_node:/home/kyle/testWS/install/turtlebot3_example:/home/kyle/testWS/install/turtlebot3_teleop:/home/kyle/testWS/install/turtlebot3_navigation2:/home/kyle/testWS/install/turtlebot3_msgs:/home/kyle/testWS/install/turtlebot3_description:/home/kyle/testWS/install/turtlebot3_cartographer:/home/kyle/testWS/install/hls_lfcd_lds_driver:/home/kyle/testWS/install/dynamixel_sdk:${AMENT_PREFIX_PATH} CMAKE_PREFIX_PATH=/home/kyle/testWS/install/turtlebot3_bringup:/home/kyle/testWS/install/turtlebot3_node:/home/kyle/testWS/install/turtlebot3_navigation2:/home/kyle/testWS/install/turtlebot3_msgs:/home/kyle/testWS/install/turtlebot3_description:/home/kyle/testWS/install/turtlebot3_cartographer:/home/kyle/testWS/install/hls_lfcd_lds_driver:/home/kyle/testWS/install/dynamixel_sdk:/opt/ros/galactic LD_LIBRARY_PATH=/home/kyle/testWS/install/turtlebot3_msgs/lib:/home/kyle/testWS/install/dynamixel_sdk/lib:${LD_LIBRARY_PATH} PYTHONPATH=/home/kyle/testWS/build/turtlebot3_example:/home/kyle/testWS/install/turtlebot3_example/lib/python3.8/site-packages:/home/kyle/testWS/build/turtlebot3_teleop:/home/kyle/testWS/install/turtlebot3_teleop/lib/python3.8/site-packages:/home/kyle/testWS/install/turtlebot3_msgs/lib/python3.8/site-packages:${PYTHONPATH} /usr/bin/cmake --install /home/kyle/testWS/build/turtlebot3
[0.657s] -- Install configuration: ""
[0.657s] -- Execute custom install script
[0.658s] -- Symlinking: /home/kyle/testWS/install/turtlebot3/share/ament_index/resource_index/package_run_dependencies/turtlebot3
[0.666s] -- Symlinking: /home/kyle/testWS/install/turtlebot3/share/ament_index/resource_index/parent_prefix_path/turtlebot3
[0.677s] -- Symlinking: /home/kyle/testWS/install/turtlebot3/share/turtlebot3/environment/ament_prefix_path.sh
[0.685s] -- Symlinking: /home/kyle/testWS/install/turtlebot3/share/turtlebot3/environment/ament_prefix_path.dsv
[0.691s] -- Symlinking: /home/kyle/testWS/install/turtlebot3/share/turtlebot3/environment/path.sh
[0.696s] -- Symlinking: /home/kyle/testWS/install/turtlebot3/share/turtlebot3/environment/path.dsv
[0.702s] -- Symlinking: /home/kyle/testWS/install/turtlebot3/share/turtlebot3/local_setup.bash
[0.708s] -- Symlinking: /home/kyle/testWS/install/turtlebot3/share/turtlebot3/local_setup.sh
[0.714s] -- Symlinking: /home/kyle/testWS/install/turtlebot3/share/turtlebot3/local_setup.zsh
[0.722s] -- Symlinking: /home/kyle/testWS/install/turtlebot3/share/turtlebot3/local_setup.dsv
[0.731s] -- Symlinking: /home/kyle/testWS/install/turtlebot3/share/turtlebot3/package.dsv
[0.740s] -- Symlinking: /home/kyle/testWS/install/turtlebot3/share/ament_index/resource_index/packages/turtlebot3
[0.750s] -- Symlinking: /home/kyle/testWS/install/turtlebot3/share/turtlebot3/cmake/turtlebot3Config.cmake
[0.760s] -- Symlinking: /home/kyle/testWS/install/turtlebot3/share/turtlebot3/cmake/turtlebot3Config-version.cmake
[0.765s] -- Symlinking: /home/kyle/testWS/install/turtlebot3/share/turtlebot3/package.xml
[0.778s] Invoked command in '/home/kyle/testWS/build/turtlebot3' returned '0': AMENT_PREFIX_PATH=/home/kyle/testWS/install/turtlebot3_bringup:/home/kyle/testWS/install/turtlebot3_node:/home/kyle/testWS/install/turtlebot3_example:/home/kyle/testWS/install/turtlebot3_teleop:/home/kyle/testWS/install/turtlebot3_navigation2:/home/kyle/testWS/install/turtlebot3_msgs:/home/kyle/testWS/install/turtlebot3_description:/home/kyle/testWS/install/turtlebot3_cartographer:/home/kyle/testWS/install/hls_lfcd_lds_driver:/home/kyle/testWS/install/dynamixel_sdk:${AMENT_PREFIX_PATH} CMAKE_PREFIX_PATH=/home/kyle/testWS/install/turtlebot3_bringup:/home/kyle/testWS/install/turtlebot3_node:/home/kyle/testWS/install/turtlebot3_navigation2:/home/kyle/testWS/install/turtlebot3_msgs:/home/kyle/testWS/install/turtlebot3_description:/home/kyle/testWS/install/turtlebot3_cartographer:/home/kyle/testWS/install/hls_lfcd_lds_driver:/home/kyle/testWS/install/dynamixel_sdk:/opt/ros/galactic LD_LIBRARY_PATH=/home/kyle/testWS/install/turtlebot3_msgs/lib:/home/kyle/testWS/install/dynamixel_sdk/lib:${LD_LIBRARY_PATH} PYTHONPATH=/home/kyle/testWS/build/turtlebot3_example:/home/kyle/testWS/install/turtlebot3_example/lib/python3.8/site-packages:/home/kyle/testWS/build/turtlebot3_teleop:/home/kyle/testWS/install/turtlebot3_teleop/lib/python3.8/site-packages:/home/kyle/testWS/install/turtlebot3_msgs/lib/python3.8/site-packages:${PYTHONPATH} /usr/bin/cmake --install /home/kyle/testWS/build/turtlebot3
