-- The C compiler identification is GNU 9.4.0
-- The CXX compiler identification is GNU 9.4.0
-- Check for working C compiler: /usr/bin/cc
-- Check for working C compiler: /usr/bin/cc -- works
-- Detecting C compiler ABI info
-- Detecting C compiler ABI info - done
-- Detecting C compile features
-- Detecting C compile features - done
-- Check for working CXX compiler: /usr/bin/c++
-- Check for working CXX compiler: /usr/bin/c++ -- works
-- Detecting CXX compiler ABI info
-- Detecting CXX compiler ABI info - done
-- Detecting CXX compile features
-- Detecting CXX compile features - done
-- Found ament_cmake: 1.1.6 (/opt/ros/galactic/share/ament_cmake/cmake)
-- Found PythonInterp: /usr/bin/python3 (found suitable version "3.8.10", minimum required is "3") 
-- Using PYTHON_EXECUTABLE: /usr/bin/python3
-- Override CMake install command with custom implementation using symlinks instead of copying resources
-- Found geometry_msgs: 2.2.4 (/opt/ros/galactic/share/geometry_msgs/cmake)
-- Using all available rosidl_typesupport_c: rosidl_typesupport_fastrtps_c;rosidl_typesupport_introspection_c
-- Found rosidl_adapter: 2.2.3 (/opt/ros/galactic/share/rosidl_adapter/cmake)
-- Found OpenSSL: /usr/lib/x86_64-linux-gnu/libcrypto.so (found version "1.1.1f")  
-- Found FastRTPS: /opt/ros/galactic/include  
-- Using all available rosidl_typesupport_cpp: rosidl_typesupport_fastrtps_cpp;rosidl_typesupport_introspection_cpp
-- Found nav_msgs: 2.2.4 (/opt/ros/galactic/share/nav_msgs/cmake)
-- Found rclcpp: 9.2.2 (/opt/ros/galactic/share/rclcpp/cmake)
-- Found rmw_implementation_cmake: 3.3.1 (/opt/ros/galactic/share/rmw_implementation_cmake/cmake)
-- Found rmw_cyclonedds_cpp: 0.22.6 (/opt/ros/galactic/share/rmw_cyclonedds_cpp/cmake)
-- Using RMW implementation 'rmw_cyclonedds_cpp' as default
-- Looking for pthread.h
-- Looking for pthread.h - found
-- Performing Test CMAKE_HAVE_LIBC_PTHREAD
-- Performing Test CMAKE_HAVE_LIBC_PTHREAD - Failed
-- Looking for pthread_create in pthreads
-- Looking for pthread_create in pthreads - not found
-- Looking for pthread_create in pthread
-- Looking for pthread_create in pthread - found
-- Found Threads: TRUE  
-- Found sensor_msgs: 2.2.4 (/opt/ros/galactic/share/sensor_msgs/cmake)
-- Found tf2: 0.17.5 (/opt/ros/galactic/share/tf2/cmake)
-- Found tf2_msgs: 0.17.5 (/opt/ros/galactic/share/tf2_msgs/cmake)
-- Found turtlebot3_msgs: 2.2.1 (/home/kyle/testWS/install/turtlebot3_msgs/share/turtlebot3_msgs/cmake)
-- Configuring done
-- Generating done
-- Build files have been written to: /home/kyle/testWS/build/turtlebot3_fake_node
[35m[1mScanning dependencies of target turtlebot3_fake_node[0m
[ 50%] [32mBuilding CXX object CMakeFiles/turtlebot3_fake_node.dir/src/turtlebot3_fake_node.cpp.o[0m
[01m[K/home/kyle/testWS/src/turtlebot3/turtlebot3_simulations/turtlebot3_fake_node/src/turtlebot3_fake_node.cpp:[m[K In member function ‘[01m[Kvoid Turtlebot3Fake::init_parameters()[m[K’:
[01m[K/home/kyle/testWS/src/turtlebot3/turtlebot3_simulations/turtlebot3_fake_node/src/turtlebot3_fake_node.cpp:75:47:[m[K [01;35m[Kwarning: [m[K‘[01m[Kconst rclcpp::ParameterValue& rclcpp::Node::declare_parameter(const string&)[m[K’ is deprecated: declare_parameter() with only a name is deprecated and will be deleted in the future.\nIf you want to declare a parameter that won't change type without a default value use:\n`node->declare_parameter<ParameterT>(name)`, where e.g. ParameterT=int64_t.\n\nIf you want to declare a parameter that can dynamically change type use:\n```\nrcl_interfaces::msg::ParameterDescriptor descriptor;\ndescriptor.dynamic_typing = true;\nnode->declare_parameter(name, rclcpp::ParameterValue{}, descriptor);\n``` [[01;35m[K-Wdeprecated-declarations[m[K]
   75 |   this->declare_parameter("joint_states_frame"[01;35m[K)[m[K;
      |                                               [01;35m[K^[m[K
In file included from [01m[K/opt/ros/galactic/include/rclcpp/executors/single_threaded_executor.hpp:28[m[K,
                 from [01m[K/opt/ros/galactic/include/rclcpp/executors.hpp:22[m[K,
                 from [01m[K/opt/ros/galactic/include/rclcpp/rclcpp.hpp:156[m[K,
                 from [01m[K/home/kyle/testWS/src/turtlebot3/turtlebot3_simulations/turtlebot3_fake_node/include/turtlebot3_fake_node/turtlebot3_fake_node.hpp:21[m[K,
                 from [01m[K/home/kyle/testWS/src/turtlebot3/turtlebot3_simulations/turtlebot3_fake_node/src/turtlebot3_fake_node.cpp:17[m[K:
[01m[K/opt/ros/galactic/include/rclcpp/node.hpp:422:3:[m[K [01;36m[Knote: [m[Kdeclared here
  422 |   [01;36m[Kdeclare_parameter[m[K(const std::string & name);
      |   [01;36m[K^~~~~~~~~~~~~~~~~[m[K
[01m[K/home/kyle/testWS/src/turtlebot3/turtlebot3_simulations/turtlebot3_fake_node/src/turtlebot3_fake_node.cpp:76:39:[m[K [01;35m[Kwarning: [m[K‘[01m[Kconst rclcpp::ParameterValue& rclcpp::Node::declare_parameter(const string&)[m[K’ is deprecated: declare_parameter() with only a name is deprecated and will be deleted in the future.\nIf you want to declare a parameter that won't change type without a default value use:\n`node->declare_parameter<ParameterT>(name)`, where e.g. ParameterT=int64_t.\n\nIf you want to declare a parameter that can dynamically change type use:\n```\nrcl_interfaces::msg::ParameterDescriptor descriptor;\ndescriptor.dynamic_typing = true;\nnode->declare_parameter(name, rclcpp::ParameterValue{}, descriptor);\n``` [[01;35m[K-Wdeprecated-declarations[m[K]
   76 |   this->declare_parameter("odom_frame"[01;35m[K)[m[K;
      |                                       [01;35m[K^[m[K
In file included from [01m[K/opt/ros/galactic/include/rclcpp/executors/single_threaded_executor.hpp:28[m[K,
                 from [01m[K/opt/ros/galactic/include/rclcpp/executors.hpp:22[m[K,
                 from [01m[K/opt/ros/galactic/include/rclcpp/rclcpp.hpp:156[m[K,
                 from [01m[K/home/kyle/testWS/src/turtlebot3/turtlebot3_simulations/turtlebot3_fake_node/include/turtlebot3_fake_node/turtlebot3_fake_node.hpp:21[m[K,
                 from [01m[K/home/kyle/testWS/src/turtlebot3/turtlebot3_simulations/turtlebot3_fake_node/src/turtlebot3_fake_node.cpp:17[m[K:
[01m[K/opt/ros/galactic/include/rclcpp/node.hpp:422:3:[m[K [01;36m[Knote: [m[Kdeclared here
  422 |   [01;36m[Kdeclare_parameter[m[K(const std::string & name);
      |   [01;36m[K^~~~~~~~~~~~~~~~~[m[K
[01m[K/home/kyle/testWS/src/turtlebot3/turtlebot3_simulations/turtlebot3_fake_node/src/turtlebot3_fake_node.cpp:77:39:[m[K [01;35m[Kwarning: [m[K‘[01m[Kconst rclcpp::ParameterValue& rclcpp::Node::declare_parameter(const string&)[m[K’ is deprecated: declare_parameter() with only a name is deprecated and will be deleted in the future.\nIf you want to declare a parameter that won't change type without a default value use:\n`node->declare_parameter<ParameterT>(name)`, where e.g. ParameterT=int64_t.\n\nIf you want to declare a parameter that can dynamically change type use:\n```\nrcl_interfaces::msg::ParameterDescriptor descriptor;\ndescriptor.dynamic_typing = true;\nnode->declare_parameter(name, rclcpp::ParameterValue{}, descriptor);\n``` [[01;35m[K-Wdeprecated-declarations[m[K]
   77 |   this->declare_parameter("base_frame"[01;35m[K)[m[K;
      |                                       [01;35m[K^[m[K
In file included from [01m[K/opt/ros/galactic/include/rclcpp/executors/single_threaded_executor.hpp:28[m[K,
                 from [01m[K/opt/ros/galactic/include/rclcpp/executors.hpp:22[m[K,
                 from [01m[K/opt/ros/galactic/include/rclcpp/rclcpp.hpp:156[m[K,
                 from [01m[K/home/kyle/testWS/src/turtlebot3/turtlebot3_simulations/turtlebot3_fake_node/include/turtlebot3_fake_node/turtlebot3_fake_node.hpp:21[m[K,
                 from [01m[K/home/kyle/testWS/src/turtlebot3/turtlebot3_simulations/turtlebot3_fake_node/src/turtlebot3_fake_node.cpp:17[m[K:
[01m[K/opt/ros/galactic/include/rclcpp/node.hpp:422:3:[m[K [01;36m[Knote: [m[Kdeclared here
  422 |   [01;36m[Kdeclare_parameter[m[K(const std::string & name);
      |   [01;36m[K^~~~~~~~~~~~~~~~~[m[K
[01m[K/home/kyle/testWS/src/turtlebot3/turtlebot3_simulations/turtlebot3_fake_node/src/turtlebot3_fake_node.cpp:78:46:[m[K [01;35m[Kwarning: [m[K‘[01m[Kconst rclcpp::ParameterValue& rclcpp::Node::declare_parameter(const string&)[m[K’ is deprecated: declare_parameter() with only a name is deprecated and will be deleted in the future.\nIf you want to declare a parameter that won't change type without a default value use:\n`node->declare_parameter<ParameterT>(name)`, where e.g. ParameterT=int64_t.\n\nIf you want to declare a parameter that can dynamically change type use:\n```\nrcl_interfaces::msg::ParameterDescriptor descriptor;\ndescriptor.dynamic_typing = true;\nnode->declare_parameter(name, rclcpp::ParameterValue{}, descriptor);\n``` [[01;35m[K-Wdeprecated-declarations[m[K]
   78 |   this->declare_parameter("wheels.separation"[01;35m[K)[m[K;
      |                                              [01;35m[K^[m[K
In file included from [01m[K/opt/ros/galactic/include/rclcpp/executors/single_threaded_executor.hpp:28[m[K,
                 from [01m[K/opt/ros/galactic/include/rclcpp/executors.hpp:22[m[K,
                 from [01m[K/opt/ros/galactic/include/rclcpp/rclcpp.hpp:156[m[K,
                 from [01m[K/home/kyle/testWS/src/turtlebot3/turtlebot3_simulations/turtlebot3_fake_node/include/turtlebot3_fake_node/turtlebot3_fake_node.hpp:21[m[K,
                 from [01m[K/home/kyle/testWS/src/turtlebot3/turtlebot3_simulations/turtlebot3_fake_node/src/turtlebot3_fake_node.cpp:17[m[K:
[01m[K/opt/ros/galactic/include/rclcpp/node.hpp:422:3:[m[K [01;36m[Knote: [m[Kdeclared here
  422 |   [01;36m[Kdeclare_parameter[m[K(const std::string & name);
      |   [01;36m[K^~~~~~~~~~~~~~~~~[m[K
[01m[K/home/kyle/testWS/src/turtlebot3/turtlebot3_simulations/turtlebot3_fake_node/src/turtlebot3_fake_node.cpp:79:42:[m[K [01;35m[Kwarning: [m[K‘[01m[Kconst rclcpp::ParameterValue& rclcpp::Node::declare_parameter(const string&)[m[K’ is deprecated: declare_parameter() with only a name is deprecated and will be deleted in the future.\nIf you want to declare a parameter that won't change type without a default value use:\n`node->declare_parameter<ParameterT>(name)`, where e.g. ParameterT=int64_t.\n\nIf you want to declare a parameter that can dynamically change type use:\n```\nrcl_interfaces::msg::ParameterDescriptor descriptor;\ndescriptor.dynamic_typing = true;\nnode->declare_parameter(name, rclcpp::ParameterValue{}, descriptor);\n``` [[01;35m[K-Wdeprecated-declarations[m[K]
   79 |   this->declare_parameter("wheels.radius"[01;35m[K)[m[K;
      |                                          [01;35m[K^[m[K
In file included from [01m[K/opt/ros/galactic/include/rclcpp/executors/single_threaded_executor.hpp:28[m[K,
                 from [01m[K/opt/ros/galactic/include/rclcpp/executors.hpp:22[m[K,
                 from [01m[K/opt/ros/galactic/include/rclcpp/rclcpp.hpp:156[m[K,
                 from [01m[K/home/kyle/testWS/src/turtlebot3/turtlebot3_simulations/turtlebot3_fake_node/include/turtlebot3_fake_node/turtlebot3_fake_node.hpp:21[m[K,
                 from [01m[K/home/kyle/testWS/src/turtlebot3/turtlebot3_simulations/turtlebot3_fake_node/src/turtlebot3_fake_node.cpp:17[m[K:
[01m[K/opt/ros/galactic/include/rclcpp/node.hpp:422:3:[m[K [01;36m[Knote: [m[Kdeclared here
  422 |   [01;36m[Kdeclare_parameter[m[K(const std::string & name);
      |   [01;36m[K^~~~~~~~~~~~~~~~~[m[K
[100%] [32m[1mLinking CXX executable turtlebot3_fake_node[0m
[100%] Built target turtlebot3_fake_node
-- Install configuration: ""
-- Execute custom install script
-- Symlinking: /home/kyle/testWS/install/turtlebot3_fake_node/lib/turtlebot3_fake_node/turtlebot3_fake_node
-- Symlinking: /home/kyle/testWS/install/turtlebot3_fake_node/share/turtlebot3_fake_node/launch/rviz2.launch.py
-- Symlinking: /home/kyle/testWS/install/turtlebot3_fake_node/share/turtlebot3_fake_node/launch/turtlebot3_fake_node.launch.py
-- Symlinking: /home/kyle/testWS/install/turtlebot3_fake_node/share/turtlebot3_fake_node/param/burger.yaml
-- Symlinking: /home/kyle/testWS/install/turtlebot3_fake_node/share/turtlebot3_fake_node/param/waffle.yaml
-- Symlinking: /home/kyle/testWS/install/turtlebot3_fake_node/share/turtlebot3_fake_node/param/waffle_pi.yaml
-- Symlinking: /home/kyle/testWS/install/turtlebot3_fake_node/share/turtlebot3_fake_node/rviz/model.rviz
-- Symlinking: /home/kyle/testWS/install/turtlebot3_fake_node/include//turtlebot3_fake_node/turtlebot3_fake_node.hpp
-- Symlinking: /home/kyle/testWS/install/turtlebot3_fake_node/share/ament_index/resource_index/package_run_dependencies/turtlebot3_fake_node
-- Symlinking: /home/kyle/testWS/install/turtlebot3_fake_node/share/ament_index/resource_index/parent_prefix_path/turtlebot3_fake_node
-- Symlinking: /home/kyle/testWS/install/turtlebot3_fake_node/share/turtlebot3_fake_node/environment/ament_prefix_path.sh
-- Symlinking: /home/kyle/testWS/install/turtlebot3_fake_node/share/turtlebot3_fake_node/environment/ament_prefix_path.dsv
-- Symlinking: /home/kyle/testWS/install/turtlebot3_fake_node/share/turtlebot3_fake_node/environment/path.sh
-- Symlinking: /home/kyle/testWS/install/turtlebot3_fake_node/share/turtlebot3_fake_node/environment/path.dsv
-- Symlinking: /home/kyle/testWS/install/turtlebot3_fake_node/share/turtlebot3_fake_node/local_setup.bash
-- Symlinking: /home/kyle/testWS/install/turtlebot3_fake_node/share/turtlebot3_fake_node/local_setup.sh
-- Symlinking: /home/kyle/testWS/install/turtlebot3_fake_node/share/turtlebot3_fake_node/local_setup.zsh
-- Symlinking: /home/kyle/testWS/install/turtlebot3_fake_node/share/turtlebot3_fake_node/local_setup.dsv
-- Symlinking: /home/kyle/testWS/install/turtlebot3_fake_node/share/turtlebot3_fake_node/package.dsv
-- Symlinking: /home/kyle/testWS/install/turtlebot3_fake_node/share/ament_index/resource_index/packages/turtlebot3_fake_node
-- Symlinking: /home/kyle/testWS/install/turtlebot3_fake_node/share/turtlebot3_fake_node/cmake/ament_cmake_export_include_directories-extras.cmake
-- Symlinking: /home/kyle/testWS/install/turtlebot3_fake_node/share/turtlebot3_fake_node/cmake/ament_cmake_export_dependencies-extras.cmake
-- Symlinking: /home/kyle/testWS/install/turtlebot3_fake_node/share/turtlebot3_fake_node/cmake/turtlebot3_fake_nodeConfig.cmake
-- Symlinking: /home/kyle/testWS/install/turtlebot3_fake_node/share/turtlebot3_fake_node/cmake/turtlebot3_fake_nodeConfig-version.cmake
-- Symlinking: /home/kyle/testWS/install/turtlebot3_fake_node/share/turtlebot3_fake_node/package.xml
