[0.725s] Invoking command in '/home/kyle/testWS/src/turtlebot3/turtlebot3/turtlebot3_teleop': PYTHONPATH=/home/kyle/testWS/build/turtlebot3_teleop/prefix_override:/usr/lib/python3/dist-packages/colcon_core/task/python/colcon_distutils_commands:/home/kyle/testWS/install/turtlebot3_teleop/lib/python3.8/site-packages:${PYTHONPATH} /usr/bin/python3 -W ignore:setup.py install is deprecated setup.py egg_info --egg-base ../../../../build/turtlebot3_teleop build --build-base /home/kyle/testWS/build/turtlebot3_teleop/build install --record /home/kyle/testWS/build/turtlebot3_teleop/install.log --single-version-externally-managed install_data
[0.870s] running egg_info
[0.870s] writing ../../../../build/turtlebot3_teleop/turtlebot3_teleop.egg-info/PKG-INFO
[0.871s] writing dependency_links to ../../../../build/turtlebot3_teleop/turtlebot3_teleop.egg-info/dependency_links.txt
[0.871s] writing entry points to ../../../../build/turtlebot3_teleop/turtlebot3_teleop.egg-info/entry_points.txt
[0.871s] writing requirements to ../../../../build/turtlebot3_teleop/turtlebot3_teleop.egg-info/requires.txt
[0.871s] writing top-level names to ../../../../build/turtlebot3_teleop/turtlebot3_teleop.egg-info/top_level.txt
[0.892s] reading manifest file '../../../../build/turtlebot3_teleop/turtlebot3_teleop.egg-info/SOURCES.txt'
[0.893s] writing manifest file '../../../../build/turtlebot3_teleop/turtlebot3_teleop.egg-info/SOURCES.txt'
[0.893s] running build
[0.893s] running build_py
[0.894s] running install
[0.895s] running install_lib
[0.895s] running install_data
[0.896s] running install_egg_info
[0.897s] removing '/home/kyle/testWS/install/turtlebot3_teleop/lib/python3.8/site-packages/turtlebot3_teleop-2.1.4-py3.8.egg-info' (and everything under it)
[0.897s] Copying ../../../../build/turtlebot3_teleop/turtlebot3_teleop.egg-info to /home/kyle/testWS/install/turtlebot3_teleop/lib/python3.8/site-packages/turtlebot3_teleop-2.1.4-py3.8.egg-info
[0.898s] running install_scripts
[0.909s] Installing teleop_keyboard script to /home/kyle/testWS/install/turtlebot3_teleop/lib/turtlebot3_teleop
[0.909s] writing list of installed files to '/home/kyle/testWS/build/turtlebot3_teleop/install.log'
[0.928s] Invoked command in '/home/kyle/testWS/src/turtlebot3/turtlebot3/turtlebot3_teleop' returned '0': PYTHONPATH=/home/kyle/testWS/build/turtlebot3_teleop/prefix_override:/usr/lib/python3/dist-packages/colcon_core/task/python/colcon_distutils_commands:/home/kyle/testWS/install/turtlebot3_teleop/lib/python3.8/site-packages:${PYTHONPATH} /usr/bin/python3 -W ignore:setup.py install is deprecated setup.py egg_info --egg-base ../../../../build/turtlebot3_teleop build --build-base /home/kyle/testWS/build/turtlebot3_teleop/build install --record /home/kyle/testWS/build/turtlebot3_teleop/install.log --single-version-externally-managed install_data
