[0.041s] Invoking command in '/home/kyle/testWS/build/hls_lfcd_lds_driver': CMAKE_PREFIX_PATH=${CMAKE_PREFIX_PATH}:/home/kyle/testWS/install/turtlebot3_teleop:/home/kyle/testWS/install/turtlebot3_example:/home/kyle/testWS/install/tb_control:/opt/ros/galactic /usr/bin/cmake --build /home/kyle/testWS/build/hls_lfcd_lds_driver -- -j16 -l16
[0.371s] [100%] Built target hlds_laser_publisher
[0.377s] Invoked command in '/home/kyle/testWS/build/hls_lfcd_lds_driver' returned '0': CMAKE_PREFIX_PATH=${CMAKE_PREFIX_PATH}:/home/kyle/testWS/install/turtlebot3_teleop:/home/kyle/testWS/install/turtlebot3_example:/home/kyle/testWS/install/tb_control:/opt/ros/galactic /usr/bin/cmake --build /home/kyle/testWS/build/hls_lfcd_lds_driver -- -j16 -l16
[0.416s] Invoking command in '/home/kyle/testWS/build/hls_lfcd_lds_driver': CMAKE_PREFIX_PATH=${CMAKE_PREFIX_PATH}:/home/kyle/testWS/install/turtlebot3_teleop:/home/kyle/testWS/install/turtlebot3_example:/home/kyle/testWS/install/tb_control:/opt/ros/galactic /usr/bin/cmake --install /home/kyle/testWS/build/hls_lfcd_lds_driver
[0.430s] -- Install configuration: ""
[0.430s] -- Execute custom install script
[0.430s] -- Up-to-date symlink: /home/kyle/testWS/install/hls_lfcd_lds_driver/share/hls_lfcd_lds_driver/launch/hlds_laser.launch.py
[0.430s] -- Up-to-date symlink: /home/kyle/testWS/install/hls_lfcd_lds_driver/share/hls_lfcd_lds_driver/launch/view_hlds_laser.launch.py
[0.430s] -- Up-to-date symlink: /home/kyle/testWS/install/hls_lfcd_lds_driver/share/hls_lfcd_lds_driver/rviz/hlds_laser.rviz
[0.430s] -- Up-to-date symlink: /home/kyle/testWS/install/hls_lfcd_lds_driver/lib/hls_lfcd_lds_driver/hlds_laser_publisher
[0.430s] -- Up-to-date symlink: /home/kyle/testWS/install/hls_lfcd_lds_driver/share/ament_index/resource_index/package_run_dependencies/hls_lfcd_lds_driver
[0.431s] -- Up-to-date symlink: /home/kyle/testWS/install/hls_lfcd_lds_driver/share/ament_index/resource_index/parent_prefix_path/hls_lfcd_lds_driver
[0.431s] -- Up-to-date symlink: /home/kyle/testWS/install/hls_lfcd_lds_driver/share/hls_lfcd_lds_driver/environment/ament_prefix_path.sh
[0.431s] -- Up-to-date symlink: /home/kyle/testWS/install/hls_lfcd_lds_driver/share/hls_lfcd_lds_driver/environment/ament_prefix_path.dsv
[0.431s] -- Up-to-date symlink: /home/kyle/testWS/install/hls_lfcd_lds_driver/share/hls_lfcd_lds_driver/environment/path.sh
[0.431s] -- Up-to-date symlink: /home/kyle/testWS/install/hls_lfcd_lds_driver/share/hls_lfcd_lds_driver/environment/path.dsv
[0.431s] -- Up-to-date symlink: /home/kyle/testWS/install/hls_lfcd_lds_driver/share/hls_lfcd_lds_driver/local_setup.bash
[0.432s] -- Up-to-date symlink: /home/kyle/testWS/install/hls_lfcd_lds_driver/share/hls_lfcd_lds_driver/local_setup.sh
[0.432s] -- Up-to-date symlink: /home/kyle/testWS/install/hls_lfcd_lds_driver/share/hls_lfcd_lds_driver/local_setup.zsh
[0.432s] -- Up-to-date symlink: /home/kyle/testWS/install/hls_lfcd_lds_driver/share/hls_lfcd_lds_driver/local_setup.dsv
[0.433s] -- Symlinking: /home/kyle/testWS/install/hls_lfcd_lds_driver/share/hls_lfcd_lds_driver/package.dsv
[0.439s] -- Up-to-date symlink: /home/kyle/testWS/install/hls_lfcd_lds_driver/share/ament_index/resource_index/packages/hls_lfcd_lds_driver
[0.439s] -- Up-to-date symlink: /home/kyle/testWS/install/hls_lfcd_lds_driver/share/hls_lfcd_lds_driver/cmake/ament_cmake_export_dependencies-extras.cmake
[0.439s] -- Up-to-date symlink: /home/kyle/testWS/install/hls_lfcd_lds_driver/share/hls_lfcd_lds_driver/cmake/ament_cmake_export_include_directories-extras.cmake
[0.439s] -- Up-to-date symlink: /home/kyle/testWS/install/hls_lfcd_lds_driver/share/hls_lfcd_lds_driver/cmake/hls_lfcd_lds_driverConfig.cmake
[0.440s] -- Up-to-date symlink: /home/kyle/testWS/install/hls_lfcd_lds_driver/share/hls_lfcd_lds_driver/cmake/hls_lfcd_lds_driverConfig-version.cmake
[0.440s] -- Up-to-date symlink: /home/kyle/testWS/install/hls_lfcd_lds_driver/share/hls_lfcd_lds_driver/package.xml
[0.456s] Invoked command in '/home/kyle/testWS/build/hls_lfcd_lds_driver' returned '0': CMAKE_PREFIX_PATH=${CMAKE_PREFIX_PATH}:/home/kyle/testWS/install/turtlebot3_teleop:/home/kyle/testWS/install/turtlebot3_example:/home/kyle/testWS/install/tb_control:/opt/ros/galactic /usr/bin/cmake --install /home/kyle/testWS/build/hls_lfcd_lds_driver
