[0.461s] Invoking command in '/home/kyle/testWS/src/turtlebot3/turtlebot3/turtlebot3_example': CMAKE_PREFIX_PATH=/home/kyle/testWS/install/turtlebot3_msgs:/home/kyle/testWS/install/turtlebot3:/home/kyle/testWS/install/turtlebot3_simulations:/home/kyle/testWS/install/turtlebot3_bringup:/home/kyle/testWS/install/turtlebot3_node:/home/kyle/testWS/install/turtlebot3_navigation2:/home/kyle/testWS/install/turtlebot3_fake_node:/home/kyle/testWS/install/turtlebot3_gazebo:/home/kyle/testWS/install/turtlebot3_description:/home/kyle/testWS/install/turtlebot3_cartographer:/home/kyle/testWS/install/hls_lfcd_lds_driver:/home/kyle/testWS/install/dynamixel_sdk_examples:/home/kyle/testWS/install/dynamixel_sdk_custom_interfaces:/home/kyle/testWS/install/dynamixel_sdk PYTHONPATH=/home/kyle/testWS/build/turtlebot3_example/prefix_override:/usr/lib/python3/dist-packages/colcon_core/task/python/colcon_distutils_commands:/home/kyle/testWS/install/turtlebot3_example/lib/python3.8/site-packages:/home/kyle/testWS/install/turtlebot3_msgs/lib/python3.8/site-packages:/home/kyle/testWS/install/turtlebot3_teleop/lib/python3.8/site-packages:/home/kyle/testWS/install/turtlebot3_example/lib/python3.8/site-packages:/home/kyle/testWS/install/tb_control/lib/python3.8/site-packages:/home/kyle/testWS/install/dynamixel_sdk_custom_interfaces/lib/python3.8/site-packages:/opt/ros/galactic/lib/python3.8/site-packages /usr/bin/python3 -W ignore:setup.py install is deprecated setup.py egg_info --egg-base ../../../../build/turtlebot3_example build --build-base /home/kyle/testWS/build/turtlebot3_example/build install --record /home/kyle/testWS/build/turtlebot3_example/install.log --single-version-externally-managed install_data
[0.604s] running egg_info
[0.604s] writing ../../../../build/turtlebot3_example/turtlebot3_example.egg-info/PKG-INFO
[0.604s] writing dependency_links to ../../../../build/turtlebot3_example/turtlebot3_example.egg-info/dependency_links.txt
[0.604s] writing entry points to ../../../../build/turtlebot3_example/turtlebot3_example.egg-info/entry_points.txt
[0.605s] writing requirements to ../../../../build/turtlebot3_example/turtlebot3_example.egg-info/requires.txt
[0.605s] writing top-level names to ../../../../build/turtlebot3_example/turtlebot3_example.egg-info/top_level.txt
[0.624s] reading manifest file '../../../../build/turtlebot3_example/turtlebot3_example.egg-info/SOURCES.txt'
[0.625s] writing manifest file '../../../../build/turtlebot3_example/turtlebot3_example.egg-info/SOURCES.txt'
[0.625s] running build
[0.625s] running build_py
[0.627s] running install
[0.627s] running install_lib
[0.630s] running install_data
[0.630s] running install_egg_info
[0.631s] removing '/home/kyle/testWS/install/turtlebot3_example/lib/python3.8/site-packages/turtlebot3_example-2.1.4-py3.8.egg-info' (and everything under it)
[0.631s] Copying ../../../../build/turtlebot3_example/turtlebot3_example.egg-info to /home/kyle/testWS/install/turtlebot3_example/lib/python3.8/site-packages/turtlebot3_example-2.1.4-py3.8.egg-info
[0.631s] running install_scripts
[0.641s] Installing turtlebot3_obstacle_detection script to /home/kyle/testWS/install/turtlebot3_example/lib/turtlebot3_example
[0.641s] Installing turtlebot3_patrol_client script to /home/kyle/testWS/install/turtlebot3_example/lib/turtlebot3_example
[0.641s] Installing turtlebot3_patrol_server script to /home/kyle/testWS/install/turtlebot3_example/lib/turtlebot3_example
[0.641s] Installing turtlebot3_position_control script to /home/kyle/testWS/install/turtlebot3_example/lib/turtlebot3_example
[0.642s] writing list of installed files to '/home/kyle/testWS/build/turtlebot3_example/install.log'
[0.653s] Invoked command in '/home/kyle/testWS/src/turtlebot3/turtlebot3/turtlebot3_example' returned '0': CMAKE_PREFIX_PATH=/home/kyle/testWS/install/turtlebot3_msgs:/home/kyle/testWS/install/turtlebot3:/home/kyle/testWS/install/turtlebot3_simulations:/home/kyle/testWS/install/turtlebot3_bringup:/home/kyle/testWS/install/turtlebot3_node:/home/kyle/testWS/install/turtlebot3_navigation2:/home/kyle/testWS/install/turtlebot3_fake_node:/home/kyle/testWS/install/turtlebot3_gazebo:/home/kyle/testWS/install/turtlebot3_description:/home/kyle/testWS/install/turtlebot3_cartographer:/home/kyle/testWS/install/hls_lfcd_lds_driver:/home/kyle/testWS/install/dynamixel_sdk_examples:/home/kyle/testWS/install/dynamixel_sdk_custom_interfaces:/home/kyle/testWS/install/dynamixel_sdk PYTHONPATH=/home/kyle/testWS/build/turtlebot3_example/prefix_override:/usr/lib/python3/dist-packages/colcon_core/task/python/colcon_distutils_commands:/home/kyle/testWS/install/turtlebot3_example/lib/python3.8/site-packages:/home/kyle/testWS/install/turtlebot3_msgs/lib/python3.8/site-packages:/home/kyle/testWS/install/turtlebot3_teleop/lib/python3.8/site-packages:/home/kyle/testWS/install/turtlebot3_example/lib/python3.8/site-packages:/home/kyle/testWS/install/tb_control/lib/python3.8/site-packages:/home/kyle/testWS/install/dynamixel_sdk_custom_interfaces/lib/python3.8/site-packages:/opt/ros/galactic/lib/python3.8/site-packages /usr/bin/python3 -W ignore:setup.py install is deprecated setup.py egg_info --egg-base ../../../../build/turtlebot3_example build --build-base /home/kyle/testWS/build/turtlebot3_example/build install --record /home/kyle/testWS/build/turtlebot3_example/install.log --single-version-externally-managed install_data
