-- Found ament_cmake: 1.1.6 (/opt/ros/galactic/share/ament_cmake/cmake)
-- Using PYTHON_EXECUTABLE: /usr/bin/python3
-- Override CMake install command with custom implementation using symlinks instead of copying resources
-- Found rclcpp: 9.2.2 (/opt/ros/galactic/share/rclcpp/cmake)
-- Using all available rosidl_typesupport_c: rosidl_typesupport_fastrtps_c;rosidl_typesupport_introspection_c
-- Found rosidl_adapter: 2.2.3 (/opt/ros/galactic/share/rosidl_adapter/cmake)
-- Using all available rosidl_typesupport_cpp: rosidl_typesupport_fastrtps_cpp;rosidl_typesupport_introspection_cpp
-- Found rmw_implementation_cmake: 3.3.1 (/opt/ros/galactic/share/rmw_implementation_cmake/cmake)
-- Found rmw_cyclonedds_cpp: 0.22.6 (/opt/ros/galactic/share/rmw_cyclonedds_cpp/cmake)
-- Using RMW implementation 'rmw_cyclonedds_cpp' as default
-- Found sensor_msgs: 2.2.4 (/opt/ros/galactic/share/sensor_msgs/cmake)
-- Configuring done
-- Generating done
-- Build files have been written to: /home/kyle/testWS/build/hls_lfcd_lds_driver
[100%] Built target hlds_laser_publisher
-- Install configuration: ""
-- Execute custom install script
-- Up-to-date symlink: /home/kyle/testWS/install/hls_lfcd_lds_driver/share/hls_lfcd_lds_driver/launch/hlds_laser.launch.py
-- Up-to-date symlink: /home/kyle/testWS/install/hls_lfcd_lds_driver/share/hls_lfcd_lds_driver/launch/view_hlds_laser.launch.py
-- Up-to-date symlink: /home/kyle/testWS/install/hls_lfcd_lds_driver/share/hls_lfcd_lds_driver/rviz/hlds_laser.rviz
-- Up-to-date symlink: /home/kyle/testWS/install/hls_lfcd_lds_driver/lib/hls_lfcd_lds_driver/hlds_laser_publisher
-- Up-to-date symlink: /home/kyle/testWS/install/hls_lfcd_lds_driver/share/ament_index/resource_index/package_run_dependencies/hls_lfcd_lds_driver
-- Up-to-date symlink: /home/kyle/testWS/install/hls_lfcd_lds_driver/share/ament_index/resource_index/parent_prefix_path/hls_lfcd_lds_driver
-- Up-to-date symlink: /home/kyle/testWS/install/hls_lfcd_lds_driver/share/hls_lfcd_lds_driver/environment/ament_prefix_path.sh
-- Up-to-date symlink: /home/kyle/testWS/install/hls_lfcd_lds_driver/share/hls_lfcd_lds_driver/environment/ament_prefix_path.dsv
-- Up-to-date symlink: /home/kyle/testWS/install/hls_lfcd_lds_driver/share/hls_lfcd_lds_driver/environment/path.sh
-- Up-to-date symlink: /home/kyle/testWS/install/hls_lfcd_lds_driver/share/hls_lfcd_lds_driver/environment/path.dsv
-- Up-to-date symlink: /home/kyle/testWS/install/hls_lfcd_lds_driver/share/hls_lfcd_lds_driver/local_setup.bash
-- Up-to-date symlink: /home/kyle/testWS/install/hls_lfcd_lds_driver/share/hls_lfcd_lds_driver/local_setup.sh
-- Up-to-date symlink: /home/kyle/testWS/install/hls_lfcd_lds_driver/share/hls_lfcd_lds_driver/local_setup.zsh
-- Up-to-date symlink: /home/kyle/testWS/install/hls_lfcd_lds_driver/share/hls_lfcd_lds_driver/local_setup.dsv
-- Symlinking: /home/kyle/testWS/install/hls_lfcd_lds_driver/share/hls_lfcd_lds_driver/package.dsv
-- Up-to-date symlink: /home/kyle/testWS/install/hls_lfcd_lds_driver/share/ament_index/resource_index/packages/hls_lfcd_lds_driver
-- Up-to-date symlink: /home/kyle/testWS/install/hls_lfcd_lds_driver/share/hls_lfcd_lds_driver/cmake/ament_cmake_export_dependencies-extras.cmake
-- Up-to-date symlink: /home/kyle/testWS/install/hls_lfcd_lds_driver/share/hls_lfcd_lds_driver/cmake/ament_cmake_export_include_directories-extras.cmake
-- Up-to-date symlink: /home/kyle/testWS/install/hls_lfcd_lds_driver/share/hls_lfcd_lds_driver/cmake/hls_lfcd_lds_driverConfig.cmake
-- Up-to-date symlink: /home/kyle/testWS/install/hls_lfcd_lds_driver/share/hls_lfcd_lds_driver/cmake/hls_lfcd_lds_driverConfig-version.cmake
-- Up-to-date symlink: /home/kyle/testWS/install/hls_lfcd_lds_driver/share/hls_lfcd_lds_driver/package.xml
