[0.021s] Invoking command in '/home/kyle/testWS/build/turtlebot3_node': CMAKE_PREFIX_PATH=/home/kyle/testWS/install/turtlebot3_msgs:/home/kyle/testWS/install/dynamixel_sdk:/home/kyle/testWS/install/turtlebot3:/home/kyle/testWS/install/turtlebot3_simulations:/home/kyle/testWS/install/turtlebot3_bringup:/home/kyle/testWS/install/turtlebot3_node:/home/kyle/testWS/install/turtlebot3_navigation2:/home/kyle/testWS/install/turtlebot3_fake_node:/home/kyle/testWS/install/turtlebot3_gazebo:/home/kyle/testWS/install/turtlebot3_description:/home/kyle/testWS/install/turtlebot3_cartographer:/home/kyle/testWS/install/hls_lfcd_lds_driver:/home/kyle/testWS/install/dynamixel_sdk_examples:/home/kyle/testWS/install/dynamixel_sdk_custom_interfaces:/home/kyle/testWS/install/turtlebot3_teleop:/home/kyle/testWS/install/turtlebot3_example:/opt/ros/galactic LD_LIBRARY_PATH=/home/kyle/testWS/install/turtlebot3_msgs/lib:/home/kyle/testWS/install/dynamixel_sdk/lib:/home/kyle/testWS/install/dynamixel_sdk_custom_interfaces/lib:/usr/lib/x86_64-linux-gnu/gazebo-11/plugins:/opt/ros/galactic/opt/yaml_cpp_vendor/lib:/opt/ros/galactic/opt/rviz_ogre_vendor/lib:/opt/ros/galactic/lib/x86_64-linux-gnu:/opt/ros/galactic/lib PYTHONPATH=/home/kyle/testWS/install/turtlebot3_msgs/lib/python3.8/site-packages:/home/kyle/testWS/build/turtlebot3_teleop:/home/kyle/testWS/install/turtlebot3_teleop/lib/python3.8/site-packages:/home/kyle/testWS/build/turtlebot3_example:/home/kyle/testWS/install/turtlebot3_example/lib/python3.8/site-packages:/home/kyle/testWS/install/dynamixel_sdk_custom_interfaces/lib/python3.8/site-packages:/opt/ros/galactic/lib/python3.8/site-packages /usr/bin/cmake /home/kyle/testWS/src/turtlebot3/turtlebot3/turtlebot3_node -DCMAKE_INSTALL_PREFIX=/home/kyle/testWS/install/turtlebot3_node
[0.179s] -- Found ament_cmake: 1.1.6 (/opt/ros/galactic/share/ament_cmake/cmake)
[0.179s] -- Using PYTHON_EXECUTABLE: /usr/bin/python3
[0.180s] -- Override CMake install command with custom implementation using symlinks instead of copying resources
[0.180s] -- Found dynamixel_sdk: 3.7.40 (/home/kyle/testWS/install/dynamixel_sdk/share/dynamixel_sdk/cmake)
[0.180s] -- Found geometry_msgs: 2.2.4 (/opt/ros/galactic/share/geometry_msgs/cmake)
[0.180s] -- Using all available rosidl_typesupport_c: rosidl_typesupport_fastrtps_c;rosidl_typesupport_introspection_c
[0.180s] -- Found rosidl_adapter: 2.2.3 (/opt/ros/galactic/share/rosidl_adapter/cmake)
[0.212s] -- Using all available rosidl_typesupport_cpp: rosidl_typesupport_fastrtps_cpp;rosidl_typesupport_introspection_cpp
[0.266s] -- Found message_filters: 3.2.6 (/opt/ros/galactic/share/message_filters/cmake)
[0.291s] -- Found rmw_implementation_cmake: 3.3.1 (/opt/ros/galactic/share/rmw_implementation_cmake/cmake)
[0.292s] -- Found rmw_cyclonedds_cpp: 0.22.6 (/opt/ros/galactic/share/rmw_cyclonedds_cpp/cmake)
[0.304s] -- Using RMW implementation 'rmw_cyclonedds_cpp' as default
[0.394s] -- Found nav_msgs: 2.2.4 (/opt/ros/galactic/share/nav_msgs/cmake)
[0.439s] -- Found sensor_msgs: 2.2.4 (/opt/ros/galactic/share/sensor_msgs/cmake)
[0.482s] -- Found std_srvs: 2.2.4 (/opt/ros/galactic/share/std_srvs/cmake)
[0.488s] -- Found tf2: 0.17.5 (/opt/ros/galactic/share/tf2/cmake)
[0.494s] -- Found tf2_ros: 0.17.5 (/opt/ros/galactic/share/tf2_ros/cmake)
[0.691s] -- Found turtlebot3_msgs: 2.2.1 (/home/kyle/testWS/install/turtlebot3_msgs/share/turtlebot3_msgs/cmake)
[0.799s] -- Configuring done
[0.813s] -- Generating done
[0.814s] -- Build files have been written to: /home/kyle/testWS/build/turtlebot3_node
[0.820s] Invoked command in '/home/kyle/testWS/build/turtlebot3_node' returned '0': CMAKE_PREFIX_PATH=/home/kyle/testWS/install/turtlebot3_msgs:/home/kyle/testWS/install/dynamixel_sdk:/home/kyle/testWS/install/turtlebot3:/home/kyle/testWS/install/turtlebot3_simulations:/home/kyle/testWS/install/turtlebot3_bringup:/home/kyle/testWS/install/turtlebot3_node:/home/kyle/testWS/install/turtlebot3_navigation2:/home/kyle/testWS/install/turtlebot3_fake_node:/home/kyle/testWS/install/turtlebot3_gazebo:/home/kyle/testWS/install/turtlebot3_description:/home/kyle/testWS/install/turtlebot3_cartographer:/home/kyle/testWS/install/hls_lfcd_lds_driver:/home/kyle/testWS/install/dynamixel_sdk_examples:/home/kyle/testWS/install/dynamixel_sdk_custom_interfaces:/home/kyle/testWS/install/turtlebot3_teleop:/home/kyle/testWS/install/turtlebot3_example:/opt/ros/galactic LD_LIBRARY_PATH=/home/kyle/testWS/install/turtlebot3_msgs/lib:/home/kyle/testWS/install/dynamixel_sdk/lib:/home/kyle/testWS/install/dynamixel_sdk_custom_interfaces/lib:/usr/lib/x86_64-linux-gnu/gazebo-11/plugins:/opt/ros/galactic/opt/yaml_cpp_vendor/lib:/opt/ros/galactic/opt/rviz_ogre_vendor/lib:/opt/ros/galactic/lib/x86_64-linux-gnu:/opt/ros/galactic/lib PYTHONPATH=/home/kyle/testWS/install/turtlebot3_msgs/lib/python3.8/site-packages:/home/kyle/testWS/build/turtlebot3_teleop:/home/kyle/testWS/install/turtlebot3_teleop/lib/python3.8/site-packages:/home/kyle/testWS/build/turtlebot3_example:/home/kyle/testWS/install/turtlebot3_example/lib/python3.8/site-packages:/home/kyle/testWS/install/dynamixel_sdk_custom_interfaces/lib/python3.8/site-packages:/opt/ros/galactic/lib/python3.8/site-packages /usr/bin/cmake /home/kyle/testWS/src/turtlebot3/turtlebot3/turtlebot3_node -DCMAKE_INSTALL_PREFIX=/home/kyle/testWS/install/turtlebot3_node
[0.822s] Invoking command in '/home/kyle/testWS/build/turtlebot3_node': CMAKE_PREFIX_PATH=/home/kyle/testWS/install/turtlebot3_msgs:/home/kyle/testWS/install/dynamixel_sdk:/home/kyle/testWS/install/turtlebot3:/home/kyle/testWS/install/turtlebot3_simulations:/home/kyle/testWS/install/turtlebot3_bringup:/home/kyle/testWS/install/turtlebot3_node:/home/kyle/testWS/install/turtlebot3_navigation2:/home/kyle/testWS/install/turtlebot3_fake_node:/home/kyle/testWS/install/turtlebot3_gazebo:/home/kyle/testWS/install/turtlebot3_description:/home/kyle/testWS/install/turtlebot3_cartographer:/home/kyle/testWS/install/hls_lfcd_lds_driver:/home/kyle/testWS/install/dynamixel_sdk_examples:/home/kyle/testWS/install/dynamixel_sdk_custom_interfaces:/home/kyle/testWS/install/turtlebot3_teleop:/home/kyle/testWS/install/turtlebot3_example:/opt/ros/galactic LD_LIBRARY_PATH=/home/kyle/testWS/install/turtlebot3_msgs/lib:/home/kyle/testWS/install/dynamixel_sdk/lib:/home/kyle/testWS/install/dynamixel_sdk_custom_interfaces/lib:/usr/lib/x86_64-linux-gnu/gazebo-11/plugins:/opt/ros/galactic/opt/yaml_cpp_vendor/lib:/opt/ros/galactic/opt/rviz_ogre_vendor/lib:/opt/ros/galactic/lib/x86_64-linux-gnu:/opt/ros/galactic/lib PYTHONPATH=/home/kyle/testWS/install/turtlebot3_msgs/lib/python3.8/site-packages:/home/kyle/testWS/build/turtlebot3_teleop:/home/kyle/testWS/install/turtlebot3_teleop/lib/python3.8/site-packages:/home/kyle/testWS/build/turtlebot3_example:/home/kyle/testWS/install/turtlebot3_example/lib/python3.8/site-packages:/home/kyle/testWS/install/dynamixel_sdk_custom_interfaces/lib/python3.8/site-packages:/opt/ros/galactic/lib/python3.8/site-packages /usr/bin/cmake --build /home/kyle/testWS/build/turtlebot3_node -- -j16 -l16
[0.885s] [ 85%] Built target turtlebot3_node_lib
[0.913s] [100%] Built target turtlebot3_ros
[0.923s] Invoked command in '/home/kyle/testWS/build/turtlebot3_node' returned '0': CMAKE_PREFIX_PATH=/home/kyle/testWS/install/turtlebot3_msgs:/home/kyle/testWS/install/dynamixel_sdk:/home/kyle/testWS/install/turtlebot3:/home/kyle/testWS/install/turtlebot3_simulations:/home/kyle/testWS/install/turtlebot3_bringup:/home/kyle/testWS/install/turtlebot3_node:/home/kyle/testWS/install/turtlebot3_navigation2:/home/kyle/testWS/install/turtlebot3_fake_node:/home/kyle/testWS/install/turtlebot3_gazebo:/home/kyle/testWS/install/turtlebot3_description:/home/kyle/testWS/install/turtlebot3_cartographer:/home/kyle/testWS/install/hls_lfcd_lds_driver:/home/kyle/testWS/install/dynamixel_sdk_examples:/home/kyle/testWS/install/dynamixel_sdk_custom_interfaces:/home/kyle/testWS/install/turtlebot3_teleop:/home/kyle/testWS/install/turtlebot3_example:/opt/ros/galactic LD_LIBRARY_PATH=/home/kyle/testWS/install/turtlebot3_msgs/lib:/home/kyle/testWS/install/dynamixel_sdk/lib:/home/kyle/testWS/install/dynamixel_sdk_custom_interfaces/lib:/usr/lib/x86_64-linux-gnu/gazebo-11/plugins:/opt/ros/galactic/opt/yaml_cpp_vendor/lib:/opt/ros/galactic/opt/rviz_ogre_vendor/lib:/opt/ros/galactic/lib/x86_64-linux-gnu:/opt/ros/galactic/lib PYTHONPATH=/home/kyle/testWS/install/turtlebot3_msgs/lib/python3.8/site-packages:/home/kyle/testWS/build/turtlebot3_teleop:/home/kyle/testWS/install/turtlebot3_teleop/lib/python3.8/site-packages:/home/kyle/testWS/build/turtlebot3_example:/home/kyle/testWS/install/turtlebot3_example/lib/python3.8/site-packages:/home/kyle/testWS/install/dynamixel_sdk_custom_interfaces/lib/python3.8/site-packages:/opt/ros/galactic/lib/python3.8/site-packages /usr/bin/cmake --build /home/kyle/testWS/build/turtlebot3_node -- -j16 -l16
[0.964s] Invoking command in '/home/kyle/testWS/build/turtlebot3_node': CMAKE_PREFIX_PATH=/home/kyle/testWS/install/turtlebot3_msgs:/home/kyle/testWS/install/dynamixel_sdk:/home/kyle/testWS/install/turtlebot3:/home/kyle/testWS/install/turtlebot3_simulations:/home/kyle/testWS/install/turtlebot3_bringup:/home/kyle/testWS/install/turtlebot3_node:/home/kyle/testWS/install/turtlebot3_navigation2:/home/kyle/testWS/install/turtlebot3_fake_node:/home/kyle/testWS/install/turtlebot3_gazebo:/home/kyle/testWS/install/turtlebot3_description:/home/kyle/testWS/install/turtlebot3_cartographer:/home/kyle/testWS/install/hls_lfcd_lds_driver:/home/kyle/testWS/install/dynamixel_sdk_examples:/home/kyle/testWS/install/dynamixel_sdk_custom_interfaces:/home/kyle/testWS/install/turtlebot3_teleop:/home/kyle/testWS/install/turtlebot3_example:/opt/ros/galactic LD_LIBRARY_PATH=/home/kyle/testWS/install/turtlebot3_msgs/lib:/home/kyle/testWS/install/dynamixel_sdk/lib:/home/kyle/testWS/install/dynamixel_sdk_custom_interfaces/lib:/usr/lib/x86_64-linux-gnu/gazebo-11/plugins:/opt/ros/galactic/opt/yaml_cpp_vendor/lib:/opt/ros/galactic/opt/rviz_ogre_vendor/lib:/opt/ros/galactic/lib/x86_64-linux-gnu:/opt/ros/galactic/lib PYTHONPATH=/home/kyle/testWS/install/turtlebot3_msgs/lib/python3.8/site-packages:/home/kyle/testWS/build/turtlebot3_teleop:/home/kyle/testWS/install/turtlebot3_teleop/lib/python3.8/site-packages:/home/kyle/testWS/build/turtlebot3_example:/home/kyle/testWS/install/turtlebot3_example/lib/python3.8/site-packages:/home/kyle/testWS/install/dynamixel_sdk_custom_interfaces/lib/python3.8/site-packages:/opt/ros/galactic/lib/python3.8/site-packages /usr/bin/cmake --install /home/kyle/testWS/build/turtlebot3_node
[0.969s] -- Install configuration: ""
[0.970s] -- Execute custom install script
[0.970s] -- Up-to-date symlink: /home/kyle/testWS/install/turtlebot3_node/share/turtlebot3_node/param/burger.yaml
[0.970s] -- Up-to-date symlink: /home/kyle/testWS/install/turtlebot3_node/share/turtlebot3_node/param/waffle.yaml
[0.970s] -- Up-to-date symlink: /home/kyle/testWS/install/turtlebot3_node/share/turtlebot3_node/param/waffle_pi.yaml
[0.971s] -- Up-to-date symlink: /home/kyle/testWS/install/turtlebot3_node/lib/turtlebot3_node/turtlebot3_ros
[0.971s] -- Up-to-date symlink: /home/kyle/testWS/install/turtlebot3_node/share/ament_index/resource_index/package_run_dependencies/turtlebot3_node
[0.971s] -- Up-to-date symlink: /home/kyle/testWS/install/turtlebot3_node/share/ament_index/resource_index/parent_prefix_path/turtlebot3_node
[0.971s] -- Up-to-date symlink: /home/kyle/testWS/install/turtlebot3_node/share/turtlebot3_node/environment/ament_prefix_path.sh
[0.971s] -- Up-to-date symlink: /home/kyle/testWS/install/turtlebot3_node/share/turtlebot3_node/environment/ament_prefix_path.dsv
[0.971s] -- Up-to-date symlink: /home/kyle/testWS/install/turtlebot3_node/share/turtlebot3_node/environment/path.sh
[0.972s] -- Up-to-date symlink: /home/kyle/testWS/install/turtlebot3_node/share/turtlebot3_node/environment/path.dsv
[0.972s] -- Up-to-date symlink: /home/kyle/testWS/install/turtlebot3_node/share/turtlebot3_node/local_setup.bash
[0.972s] -- Up-to-date symlink: /home/kyle/testWS/install/turtlebot3_node/share/turtlebot3_node/local_setup.sh
[0.972s] -- Up-to-date symlink: /home/kyle/testWS/install/turtlebot3_node/share/turtlebot3_node/local_setup.zsh
[0.972s] -- Up-to-date symlink: /home/kyle/testWS/install/turtlebot3_node/share/turtlebot3_node/local_setup.dsv
[0.972s] -- Symlinking: /home/kyle/testWS/install/turtlebot3_node/share/turtlebot3_node/package.dsv
[0.980s] -- Up-to-date symlink: /home/kyle/testWS/install/turtlebot3_node/share/ament_index/resource_index/packages/turtlebot3_node
[0.981s] -- Up-to-date symlink: /home/kyle/testWS/install/turtlebot3_node/share/turtlebot3_node/cmake/ament_cmake_export_include_directories-extras.cmake
[0.981s] -- Up-to-date symlink: /home/kyle/testWS/install/turtlebot3_node/share/turtlebot3_node/cmake/turtlebot3_nodeConfig.cmake
[0.981s] -- Up-to-date symlink: /home/kyle/testWS/install/turtlebot3_node/share/turtlebot3_node/cmake/turtlebot3_nodeConfig-version.cmake
[0.981s] -- Up-to-date symlink: /home/kyle/testWS/install/turtlebot3_node/share/turtlebot3_node/package.xml
[0.992s] Invoked command in '/home/kyle/testWS/build/turtlebot3_node' returned '0': CMAKE_PREFIX_PATH=/home/kyle/testWS/install/turtlebot3_msgs:/home/kyle/testWS/install/dynamixel_sdk:/home/kyle/testWS/install/turtlebot3:/home/kyle/testWS/install/turtlebot3_simulations:/home/kyle/testWS/install/turtlebot3_bringup:/home/kyle/testWS/install/turtlebot3_node:/home/kyle/testWS/install/turtlebot3_navigation2:/home/kyle/testWS/install/turtlebot3_fake_node:/home/kyle/testWS/install/turtlebot3_gazebo:/home/kyle/testWS/install/turtlebot3_description:/home/kyle/testWS/install/turtlebot3_cartographer:/home/kyle/testWS/install/hls_lfcd_lds_driver:/home/kyle/testWS/install/dynamixel_sdk_examples:/home/kyle/testWS/install/dynamixel_sdk_custom_interfaces:/home/kyle/testWS/install/turtlebot3_teleop:/home/kyle/testWS/install/turtlebot3_example:/opt/ros/galactic LD_LIBRARY_PATH=/home/kyle/testWS/install/turtlebot3_msgs/lib:/home/kyle/testWS/install/dynamixel_sdk/lib:/home/kyle/testWS/install/dynamixel_sdk_custom_interfaces/lib:/usr/lib/x86_64-linux-gnu/gazebo-11/plugins:/opt/ros/galactic/opt/yaml_cpp_vendor/lib:/opt/ros/galactic/opt/rviz_ogre_vendor/lib:/opt/ros/galactic/lib/x86_64-linux-gnu:/opt/ros/galactic/lib PYTHONPATH=/home/kyle/testWS/install/turtlebot3_msgs/lib/python3.8/site-packages:/home/kyle/testWS/build/turtlebot3_teleop:/home/kyle/testWS/install/turtlebot3_teleop/lib/python3.8/site-packages:/home/kyle/testWS/build/turtlebot3_example:/home/kyle/testWS/install/turtlebot3_example/lib/python3.8/site-packages:/home/kyle/testWS/install/dynamixel_sdk_custom_interfaces/lib/python3.8/site-packages:/opt/ros/galactic/lib/python3.8/site-packages /usr/bin/cmake --install /home/kyle/testWS/build/turtlebot3_node
