[0.038s] Invoking command in '/home/kyle/testWS/build/turtlebot3_navigation2': CMAKE_PREFIX_PATH=${CMAKE_PREFIX_PATH}:/home/kyle/testWS/install/turtlebot3_teleop:/home/kyle/testWS/install/turtlebot3_example:/opt/ros/galactic /usr/bin/cmake /home/kyle/testWS/src/turtlebot3/turtlebot3/turtlebot3_navigation2 -DCMAKE_INSTALL_PREFIX=/home/kyle/testWS/install/turtlebot3_navigation2
[0.369s] -- Found ament_cmake: 1.1.6 (/opt/ros/galactic/share/ament_cmake/cmake)
[0.369s] -- Using PYTHON_EXECUTABLE: /usr/bin/python3
[0.369s] -- Override CMake install command with custom implementation using symlinks instead of copying resources
[0.370s] -- Configuring done
[0.371s] -- Generating done
[0.371s] -- Build files have been written to: /home/kyle/testWS/build/turtlebot3_navigation2
[0.378s] Invoked command in '/home/kyle/testWS/build/turtlebot3_navigation2' returned '0': CMAKE_PREFIX_PATH=${CMAKE_PREFIX_PATH}:/home/kyle/testWS/install/turtlebot3_teleop:/home/kyle/testWS/install/turtlebot3_example:/opt/ros/galactic /usr/bin/cmake /home/kyle/testWS/src/turtlebot3/turtlebot3/turtlebot3_navigation2 -DCMAKE_INSTALL_PREFIX=/home/kyle/testWS/install/turtlebot3_navigation2
[0.379s] Invoking command in '/home/kyle/testWS/build/turtlebot3_navigation2': CMAKE_PREFIX_PATH=${CMAKE_PREFIX_PATH}:/home/kyle/testWS/install/turtlebot3_teleop:/home/kyle/testWS/install/turtlebot3_example:/opt/ros/galactic /usr/bin/cmake --build /home/kyle/testWS/build/turtlebot3_navigation2 -- -j16 -l16
[0.402s] Invoked command in '/home/kyle/testWS/build/turtlebot3_navigation2' returned '0': CMAKE_PREFIX_PATH=${CMAKE_PREFIX_PATH}:/home/kyle/testWS/install/turtlebot3_teleop:/home/kyle/testWS/install/turtlebot3_example:/opt/ros/galactic /usr/bin/cmake --build /home/kyle/testWS/build/turtlebot3_navigation2 -- -j16 -l16
[0.431s] Invoking command in '/home/kyle/testWS/build/turtlebot3_navigation2': CMAKE_PREFIX_PATH=${CMAKE_PREFIX_PATH}:/home/kyle/testWS/install/turtlebot3_teleop:/home/kyle/testWS/install/turtlebot3_example:/opt/ros/galactic /usr/bin/cmake --install /home/kyle/testWS/build/turtlebot3_navigation2
[0.438s] -- Install configuration: ""
[0.439s] -- Execute custom install script
[0.439s] -- Up-to-date symlink: /home/kyle/testWS/install/turtlebot3_navigation2/share/turtlebot3_navigation2/launch/navigation2.launch.py
[0.439s] -- Up-to-date symlink: /home/kyle/testWS/install/turtlebot3_navigation2/share/turtlebot3_navigation2/map/turtlebot3_world.pgm
[0.439s] -- Up-to-date symlink: /home/kyle/testWS/install/turtlebot3_navigation2/share/turtlebot3_navigation2/map/turtlebot3_world.yaml
[0.440s] -- Up-to-date symlink: /home/kyle/testWS/install/turtlebot3_navigation2/share/turtlebot3_navigation2/param/burger.yaml
[0.440s] -- Up-to-date symlink: /home/kyle/testWS/install/turtlebot3_navigation2/share/turtlebot3_navigation2/param/waffle.yaml
[0.440s] -- Up-to-date symlink: /home/kyle/testWS/install/turtlebot3_navigation2/share/turtlebot3_navigation2/param/waffle_pi.yaml
[0.440s] -- Up-to-date symlink: /home/kyle/testWS/install/turtlebot3_navigation2/share/turtlebot3_navigation2/rviz/tb3_navigation2.rviz
[0.440s] -- Up-to-date symlink: /home/kyle/testWS/install/turtlebot3_navigation2/share/ament_index/resource_index/package_run_dependencies/turtlebot3_navigation2
[0.440s] -- Up-to-date symlink: /home/kyle/testWS/install/turtlebot3_navigation2/share/ament_index/resource_index/parent_prefix_path/turtlebot3_navigation2
[0.441s] -- Up-to-date symlink: /home/kyle/testWS/install/turtlebot3_navigation2/share/turtlebot3_navigation2/environment/ament_prefix_path.sh
[0.441s] -- Up-to-date symlink: /home/kyle/testWS/install/turtlebot3_navigation2/share/turtlebot3_navigation2/environment/ament_prefix_path.dsv
[0.441s] -- Up-to-date symlink: /home/kyle/testWS/install/turtlebot3_navigation2/share/turtlebot3_navigation2/environment/path.sh
[0.441s] -- Up-to-date symlink: /home/kyle/testWS/install/turtlebot3_navigation2/share/turtlebot3_navigation2/environment/path.dsv
[0.443s] -- Up-to-date symlink: /home/kyle/testWS/install/turtlebot3_navigation2/share/turtlebot3_navigation2/local_setup.bash
[0.445s] -- Up-to-date symlink: /home/kyle/testWS/install/turtlebot3_navigation2/share/turtlebot3_navigation2/local_setup.sh
[0.445s] -- Up-to-date symlink: /home/kyle/testWS/install/turtlebot3_navigation2/share/turtlebot3_navigation2/local_setup.zsh
[0.445s] -- Up-to-date symlink: /home/kyle/testWS/install/turtlebot3_navigation2/share/turtlebot3_navigation2/local_setup.dsv
[0.445s] -- Symlinking: /home/kyle/testWS/install/turtlebot3_navigation2/share/turtlebot3_navigation2/package.dsv
[0.449s] -- Up-to-date symlink: /home/kyle/testWS/install/turtlebot3_navigation2/share/ament_index/resource_index/packages/turtlebot3_navigation2
[0.449s] -- Up-to-date symlink: /home/kyle/testWS/install/turtlebot3_navigation2/share/turtlebot3_navigation2/cmake/turtlebot3_navigation2Config.cmake
[0.450s] -- Up-to-date symlink: /home/kyle/testWS/install/turtlebot3_navigation2/share/turtlebot3_navigation2/cmake/turtlebot3_navigation2Config-version.cmake
[0.450s] -- Up-to-date symlink: /home/kyle/testWS/install/turtlebot3_navigation2/share/turtlebot3_navigation2/package.xml
[0.473s] Invoked command in '/home/kyle/testWS/build/turtlebot3_navigation2' returned '0': CMAKE_PREFIX_PATH=${CMAKE_PREFIX_PATH}:/home/kyle/testWS/install/turtlebot3_teleop:/home/kyle/testWS/install/turtlebot3_example:/opt/ros/galactic /usr/bin/cmake --install /home/kyle/testWS/build/turtlebot3_navigation2
