[0.031s] Invoking command in '/home/kyle/testWS/build/turtlebot3_navigation2': CMAKE_PREFIX_PATH=/opt/ros/galactic /usr/bin/cmake /home/kyle/testWS/src/turtlebot3/turtlebot3/turtlebot3_navigation2 -DAMENT_CMAKE_SYMLINK_INSTALL=1 -DCMAKE_INSTALL_PREFIX=/home/kyle/testWS/install/turtlebot3_navigation2
[0.180s] -- The C compiler identification is GNU 9.4.0
[0.246s] -- The CXX compiler identification is GNU 9.4.0
[0.250s] -- Check for working C compiler: /usr/bin/cc
[0.298s] -- Check for working C compiler: /usr/bin/cc -- works
[0.299s] -- Detecting C compiler ABI info
[0.348s] -- Detecting C compiler ABI info - done
[0.358s] -- Detecting C compile features
[0.359s] -- Detecting C compile features - done
[0.361s] -- Check for working CXX compiler: /usr/bin/c++
[0.418s] -- Check for working CXX compiler: /usr/bin/c++ -- works
[0.419s] -- Detecting CXX compiler ABI info
[0.473s] -- Detecting CXX compiler ABI info - done
[0.480s] -- Detecting CXX compile features
[0.480s] -- Detecting CXX compile features - done
[0.481s] -- Found ament_cmake: 1.1.6 (/opt/ros/galactic/share/ament_cmake/cmake)
[0.497s] -- Found PythonInterp: /usr/bin/python3 (found suitable version "3.8.10", minimum required is "3") 
[0.497s] -- Using PYTHON_EXECUTABLE: /usr/bin/python3
[0.532s] -- Override CMake install command with custom implementation using symlinks instead of copying resources
[0.591s] -- Configuring done
[0.592s] -- Generating done
[0.593s] -- Build files have been written to: /home/kyle/testWS/build/turtlebot3_navigation2
[0.596s] Invoked command in '/home/kyle/testWS/build/turtlebot3_navigation2' returned '0': CMAKE_PREFIX_PATH=/opt/ros/galactic /usr/bin/cmake /home/kyle/testWS/src/turtlebot3/turtlebot3/turtlebot3_navigation2 -DAMENT_CMAKE_SYMLINK_INSTALL=1 -DCMAKE_INSTALL_PREFIX=/home/kyle/testWS/install/turtlebot3_navigation2
[0.599s] Invoking command in '/home/kyle/testWS/build/turtlebot3_navigation2': CMAKE_PREFIX_PATH=/opt/ros/galactic /usr/bin/cmake --build /home/kyle/testWS/build/turtlebot3_navigation2 -- -j16 -l16
[0.625s] Invoked command in '/home/kyle/testWS/build/turtlebot3_navigation2' returned '0': CMAKE_PREFIX_PATH=/opt/ros/galactic /usr/bin/cmake --build /home/kyle/testWS/build/turtlebot3_navigation2 -- -j16 -l16
[0.654s] Invoking command in '/home/kyle/testWS/build/turtlebot3_navigation2': CMAKE_PREFIX_PATH=/opt/ros/galactic /usr/bin/cmake --install /home/kyle/testWS/build/turtlebot3_navigation2
[0.662s] -- Install configuration: ""
[0.662s] -- Execute custom install script
[0.663s] -- Symlinking: /home/kyle/testWS/install/turtlebot3_navigation2/share/turtlebot3_navigation2/launch/navigation2.launch.py
[0.671s] -- Symlinking: /home/kyle/testWS/install/turtlebot3_navigation2/share/turtlebot3_navigation2/map/turtlebot3_world.pgm
[0.678s] -- Symlinking: /home/kyle/testWS/install/turtlebot3_navigation2/share/turtlebot3_navigation2/map/turtlebot3_world.yaml
[0.687s] -- Symlinking: /home/kyle/testWS/install/turtlebot3_navigation2/share/turtlebot3_navigation2/param/burger.yaml
[0.694s] -- Symlinking: /home/kyle/testWS/install/turtlebot3_navigation2/share/turtlebot3_navigation2/param/waffle.yaml
[0.704s] -- Symlinking: /home/kyle/testWS/install/turtlebot3_navigation2/share/turtlebot3_navigation2/param/waffle_pi.yaml
[0.710s] -- Symlinking: /home/kyle/testWS/install/turtlebot3_navigation2/share/turtlebot3_navigation2/rviz/tb3_navigation2.rviz
[0.717s] -- Symlinking: /home/kyle/testWS/install/turtlebot3_navigation2/share/ament_index/resource_index/package_run_dependencies/turtlebot3_navigation2
[0.724s] -- Symlinking: /home/kyle/testWS/install/turtlebot3_navigation2/share/ament_index/resource_index/parent_prefix_path/turtlebot3_navigation2
[0.731s] -- Symlinking: /home/kyle/testWS/install/turtlebot3_navigation2/share/turtlebot3_navigation2/environment/ament_prefix_path.sh
[0.738s] -- Symlinking: /home/kyle/testWS/install/turtlebot3_navigation2/share/turtlebot3_navigation2/environment/ament_prefix_path.dsv
[0.746s] -- Symlinking: /home/kyle/testWS/install/turtlebot3_navigation2/share/turtlebot3_navigation2/environment/path.sh
[0.752s] -- Symlinking: /home/kyle/testWS/install/turtlebot3_navigation2/share/turtlebot3_navigation2/environment/path.dsv
[0.759s] -- Symlinking: /home/kyle/testWS/install/turtlebot3_navigation2/share/turtlebot3_navigation2/local_setup.bash
[0.765s] -- Symlinking: /home/kyle/testWS/install/turtlebot3_navigation2/share/turtlebot3_navigation2/local_setup.sh
[0.771s] -- Symlinking: /home/kyle/testWS/install/turtlebot3_navigation2/share/turtlebot3_navigation2/local_setup.zsh
[0.778s] -- Symlinking: /home/kyle/testWS/install/turtlebot3_navigation2/share/turtlebot3_navigation2/local_setup.dsv
[0.785s] -- Symlinking: /home/kyle/testWS/install/turtlebot3_navigation2/share/turtlebot3_navigation2/package.dsv
[0.791s] -- Symlinking: /home/kyle/testWS/install/turtlebot3_navigation2/share/ament_index/resource_index/packages/turtlebot3_navigation2
[0.799s] -- Symlinking: /home/kyle/testWS/install/turtlebot3_navigation2/share/turtlebot3_navigation2/cmake/turtlebot3_navigation2Config.cmake
[0.808s] -- Symlinking: /home/kyle/testWS/install/turtlebot3_navigation2/share/turtlebot3_navigation2/cmake/turtlebot3_navigation2Config-version.cmake
[0.816s] -- Symlinking: /home/kyle/testWS/install/turtlebot3_navigation2/share/turtlebot3_navigation2/package.xml
[0.841s] Invoked command in '/home/kyle/testWS/build/turtlebot3_navigation2' returned '0': CMAKE_PREFIX_PATH=/opt/ros/galactic /usr/bin/cmake --install /home/kyle/testWS/build/turtlebot3_navigation2
