[0.040s] Invoking command in '/home/kyle/testWS/build/turtlebot3_cartographer': CMAKE_PREFIX_PATH=${CMAKE_PREFIX_PATH}:/home/kyle/testWS/install/turtlebot3_teleop:/home/kyle/testWS/install/turtlebot3_example:/opt/ros/galactic /usr/bin/cmake /home/kyle/testWS/src/turtlebot3/turtlebot3/turtlebot3_cartographer -DCMAKE_INSTALL_PREFIX=/home/kyle/testWS/install/turtlebot3_cartographer
[0.368s] -- Found ament_cmake: 1.1.6 (/opt/ros/galactic/share/ament_cmake/cmake)
[0.370s] -- Using PYTHON_EXECUTABLE: /usr/bin/python3
[0.370s] -- Override CMake install command with custom implementation using symlinks instead of copying resources
[0.370s] -- Configuring done
[0.370s] -- Generating done
[0.370s] -- Build files have been written to: /home/kyle/testWS/build/turtlebot3_cartographer
[0.381s] Invoked command in '/home/kyle/testWS/build/turtlebot3_cartographer' returned '0': CMAKE_PREFIX_PATH=${CMAKE_PREFIX_PATH}:/home/kyle/testWS/install/turtlebot3_teleop:/home/kyle/testWS/install/turtlebot3_example:/opt/ros/galactic /usr/bin/cmake /home/kyle/testWS/src/turtlebot3/turtlebot3/turtlebot3_cartographer -DCMAKE_INSTALL_PREFIX=/home/kyle/testWS/install/turtlebot3_cartographer
[0.382s] Invoking command in '/home/kyle/testWS/build/turtlebot3_cartographer': CMAKE_PREFIX_PATH=${CMAKE_PREFIX_PATH}:/home/kyle/testWS/install/turtlebot3_teleop:/home/kyle/testWS/install/turtlebot3_example:/opt/ros/galactic /usr/bin/cmake --build /home/kyle/testWS/build/turtlebot3_cartographer -- -j16 -l16
[0.402s] Invoked command in '/home/kyle/testWS/build/turtlebot3_cartographer' returned '0': CMAKE_PREFIX_PATH=${CMAKE_PREFIX_PATH}:/home/kyle/testWS/install/turtlebot3_teleop:/home/kyle/testWS/install/turtlebot3_example:/opt/ros/galactic /usr/bin/cmake --build /home/kyle/testWS/build/turtlebot3_cartographer -- -j16 -l16
[0.432s] Invoking command in '/home/kyle/testWS/build/turtlebot3_cartographer': CMAKE_PREFIX_PATH=${CMAKE_PREFIX_PATH}:/home/kyle/testWS/install/turtlebot3_teleop:/home/kyle/testWS/install/turtlebot3_example:/opt/ros/galactic /usr/bin/cmake --install /home/kyle/testWS/build/turtlebot3_cartographer
[0.439s] -- Install configuration: ""
[0.439s] -- Execute custom install script
[0.440s] -- Up-to-date symlink: /home/kyle/testWS/install/turtlebot3_cartographer/share/turtlebot3_cartographer/config/turtlebot3_lds_2d.lua
[0.440s] -- Up-to-date symlink: /home/kyle/testWS/install/turtlebot3_cartographer/share/turtlebot3_cartographer/launch/cartographer.launch.py
[0.440s] -- Up-to-date symlink: /home/kyle/testWS/install/turtlebot3_cartographer/share/turtlebot3_cartographer/launch/occupancy_grid.launch.py
[0.441s] -- Up-to-date symlink: /home/kyle/testWS/install/turtlebot3_cartographer/share/turtlebot3_cartographer/rviz/tb3_cartographer.rviz
[0.441s] -- Up-to-date symlink: /home/kyle/testWS/install/turtlebot3_cartographer/share/ament_index/resource_index/package_run_dependencies/turtlebot3_cartographer
[0.441s] -- Up-to-date symlink: /home/kyle/testWS/install/turtlebot3_cartographer/share/ament_index/resource_index/parent_prefix_path/turtlebot3_cartographer
[0.441s] -- Up-to-date symlink: /home/kyle/testWS/install/turtlebot3_cartographer/share/turtlebot3_cartographer/environment/ament_prefix_path.sh
[0.441s] -- Up-to-date symlink: /home/kyle/testWS/install/turtlebot3_cartographer/share/turtlebot3_cartographer/environment/ament_prefix_path.dsv
[0.442s] -- Up-to-date symlink: /home/kyle/testWS/install/turtlebot3_cartographer/share/turtlebot3_cartographer/environment/path.sh
[0.442s] -- Up-to-date symlink: /home/kyle/testWS/install/turtlebot3_cartographer/share/turtlebot3_cartographer/environment/path.dsv
[0.442s] -- Up-to-date symlink: /home/kyle/testWS/install/turtlebot3_cartographer/share/turtlebot3_cartographer/local_setup.bash
[0.442s] -- Up-to-date symlink: /home/kyle/testWS/install/turtlebot3_cartographer/share/turtlebot3_cartographer/local_setup.sh
[0.443s] -- Up-to-date symlink: /home/kyle/testWS/install/turtlebot3_cartographer/share/turtlebot3_cartographer/local_setup.zsh
[0.443s] -- Up-to-date symlink: /home/kyle/testWS/install/turtlebot3_cartographer/share/turtlebot3_cartographer/local_setup.dsv
[0.443s] -- Symlinking: /home/kyle/testWS/install/turtlebot3_cartographer/share/turtlebot3_cartographer/package.dsv
[0.450s] -- Up-to-date symlink: /home/kyle/testWS/install/turtlebot3_cartographer/share/ament_index/resource_index/packages/turtlebot3_cartographer
[0.450s] -- Up-to-date symlink: /home/kyle/testWS/install/turtlebot3_cartographer/share/turtlebot3_cartographer/cmake/turtlebot3_cartographerConfig.cmake
[0.450s] -- Up-to-date symlink: /home/kyle/testWS/install/turtlebot3_cartographer/share/turtlebot3_cartographer/cmake/turtlebot3_cartographerConfig-version.cmake
[0.450s] -- Up-to-date symlink: /home/kyle/testWS/install/turtlebot3_cartographer/share/turtlebot3_cartographer/package.xml
[0.468s] Invoked command in '/home/kyle/testWS/build/turtlebot3_cartographer' returned '0': CMAKE_PREFIX_PATH=${CMAKE_PREFIX_PATH}:/home/kyle/testWS/install/turtlebot3_teleop:/home/kyle/testWS/install/turtlebot3_example:/opt/ros/galactic /usr/bin/cmake --install /home/kyle/testWS/build/turtlebot3_cartographer
