[0.046s] Invoking command in '/home/kyle/testWS/build/turtlebot3_msgs': CMAKE_PREFIX_PATH=${CMAKE_PREFIX_PATH}:/home/kyle/testWS/install/turtlebot3_teleop:/home/kyle/testWS/install/turtlebot3_example:/opt/ros/galactic /usr/bin/cmake /home/kyle/testWS/src/turtlebot3/turtlebot3_msgs -DCMAKE_INSTALL_PREFIX=/home/kyle/testWS/install/turtlebot3_msgs
[0.382s] -- Found action_msgs: 1.0.3 (/opt/ros/galactic/share/action_msgs/cmake)
[0.382s] -- Found PythonInterp: /usr/bin/python3 (found suitable version "3.8.10", minimum required is "3") 
[0.383s] -- Using PYTHON_EXECUTABLE: /usr/bin/python3
[0.383s] -- Override CMake install command with custom implementation using symlinks instead of copying resources
[0.383s] -- Using all available rosidl_typesupport_c: rosidl_typesupport_fastrtps_c;rosidl_typesupport_introspection_c
[0.383s] -- Found rosidl_adapter: 2.2.3 (/opt/ros/galactic/share/rosidl_adapter/cmake)
[0.384s] -- Using all available rosidl_typesupport_cpp: rosidl_typesupport_fastrtps_cpp;rosidl_typesupport_introspection_cpp
[0.384s] -- Found rosidl_default_generators: 1.1.1 (/opt/ros/galactic/share/rosidl_default_generators/cmake)
[0.384s] -- Found std_msgs: 2.2.4 (/opt/ros/galactic/share/std_msgs/cmake)
[0.384s] -- Found PythonInterp: /usr/bin/python3 (found version "3.8.10") 
[0.452s] -- Found ament_cmake_cppcheck: 0.10.7 (/opt/ros/galactic/share/ament_cmake_cppcheck/cmake)
[0.452s] -- Found ament_cmake_cpplint: 0.10.7 (/opt/ros/galactic/share/ament_cmake_cpplint/cmake)
[0.452s] -- Found ament_cmake_uncrustify: 0.10.7 (/opt/ros/galactic/share/ament_cmake_uncrustify/cmake)
[0.454s] -- Found ament_cmake_ros: 0.9.2 (/opt/ros/galactic/share/ament_cmake_ros/cmake)
[0.602s] -- Using all available rosidl_typesupport_c: rosidl_typesupport_fastrtps_c;rosidl_typesupport_introspection_c
[0.658s] -- Using all available rosidl_typesupport_cpp: rosidl_typesupport_fastrtps_cpp;rosidl_typesupport_introspection_cpp
[0.683s] -- Found PythonInterp: /usr/bin/python3 (found suitable version "3.8.10", minimum required is "3.5") 
[0.684s] -- Found python_cmake_module: 0.8.1 (/opt/ros/galactic/share/python_cmake_module/cmake)
[0.704s] -- Using PYTHON_EXECUTABLE: /usr/bin/python3
[0.704s] -- Using PYTHON_INCLUDE_DIRS: /usr/include/python3.8
[0.704s] -- Using PYTHON_LIBRARIES: /usr/lib/x86_64-linux-gnu/libpython3.8.so
[0.739s] -- Found ament_cmake_flake8: 0.10.7 (/opt/ros/galactic/share/ament_cmake_flake8/cmake)
[0.740s] -- Found ament_cmake_pep257: 0.10.7 (/opt/ros/galactic/share/ament_cmake_pep257/cmake)
[0.749s] -- Configuring done
[0.795s] -- Generating done
[0.797s] -- Build files have been written to: /home/kyle/testWS/build/turtlebot3_msgs
[0.804s] Invoked command in '/home/kyle/testWS/build/turtlebot3_msgs' returned '0': CMAKE_PREFIX_PATH=${CMAKE_PREFIX_PATH}:/home/kyle/testWS/install/turtlebot3_teleop:/home/kyle/testWS/install/turtlebot3_example:/opt/ros/galactic /usr/bin/cmake /home/kyle/testWS/src/turtlebot3/turtlebot3_msgs -DCMAKE_INSTALL_PREFIX=/home/kyle/testWS/install/turtlebot3_msgs
[0.807s] Invoking command in '/home/kyle/testWS/build/turtlebot3_msgs': CMAKE_PREFIX_PATH=${CMAKE_PREFIX_PATH}:/home/kyle/testWS/install/turtlebot3_teleop:/home/kyle/testWS/install/turtlebot3_example:/opt/ros/galactic /usr/bin/cmake --build /home/kyle/testWS/build/turtlebot3_msgs -- -j16 -l16
[0.853s] [ 11%] Built target turtlebot3_msgs__rosidl_generator_c
[0.853s] [ 12%] Built target turtlebot3_msgs__cpp
[0.871s] [ 36%] Built target turtlebot3_msgs__rosidl_typesupport_c
[0.871s] [ 46%] Built target turtlebot3_msgs__rosidl_typesupport_introspection_c
[0.871s] [ 46%] Built target turtlebot3_msgs__rosidl_typesupport_cpp
[0.872s] [ 57%] Built target turtlebot3_msgs__rosidl_typesupport_introspection_cpp
[0.874s] [ 69%] Built target turtlebot3_msgs__rosidl_typesupport_fastrtps_cpp
[0.898s] [ 80%] Built target turtlebot3_msgs__rosidl_typesupport_fastrtps_c
[0.915s] [ 80%] Built target turtlebot3_msgs
[0.932s] [ 81%] Built target turtlebot3_msgs__py
[0.958s] [ 91%] Built target turtlebot3_msgs__python
[0.979s] [ 94%] Built target turtlebot3_msgs__rosidl_typesupport_fastrtps_c__pyext
[0.980s] [ 97%] Built target turtlebot3_msgs__rosidl_typesupport_c__pyext
[0.980s] [100%] Built target turtlebot3_msgs__rosidl_typesupport_introspection_c__pyext
[0.991s] Invoked command in '/home/kyle/testWS/build/turtlebot3_msgs' returned '0': CMAKE_PREFIX_PATH=${CMAKE_PREFIX_PATH}:/home/kyle/testWS/install/turtlebot3_teleop:/home/kyle/testWS/install/turtlebot3_example:/opt/ros/galactic /usr/bin/cmake --build /home/kyle/testWS/build/turtlebot3_msgs -- -j16 -l16
[1.096s] Invoking command in '/home/kyle/testWS/build/turtlebot3_msgs': CMAKE_PREFIX_PATH=${CMAKE_PREFIX_PATH}:/home/kyle/testWS/install/turtlebot3_teleop:/home/kyle/testWS/install/turtlebot3_example:/opt/ros/galactic /usr/bin/cmake --install /home/kyle/testWS/build/turtlebot3_msgs
[1.102s] -- Install configuration: ""
[1.102s] -- Execute custom install script
[1.103s] -- Up-to-date symlink: /home/kyle/testWS/install/turtlebot3_msgs/share/ament_index/resource_index/rosidl_interfaces/turtlebot3_msgs
[1.103s] -- Up-to-date symlink: /home/kyle/testWS/install/turtlebot3_msgs/include/turtlebot3_msgs/action/detail/patrol__functions.h
[1.103s] -- Up-to-date symlink: /home/kyle/testWS/install/turtlebot3_msgs/include/turtlebot3_msgs/action/detail/patrol__struct.h
[1.104s] -- Up-to-date symlink: /home/kyle/testWS/install/turtlebot3_msgs/include/turtlebot3_msgs/action/detail/patrol__type_support.h
[1.104s] -- Up-to-date symlink: /home/kyle/testWS/install/turtlebot3_msgs/include/turtlebot3_msgs/action/patrol.h
[1.104s] -- Up-to-date symlink: /home/kyle/testWS/install/turtlebot3_msgs/include/turtlebot3_msgs/msg/detail/sensor_state__functions.h
[1.104s] -- Up-to-date symlink: /home/kyle/testWS/install/turtlebot3_msgs/include/turtlebot3_msgs/msg/detail/sensor_state__struct.h
[1.104s] -- Up-to-date symlink: /home/kyle/testWS/install/turtlebot3_msgs/include/turtlebot3_msgs/msg/detail/sensor_state__type_support.h
[1.104s] -- Up-to-date symlink: /home/kyle/testWS/install/turtlebot3_msgs/include/turtlebot3_msgs/msg/detail/sound__functions.h
[1.104s] -- Up-to-date symlink: /home/kyle/testWS/install/turtlebot3_msgs/include/turtlebot3_msgs/msg/detail/sound__struct.h
[1.104s] -- Up-to-date symlink: /home/kyle/testWS/install/turtlebot3_msgs/include/turtlebot3_msgs/msg/detail/sound__type_support.h
[1.104s] -- Up-to-date symlink: /home/kyle/testWS/install/turtlebot3_msgs/include/turtlebot3_msgs/msg/detail/version_info__functions.h
[1.105s] -- Up-to-date symlink: /home/kyle/testWS/install/turtlebot3_msgs/include/turtlebot3_msgs/msg/detail/version_info__struct.h
[1.105s] -- Up-to-date symlink: /home/kyle/testWS/install/turtlebot3_msgs/include/turtlebot3_msgs/msg/detail/version_info__type_support.h
[1.105s] -- Up-to-date symlink: /home/kyle/testWS/install/turtlebot3_msgs/include/turtlebot3_msgs/msg/rosidl_generator_c__visibility_control.h
[1.105s] -- Up-to-date symlink: /home/kyle/testWS/install/turtlebot3_msgs/include/turtlebot3_msgs/msg/sensor_state.h
[1.105s] -- Up-to-date symlink: /home/kyle/testWS/install/turtlebot3_msgs/include/turtlebot3_msgs/msg/sound.h
[1.105s] -- Up-to-date symlink: /home/kyle/testWS/install/turtlebot3_msgs/include/turtlebot3_msgs/msg/version_info.h
[1.105s] -- Up-to-date symlink: /home/kyle/testWS/install/turtlebot3_msgs/include/turtlebot3_msgs/srv/detail/dqn__functions.h
[1.105s] -- Up-to-date symlink: /home/kyle/testWS/install/turtlebot3_msgs/include/turtlebot3_msgs/srv/detail/dqn__struct.h
[1.106s] -- Up-to-date symlink: /home/kyle/testWS/install/turtlebot3_msgs/include/turtlebot3_msgs/srv/detail/dqn__type_support.h
[1.106s] -- Up-to-date symlink: /home/kyle/testWS/install/turtlebot3_msgs/include/turtlebot3_msgs/srv/detail/sound__functions.h
[1.106s] -- Up-to-date symlink: /home/kyle/testWS/install/turtlebot3_msgs/include/turtlebot3_msgs/srv/detail/sound__struct.h
[1.106s] -- Up-to-date symlink: /home/kyle/testWS/install/turtlebot3_msgs/include/turtlebot3_msgs/srv/detail/sound__type_support.h
[1.106s] -- Up-to-date symlink: /home/kyle/testWS/install/turtlebot3_msgs/include/turtlebot3_msgs/srv/dqn.h
[1.106s] -- Up-to-date symlink: /home/kyle/testWS/install/turtlebot3_msgs/include/turtlebot3_msgs/srv/sound.h
[1.106s] -- Up-to-date symlink: /home/kyle/testWS/install/turtlebot3_msgs/share/turtlebot3_msgs/environment/library_path.sh
[1.107s] -- Up-to-date symlink: /home/kyle/testWS/install/turtlebot3_msgs/share/turtlebot3_msgs/environment/library_path.dsv
[1.107s] -- Up-to-date symlink: /home/kyle/testWS/install/turtlebot3_msgs/include/turtlebot3_msgs/action/detail/patrol__rosidl_typesupport_fastrtps_c.h
[1.107s] -- Up-to-date symlink: /home/kyle/testWS/install/turtlebot3_msgs/include/turtlebot3_msgs/msg/detail/sensor_state__rosidl_typesupport_fastrtps_c.h
[1.107s] -- Up-to-date symlink: /home/kyle/testWS/install/turtlebot3_msgs/include/turtlebot3_msgs/msg/detail/sound__rosidl_typesupport_fastrtps_c.h
[1.107s] -- Up-to-date symlink: /home/kyle/testWS/install/turtlebot3_msgs/include/turtlebot3_msgs/msg/detail/version_info__rosidl_typesupport_fastrtps_c.h
[1.108s] -- Up-to-date symlink: /home/kyle/testWS/install/turtlebot3_msgs/include/turtlebot3_msgs/msg/rosidl_typesupport_fastrtps_c__visibility_control.h
[1.108s] -- Up-to-date symlink: /home/kyle/testWS/install/turtlebot3_msgs/include/turtlebot3_msgs/srv/detail/dqn__rosidl_typesupport_fastrtps_c.h
[1.108s] -- Up-to-date symlink: /home/kyle/testWS/install/turtlebot3_msgs/include/turtlebot3_msgs/srv/detail/sound__rosidl_typesupport_fastrtps_c.h
[1.108s] -- Up-to-date symlink: /home/kyle/testWS/install/turtlebot3_msgs/lib/libturtlebot3_msgs__rosidl_typesupport_fastrtps_c.so
[1.109s] -- Up-to-date symlink: /home/kyle/testWS/install/turtlebot3_msgs/include/turtlebot3_msgs/action/detail/patrol__rosidl_typesupport_fastrtps_cpp.hpp
[1.109s] -- Up-to-date symlink: /home/kyle/testWS/install/turtlebot3_msgs/include/turtlebot3_msgs/msg/detail/sensor_state__rosidl_typesupport_fastrtps_cpp.hpp
[1.109s] -- Up-to-date symlink: /home/kyle/testWS/install/turtlebot3_msgs/include/turtlebot3_msgs/msg/detail/sound__rosidl_typesupport_fastrtps_cpp.hpp
[1.109s] -- Up-to-date symlink: /home/kyle/testWS/install/turtlebot3_msgs/include/turtlebot3_msgs/msg/detail/version_info__rosidl_typesupport_fastrtps_cpp.hpp
[1.109s] -- Up-to-date symlink: /home/kyle/testWS/install/turtlebot3_msgs/include/turtlebot3_msgs/msg/rosidl_typesupport_fastrtps_cpp__visibility_control.h
[1.109s] -- Up-to-date symlink: /home/kyle/testWS/install/turtlebot3_msgs/include/turtlebot3_msgs/srv/detail/dqn__rosidl_typesupport_fastrtps_cpp.hpp
[1.109s] -- Up-to-date symlink: /home/kyle/testWS/install/turtlebot3_msgs/include/turtlebot3_msgs/srv/detail/sound__rosidl_typesupport_fastrtps_cpp.hpp
[1.110s] -- Up-to-date symlink: /home/kyle/testWS/install/turtlebot3_msgs/lib/libturtlebot3_msgs__rosidl_typesupport_fastrtps_cpp.so
[1.110s] -- Up-to-date symlink: /home/kyle/testWS/install/turtlebot3_msgs/include/turtlebot3_msgs/action/detail/patrol__rosidl_typesupport_introspection_c.h
[1.110s] -- Up-to-date symlink: /home/kyle/testWS/install/turtlebot3_msgs/include/turtlebot3_msgs/msg/detail/sensor_state__rosidl_typesupport_introspection_c.h
[1.110s] -- Up-to-date symlink: /home/kyle/testWS/install/turtlebot3_msgs/include/turtlebot3_msgs/msg/detail/sound__rosidl_typesupport_introspection_c.h
[1.110s] -- Up-to-date symlink: /home/kyle/testWS/install/turtlebot3_msgs/include/turtlebot3_msgs/msg/detail/version_info__rosidl_typesupport_introspection_c.h
[1.111s] -- Up-to-date symlink: /home/kyle/testWS/install/turtlebot3_msgs/include/turtlebot3_msgs/msg/rosidl_typesupport_introspection_c__visibility_control.h
[1.111s] -- Up-to-date symlink: /home/kyle/testWS/install/turtlebot3_msgs/include/turtlebot3_msgs/srv/detail/dqn__rosidl_typesupport_introspection_c.h
[1.111s] -- Up-to-date symlink: /home/kyle/testWS/install/turtlebot3_msgs/include/turtlebot3_msgs/srv/detail/sound__rosidl_typesupport_introspection_c.h
[1.111s] -- Up-to-date symlink: /home/kyle/testWS/install/turtlebot3_msgs/include/turtlebot3_msgs/action/detail/patrol__builder.hpp
[1.111s] -- Up-to-date symlink: /home/kyle/testWS/install/turtlebot3_msgs/include/turtlebot3_msgs/action/detail/patrol__struct.hpp
[1.112s] -- Up-to-date symlink: /home/kyle/testWS/install/turtlebot3_msgs/include/turtlebot3_msgs/action/detail/patrol__traits.hpp
[1.112s] -- Up-to-date symlink: /home/kyle/testWS/install/turtlebot3_msgs/include/turtlebot3_msgs/action/patrol.hpp
[1.112s] -- Up-to-date symlink: /home/kyle/testWS/install/turtlebot3_msgs/include/turtlebot3_msgs/msg/detail/sensor_state__builder.hpp
[1.112s] -- Up-to-date symlink: /home/kyle/testWS/install/turtlebot3_msgs/include/turtlebot3_msgs/msg/detail/sensor_state__struct.hpp
[1.112s] -- Up-to-date symlink: /home/kyle/testWS/install/turtlebot3_msgs/include/turtlebot3_msgs/msg/detail/sensor_state__traits.hpp
[1.112s] -- Up-to-date symlink: /home/kyle/testWS/install/turtlebot3_msgs/include/turtlebot3_msgs/msg/detail/sound__builder.hpp
[1.112s] -- Up-to-date symlink: /home/kyle/testWS/install/turtlebot3_msgs/include/turtlebot3_msgs/msg/detail/sound__struct.hpp
[1.112s] -- Up-to-date symlink: /home/kyle/testWS/install/turtlebot3_msgs/include/turtlebot3_msgs/msg/detail/sound__traits.hpp
[1.112s] -- Up-to-date symlink: /home/kyle/testWS/install/turtlebot3_msgs/include/turtlebot3_msgs/msg/detail/version_info__builder.hpp
[1.113s] -- Up-to-date symlink: /home/kyle/testWS/install/turtlebot3_msgs/include/turtlebot3_msgs/msg/detail/version_info__struct.hpp
[1.113s] -- Up-to-date symlink: /home/kyle/testWS/install/turtlebot3_msgs/include/turtlebot3_msgs/msg/detail/version_info__traits.hpp
[1.113s] -- Up-to-date symlink: /home/kyle/testWS/install/turtlebot3_msgs/include/turtlebot3_msgs/msg/sensor_state.hpp
[1.113s] -- Up-to-date symlink: /home/kyle/testWS/install/turtlebot3_msgs/include/turtlebot3_msgs/msg/sound.hpp
[1.113s] -- Up-to-date symlink: /home/kyle/testWS/install/turtlebot3_msgs/include/turtlebot3_msgs/msg/version_info.hpp
[1.113s] -- Up-to-date symlink: /home/kyle/testWS/install/turtlebot3_msgs/include/turtlebot3_msgs/srv/detail/dqn__builder.hpp
[1.113s] -- Up-to-date symlink: /home/kyle/testWS/install/turtlebot3_msgs/include/turtlebot3_msgs/srv/detail/dqn__struct.hpp
[1.114s] -- Up-to-date symlink: /home/kyle/testWS/install/turtlebot3_msgs/include/turtlebot3_msgs/srv/detail/dqn__traits.hpp
[1.114s] -- Up-to-date symlink: /home/kyle/testWS/install/turtlebot3_msgs/include/turtlebot3_msgs/srv/detail/sound__builder.hpp
[1.114s] -- Up-to-date symlink: /home/kyle/testWS/install/turtlebot3_msgs/include/turtlebot3_msgs/srv/detail/sound__struct.hpp
[1.114s] -- Up-to-date symlink: /home/kyle/testWS/install/turtlebot3_msgs/include/turtlebot3_msgs/srv/detail/sound__traits.hpp
[1.114s] -- Up-to-date symlink: /home/kyle/testWS/install/turtlebot3_msgs/include/turtlebot3_msgs/srv/dqn.hpp
[1.114s] -- Up-to-date symlink: /home/kyle/testWS/install/turtlebot3_msgs/include/turtlebot3_msgs/srv/sound.hpp
[1.115s] -- Up-to-date symlink: /home/kyle/testWS/install/turtlebot3_msgs/include/turtlebot3_msgs/action/detail/patrol__rosidl_typesupport_introspection_cpp.hpp
[1.115s] -- Up-to-date symlink: /home/kyle/testWS/install/turtlebot3_msgs/include/turtlebot3_msgs/msg/detail/sensor_state__rosidl_typesupport_introspection_cpp.hpp
[1.115s] -- Up-to-date symlink: /home/kyle/testWS/install/turtlebot3_msgs/include/turtlebot3_msgs/msg/detail/sound__rosidl_typesupport_introspection_cpp.hpp
[1.115s] -- Up-to-date symlink: /home/kyle/testWS/install/turtlebot3_msgs/include/turtlebot3_msgs/msg/detail/version_info__rosidl_typesupport_introspection_cpp.hpp
[1.115s] -- Up-to-date symlink: /home/kyle/testWS/install/turtlebot3_msgs/include/turtlebot3_msgs/srv/detail/dqn__rosidl_typesupport_introspection_cpp.hpp
[1.115s] -- Up-to-date symlink: /home/kyle/testWS/install/turtlebot3_msgs/include/turtlebot3_msgs/srv/detail/sound__rosidl_typesupport_introspection_cpp.hpp
[1.115s] -- Up-to-date symlink: /home/kyle/testWS/install/turtlebot3_msgs/share/turtlebot3_msgs/environment/pythonpath.sh
[1.115s] -- Up-to-date symlink: /home/kyle/testWS/install/turtlebot3_msgs/share/turtlebot3_msgs/environment/pythonpath.dsv
[1.116s] -- Up-to-date symlink: /home/kyle/testWS/install/turtlebot3_msgs/lib/python3.8/site-packages/turtlebot3_msgs/__init__.py
[1.116s] -- Up-to-date symlink: /home/kyle/testWS/install/turtlebot3_msgs/lib/python3.8/site-packages/turtlebot3_msgs/msg/__init__.py
[1.116s] -- Up-to-date symlink: /home/kyle/testWS/install/turtlebot3_msgs/lib/python3.8/site-packages/turtlebot3_msgs/msg/_sensor_state.py
[1.116s] -- Up-to-date symlink: /home/kyle/testWS/install/turtlebot3_msgs/lib/python3.8/site-packages/turtlebot3_msgs/msg/_sound.py
[1.116s] -- Up-to-date symlink: /home/kyle/testWS/install/turtlebot3_msgs/lib/python3.8/site-packages/turtlebot3_msgs/msg/_version_info.py
[1.117s] -- Up-to-date symlink: /home/kyle/testWS/install/turtlebot3_msgs/lib/python3.8/site-packages/turtlebot3_msgs/srv/__init__.py
[1.117s] -- Up-to-date symlink: /home/kyle/testWS/install/turtlebot3_msgs/lib/python3.8/site-packages/turtlebot3_msgs/srv/_dqn.py
[1.117s] -- Up-to-date symlink: /home/kyle/testWS/install/turtlebot3_msgs/lib/python3.8/site-packages/turtlebot3_msgs/srv/_sound.py
[1.117s] -- Up-to-date symlink: /home/kyle/testWS/install/turtlebot3_msgs/lib/python3.8/site-packages/turtlebot3_msgs/action/__init__.py
[1.117s] -- Up-to-date symlink: /home/kyle/testWS/install/turtlebot3_msgs/lib/python3.8/site-packages/turtlebot3_msgs/action/_patrol.py
[1.118s] -- Up-to-date symlink: /home/kyle/testWS/install/turtlebot3_msgs/lib/python3.8/site-packages/turtlebot3_msgs/turtlebot3_msgs_s__rosidl_typesupport_fastrtps_c.cpython-38-x86_64-linux-gnu.so
[1.118s] -- Up-to-date symlink: /home/kyle/testWS/install/turtlebot3_msgs/lib/python3.8/site-packages/turtlebot3_msgs/turtlebot3_msgs_s__rosidl_typesupport_introspection_c.cpython-38-x86_64-linux-gnu.so
[1.118s] -- Up-to-date symlink: /home/kyle/testWS/install/turtlebot3_msgs/lib/python3.8/site-packages/turtlebot3_msgs/turtlebot3_msgs_s__rosidl_typesupport_c.cpython-38-x86_64-linux-gnu.so
[1.118s] -- Up-to-date symlink: /home/kyle/testWS/install/turtlebot3_msgs/lib/libturtlebot3_msgs__python.so
[1.118s] -- Up-to-date symlink: /home/kyle/testWS/install/turtlebot3_msgs/share/turtlebot3_msgs/msg/SensorState.idl
[1.119s] -- Up-to-date symlink: /home/kyle/testWS/install/turtlebot3_msgs/share/turtlebot3_msgs/msg/Sound.idl
[1.119s] -- Up-to-date symlink: /home/kyle/testWS/install/turtlebot3_msgs/share/turtlebot3_msgs/msg/VersionInfo.idl
[1.119s] -- Up-to-date symlink: /home/kyle/testWS/install/turtlebot3_msgs/share/turtlebot3_msgs/srv/Sound.idl
[1.119s] -- Up-to-date symlink: /home/kyle/testWS/install/turtlebot3_msgs/share/turtlebot3_msgs/srv/Dqn.idl
[1.119s] -- Up-to-date symlink: /home/kyle/testWS/install/turtlebot3_msgs/share/turtlebot3_msgs/action/Patrol.idl
[1.119s] -- Up-to-date symlink: /home/kyle/testWS/install/turtlebot3_msgs/share/turtlebot3_msgs/msg/SensorState.msg
[1.120s] -- Up-to-date symlink: /home/kyle/testWS/install/turtlebot3_msgs/share/turtlebot3_msgs/msg/Sound.msg
[1.120s] -- Up-to-date symlink: /home/kyle/testWS/install/turtlebot3_msgs/share/turtlebot3_msgs/msg/VersionInfo.msg
[1.120s] -- Up-to-date symlink: /home/kyle/testWS/install/turtlebot3_msgs/share/turtlebot3_msgs/srv/Sound.srv
[1.120s] -- Up-to-date symlink: /home/kyle/testWS/install/turtlebot3_msgs/share/turtlebot3_msgs/srv/Sound_Request.msg
[1.120s] -- Up-to-date symlink: /home/kyle/testWS/install/turtlebot3_msgs/share/turtlebot3_msgs/srv/Sound_Response.msg
[1.121s] -- Up-to-date symlink: /home/kyle/testWS/install/turtlebot3_msgs/share/turtlebot3_msgs/srv/Dqn.srv
[1.121s] -- Up-to-date symlink: /home/kyle/testWS/install/turtlebot3_msgs/share/turtlebot3_msgs/srv/Dqn_Request.msg
[1.121s] -- Up-to-date symlink: /home/kyle/testWS/install/turtlebot3_msgs/share/turtlebot3_msgs/srv/Dqn_Response.msg
[1.121s] -- Up-to-date symlink: /home/kyle/testWS/install/turtlebot3_msgs/share/turtlebot3_msgs/action/Patrol.action
[1.121s] -- Up-to-date symlink: /home/kyle/testWS/install/turtlebot3_msgs/share/ament_index/resource_index/package_run_dependencies/turtlebot3_msgs
[1.122s] -- Up-to-date symlink: /home/kyle/testWS/install/turtlebot3_msgs/share/ament_index/resource_index/parent_prefix_path/turtlebot3_msgs
[1.122s] -- Up-to-date symlink: /home/kyle/testWS/install/turtlebot3_msgs/share/turtlebot3_msgs/environment/ament_prefix_path.sh
[1.122s] -- Up-to-date symlink: /home/kyle/testWS/install/turtlebot3_msgs/share/turtlebot3_msgs/environment/ament_prefix_path.dsv
[1.122s] -- Up-to-date symlink: /home/kyle/testWS/install/turtlebot3_msgs/share/turtlebot3_msgs/environment/path.sh
[1.122s] -- Up-to-date symlink: /home/kyle/testWS/install/turtlebot3_msgs/share/turtlebot3_msgs/environment/path.dsv
[1.122s] -- Up-to-date symlink: /home/kyle/testWS/install/turtlebot3_msgs/share/turtlebot3_msgs/local_setup.bash
[1.122s] -- Up-to-date symlink: /home/kyle/testWS/install/turtlebot3_msgs/share/turtlebot3_msgs/local_setup.sh
[1.123s] -- Up-to-date symlink: /home/kyle/testWS/install/turtlebot3_msgs/share/turtlebot3_msgs/local_setup.zsh
[1.123s] -- Up-to-date symlink: /home/kyle/testWS/install/turtlebot3_msgs/share/turtlebot3_msgs/local_setup.dsv
[1.123s] -- Symlinking: /home/kyle/testWS/install/turtlebot3_msgs/share/turtlebot3_msgs/package.dsv
[1.131s] -- Up-to-date symlink: /home/kyle/testWS/install/turtlebot3_msgs/share/ament_index/resource_index/packages/turtlebot3_msgs
[1.132s] -- Up-to-date symlink: /home/kyle/testWS/install/turtlebot3_msgs/share/turtlebot3_msgs/cmake/rosidl_cmake-extras.cmake
[1.132s] -- Up-to-date symlink: /home/kyle/testWS/install/turtlebot3_msgs/share/turtlebot3_msgs/cmake/ament_cmake_export_dependencies-extras.cmake
[1.132s] -- Up-to-date symlink: /home/kyle/testWS/install/turtlebot3_msgs/share/turtlebot3_msgs/cmake/ament_cmake_export_libraries-extras.cmake
[1.132s] -- Up-to-date symlink: /home/kyle/testWS/install/turtlebot3_msgs/share/turtlebot3_msgs/cmake/ament_cmake_export_targets-extras.cmake
[1.132s] -- Up-to-date symlink: /home/kyle/testWS/install/turtlebot3_msgs/share/turtlebot3_msgs/cmake/ament_cmake_export_include_directories-extras.cmake
[1.133s] -- Up-to-date symlink: /home/kyle/testWS/install/turtlebot3_msgs/share/turtlebot3_msgs/cmake/rosidl_cmake_export_typesupport_libraries-extras.cmake
[1.133s] -- Up-to-date symlink: /home/kyle/testWS/install/turtlebot3_msgs/share/turtlebot3_msgs/cmake/rosidl_cmake_export_typesupport_targets-extras.cmake
[1.133s] -- Up-to-date symlink: /home/kyle/testWS/install/turtlebot3_msgs/share/turtlebot3_msgs/cmake/turtlebot3_msgsConfig.cmake
[1.134s] -- Up-to-date symlink: /home/kyle/testWS/install/turtlebot3_msgs/share/turtlebot3_msgs/cmake/turtlebot3_msgsConfig-version.cmake
[1.134s] -- Up-to-date symlink: /home/kyle/testWS/install/turtlebot3_msgs/share/turtlebot3_msgs/package.xml
[1.134s] -- Up-to-date: /home/kyle/testWS/install/turtlebot3_msgs/lib/libturtlebot3_msgs__rosidl_generator_c.so
[1.134s] -- Up-to-date: /home/kyle/testWS/install/turtlebot3_msgs/lib/libturtlebot3_msgs__rosidl_typesupport_introspection_c.so
[1.135s] -- Up-to-date: /home/kyle/testWS/install/turtlebot3_msgs/lib/libturtlebot3_msgs__rosidl_typesupport_c.so
[1.135s] -- Up-to-date: /home/kyle/testWS/install/turtlebot3_msgs/lib/libturtlebot3_msgs__rosidl_typesupport_introspection_cpp.so
[1.135s] -- Up-to-date: /home/kyle/testWS/install/turtlebot3_msgs/lib/libturtlebot3_msgs__rosidl_typesupport_cpp.so
[1.158s] Compiling '/home/kyle/testWS/install/turtlebot3_msgs/lib/python3.8/site-packages/turtlebot3_msgs/__init__.py'...
[1.161s] -- Up-to-date: /home/kyle/testWS/install/turtlebot3_msgs/share/turtlebot3_msgs/cmake/turtlebot3_msgs__rosidl_generator_cExport.cmake
[1.161s] -- Installing: /home/kyle/testWS/install/turtlebot3_msgs/share/turtlebot3_msgs/cmake/turtlebot3_msgs__rosidl_generator_cExport-noconfig.cmake
[1.161s] -- Up-to-date: /home/kyle/testWS/install/turtlebot3_msgs/share/turtlebot3_msgs/cmake/turtlebot3_msgs__rosidl_typesupport_introspection_cExport.cmake
[1.161s] -- Installing: /home/kyle/testWS/install/turtlebot3_msgs/share/turtlebot3_msgs/cmake/turtlebot3_msgs__rosidl_typesupport_introspection_cExport-noconfig.cmake
[1.161s] -- Up-to-date: /home/kyle/testWS/install/turtlebot3_msgs/share/turtlebot3_msgs/cmake/turtlebot3_msgs__rosidl_typesupport_cExport.cmake
[1.162s] -- Installing: /home/kyle/testWS/install/turtlebot3_msgs/share/turtlebot3_msgs/cmake/turtlebot3_msgs__rosidl_typesupport_cExport-noconfig.cmake
[1.162s] -- Up-to-date: /home/kyle/testWS/install/turtlebot3_msgs/share/turtlebot3_msgs/cmake/turtlebot3_msgs__rosidl_generator_cppExport.cmake
[1.162s] -- Up-to-date: /home/kyle/testWS/install/turtlebot3_msgs/share/turtlebot3_msgs/cmake/turtlebot3_msgs__rosidl_typesupport_introspection_cppExport.cmake
[1.162s] -- Installing: /home/kyle/testWS/install/turtlebot3_msgs/share/turtlebot3_msgs/cmake/turtlebot3_msgs__rosidl_typesupport_introspection_cppExport-noconfig.cmake
[1.162s] -- Up-to-date: /home/kyle/testWS/install/turtlebot3_msgs/share/turtlebot3_msgs/cmake/turtlebot3_msgs__rosidl_typesupport_cppExport.cmake
[1.162s] -- Installing: /home/kyle/testWS/install/turtlebot3_msgs/share/turtlebot3_msgs/cmake/turtlebot3_msgs__rosidl_typesupport_cppExport-noconfig.cmake
[1.164s] Invoked command in '/home/kyle/testWS/build/turtlebot3_msgs' returned '0': CMAKE_PREFIX_PATH=${CMAKE_PREFIX_PATH}:/home/kyle/testWS/install/turtlebot3_teleop:/home/kyle/testWS/install/turtlebot3_example:/opt/ros/galactic /usr/bin/cmake --install /home/kyle/testWS/build/turtlebot3_msgs
