[0.625s] Invoking command in '/home/kyle/testWS/src/tb_control': PYTHONPATH=/home/kyle/testWS/build/tb_control/prefix_override:/usr/lib/python3/dist-packages/colcon_core/task/python/colcon_distutils_commands:/home/kyle/testWS/install/tb_control/lib/python3.8/site-packages:${PYTHONPATH} /usr/bin/python3 -W ignore:setup.py install is deprecated setup.py egg_info --egg-base ../../build/tb_control build --build-base /home/kyle/testWS/build/tb_control/build install --record /home/kyle/testWS/build/tb_control/install.log --single-version-externally-managed install_data
[0.766s] running egg_info
[0.767s] creating ../../build/tb_control/tb_control.egg-info
[0.767s] writing ../../build/tb_control/tb_control.egg-info/PKG-INFO
[0.767s] writing dependency_links to ../../build/tb_control/tb_control.egg-info/dependency_links.txt
[0.767s] writing entry points to ../../build/tb_control/tb_control.egg-info/entry_points.txt
[0.767s] writing requirements to ../../build/tb_control/tb_control.egg-info/requires.txt
[0.767s] writing top-level names to ../../build/tb_control/tb_control.egg-info/top_level.txt
[0.768s] writing manifest file '../../build/tb_control/tb_control.egg-info/SOURCES.txt'
[0.789s] reading manifest file '../../build/tb_control/tb_control.egg-info/SOURCES.txt'
[0.789s] writing manifest file '../../build/tb_control/tb_control.egg-info/SOURCES.txt'
[0.789s] running build
[0.789s] running build_py
[0.789s] creating /home/kyle/testWS/build/tb_control/build
[0.789s] creating /home/kyle/testWS/build/tb_control/build/lib
[0.789s] creating /home/kyle/testWS/build/tb_control/build/lib/tb_control
[0.789s] copying tb_control/tb_openLoop.py -> /home/kyle/testWS/build/tb_control/build/lib/tb_control
[0.789s] copying tb_control/__init__.py -> /home/kyle/testWS/build/tb_control/build/lib/tb_control
[0.789s] running install
[0.790s] running install_lib
[0.790s] creating /home/kyle/testWS/install/tb_control/lib/python3.8/site-packages/tb_control
[0.790s] copying /home/kyle/testWS/build/tb_control/build/lib/tb_control/tb_openLoop.py -> /home/kyle/testWS/install/tb_control/lib/python3.8/site-packages/tb_control
[0.791s] copying /home/kyle/testWS/build/tb_control/build/lib/tb_control/__init__.py -> /home/kyle/testWS/install/tb_control/lib/python3.8/site-packages/tb_control
[0.791s] byte-compiling /home/kyle/testWS/install/tb_control/lib/python3.8/site-packages/tb_control/tb_openLoop.py to tb_openLoop.cpython-38.pyc
[0.791s] byte-compiling /home/kyle/testWS/install/tb_control/lib/python3.8/site-packages/tb_control/__init__.py to __init__.cpython-38.pyc
[0.792s] running install_data
[0.792s] creating /home/kyle/testWS/install/tb_control/share/ament_index
[0.792s] creating /home/kyle/testWS/install/tb_control/share/ament_index/resource_index
[0.792s] creating /home/kyle/testWS/install/tb_control/share/ament_index/resource_index/packages
[0.792s] copying resource/tb_control -> /home/kyle/testWS/install/tb_control/share/ament_index/resource_index/packages
[0.792s] copying package.xml -> /home/kyle/testWS/install/tb_control/share/tb_control
[0.792s] running install_egg_info
[0.793s] Copying ../../build/tb_control/tb_control.egg-info to /home/kyle/testWS/install/tb_control/lib/python3.8/site-packages/tb_control-0.0.0-py3.8.egg-info
[0.793s] running install_scripts
[0.803s] Installing tb_openLoop script to /home/kyle/testWS/install/tb_control/lib/tb_control
[0.804s] writing list of installed files to '/home/kyle/testWS/build/tb_control/install.log'
[0.817s] Invoked command in '/home/kyle/testWS/src/tb_control' returned '0': PYTHONPATH=/home/kyle/testWS/build/tb_control/prefix_override:/usr/lib/python3/dist-packages/colcon_core/task/python/colcon_distutils_commands:/home/kyle/testWS/install/tb_control/lib/python3.8/site-packages:${PYTHONPATH} /usr/bin/python3 -W ignore:setup.py install is deprecated setup.py egg_info --egg-base ../../build/tb_control build --build-base /home/kyle/testWS/build/tb_control/build install --record /home/kyle/testWS/build/tb_control/install.log --single-version-externally-managed install_data
