[0.010s] Invoking command in '/home/kyle/testWS/build/turtlebot3_simulations': AMENT_PREFIX_PATH=/home/kyle/testWS/install/turtlebot3_gazebo:/home/kyle/testWS/install/turtlebot3_fake_node:/home/kyle/testWS/install/turtlebot3_msgs:/home/kyle/testWS/install/turtlebot3_description:${AMENT_PREFIX_PATH} CMAKE_PREFIX_PATH=/home/kyle/testWS/install/turtlebot3_gazebo:/home/kyle/testWS/install/turtlebot3_fake_node:/home/kyle/testWS/install/turtlebot3_msgs:/home/kyle/testWS/install/turtlebot3_description:/opt/ros/galactic LD_LIBRARY_PATH=/home/kyle/testWS/install/turtlebot3_msgs/lib:${LD_LIBRARY_PATH} PYTHONPATH=/home/kyle/testWS/install/turtlebot3_msgs/lib/python3.8/site-packages:${PYTHONPATH} /usr/bin/cmake /home/kyle/testWS/src/turtlebot3/turtlebot3_simulations/turtlebot3_simulations -DAMENT_CMAKE_SYMLINK_INSTALL=1 -DCMAKE_INSTALL_PREFIX=/home/kyle/testWS/install/turtlebot3_simulations
[0.052s] -- The C compiler identification is GNU 9.4.0
[0.092s] -- The CXX compiler identification is GNU 9.4.0
[0.096s] -- Check for working C compiler: /usr/bin/cc
[0.152s] -- Check for working C compiler: /usr/bin/cc -- works
[0.153s] -- Detecting C compiler ABI info
[0.207s] -- Detecting C compiler ABI info - done
[0.214s] -- Detecting C compile features
[0.214s] -- Detecting C compile features - done
[0.216s] -- Check for working CXX compiler: /usr/bin/c++
[0.277s] -- Check for working CXX compiler: /usr/bin/c++ -- works
[0.277s] -- Detecting CXX compiler ABI info
[0.340s] -- Detecting CXX compiler ABI info - done
[0.348s] -- Detecting CXX compile features
[0.348s] -- Detecting CXX compile features - done
[0.350s] -- Found ament_cmake: 1.1.6 (/opt/ros/galactic/share/ament_cmake/cmake)
[0.368s] -- Found PythonInterp: /usr/bin/python3 (found suitable version "3.8.10", minimum required is "3") 
[0.368s] -- Using PYTHON_EXECUTABLE: /usr/bin/python3
[0.402s] -- Override CMake install command with custom implementation using symlinks instead of copying resources
[0.464s] -- Configuring done
[0.465s] -- Generating done
[0.466s] -- Build files have been written to: /home/kyle/testWS/build/turtlebot3_simulations
[0.469s] Invoked command in '/home/kyle/testWS/build/turtlebot3_simulations' returned '0': AMENT_PREFIX_PATH=/home/kyle/testWS/install/turtlebot3_gazebo:/home/kyle/testWS/install/turtlebot3_fake_node:/home/kyle/testWS/install/turtlebot3_msgs:/home/kyle/testWS/install/turtlebot3_description:${AMENT_PREFIX_PATH} CMAKE_PREFIX_PATH=/home/kyle/testWS/install/turtlebot3_gazebo:/home/kyle/testWS/install/turtlebot3_fake_node:/home/kyle/testWS/install/turtlebot3_msgs:/home/kyle/testWS/install/turtlebot3_description:/opt/ros/galactic LD_LIBRARY_PATH=/home/kyle/testWS/install/turtlebot3_msgs/lib:${LD_LIBRARY_PATH} PYTHONPATH=/home/kyle/testWS/install/turtlebot3_msgs/lib/python3.8/site-packages:${PYTHONPATH} /usr/bin/cmake /home/kyle/testWS/src/turtlebot3/turtlebot3_simulations/turtlebot3_simulations -DAMENT_CMAKE_SYMLINK_INSTALL=1 -DCMAKE_INSTALL_PREFIX=/home/kyle/testWS/install/turtlebot3_simulations
[0.471s] Invoking command in '/home/kyle/testWS/build/turtlebot3_simulations': AMENT_PREFIX_PATH=/home/kyle/testWS/install/turtlebot3_gazebo:/home/kyle/testWS/install/turtlebot3_fake_node:/home/kyle/testWS/install/turtlebot3_msgs:/home/kyle/testWS/install/turtlebot3_description:${AMENT_PREFIX_PATH} CMAKE_PREFIX_PATH=/home/kyle/testWS/install/turtlebot3_gazebo:/home/kyle/testWS/install/turtlebot3_fake_node:/home/kyle/testWS/install/turtlebot3_msgs:/home/kyle/testWS/install/turtlebot3_description:/opt/ros/galactic LD_LIBRARY_PATH=/home/kyle/testWS/install/turtlebot3_msgs/lib:${LD_LIBRARY_PATH} PYTHONPATH=/home/kyle/testWS/install/turtlebot3_msgs/lib/python3.8/site-packages:${PYTHONPATH} /usr/bin/cmake --build /home/kyle/testWS/build/turtlebot3_simulations -- -j16 -l16
[0.502s] Invoked command in '/home/kyle/testWS/build/turtlebot3_simulations' returned '0': AMENT_PREFIX_PATH=/home/kyle/testWS/install/turtlebot3_gazebo:/home/kyle/testWS/install/turtlebot3_fake_node:/home/kyle/testWS/install/turtlebot3_msgs:/home/kyle/testWS/install/turtlebot3_description:${AMENT_PREFIX_PATH} CMAKE_PREFIX_PATH=/home/kyle/testWS/install/turtlebot3_gazebo:/home/kyle/testWS/install/turtlebot3_fake_node:/home/kyle/testWS/install/turtlebot3_msgs:/home/kyle/testWS/install/turtlebot3_description:/opt/ros/galactic LD_LIBRARY_PATH=/home/kyle/testWS/install/turtlebot3_msgs/lib:${LD_LIBRARY_PATH} PYTHONPATH=/home/kyle/testWS/install/turtlebot3_msgs/lib/python3.8/site-packages:${PYTHONPATH} /usr/bin/cmake --build /home/kyle/testWS/build/turtlebot3_simulations -- -j16 -l16
[0.520s] Invoking command in '/home/kyle/testWS/build/turtlebot3_simulations': AMENT_PREFIX_PATH=/home/kyle/testWS/install/turtlebot3_gazebo:/home/kyle/testWS/install/turtlebot3_fake_node:/home/kyle/testWS/install/turtlebot3_msgs:/home/kyle/testWS/install/turtlebot3_description:${AMENT_PREFIX_PATH} CMAKE_PREFIX_PATH=/home/kyle/testWS/install/turtlebot3_gazebo:/home/kyle/testWS/install/turtlebot3_fake_node:/home/kyle/testWS/install/turtlebot3_msgs:/home/kyle/testWS/install/turtlebot3_description:/opt/ros/galactic LD_LIBRARY_PATH=/home/kyle/testWS/install/turtlebot3_msgs/lib:${LD_LIBRARY_PATH} PYTHONPATH=/home/kyle/testWS/install/turtlebot3_msgs/lib/python3.8/site-packages:${PYTHONPATH} /usr/bin/cmake --install /home/kyle/testWS/build/turtlebot3_simulations
[0.526s] -- Install configuration: ""
[0.527s] -- Execute custom install script
[0.527s] -- Symlinking: /home/kyle/testWS/install/turtlebot3_simulations/share/ament_index/resource_index/package_run_dependencies/turtlebot3_simulations
[0.534s] -- Symlinking: /home/kyle/testWS/install/turtlebot3_simulations/share/ament_index/resource_index/parent_prefix_path/turtlebot3_simulations
[0.540s] -- Symlinking: /home/kyle/testWS/install/turtlebot3_simulations/share/turtlebot3_simulations/environment/ament_prefix_path.sh
[0.546s] -- Symlinking: /home/kyle/testWS/install/turtlebot3_simulations/share/turtlebot3_simulations/environment/ament_prefix_path.dsv
[0.552s] -- Symlinking: /home/kyle/testWS/install/turtlebot3_simulations/share/turtlebot3_simulations/environment/path.sh
[0.557s] -- Symlinking: /home/kyle/testWS/install/turtlebot3_simulations/share/turtlebot3_simulations/environment/path.dsv
[0.564s] -- Symlinking: /home/kyle/testWS/install/turtlebot3_simulations/share/turtlebot3_simulations/local_setup.bash
[0.571s] -- Symlinking: /home/kyle/testWS/install/turtlebot3_simulations/share/turtlebot3_simulations/local_setup.sh
[0.578s] -- Symlinking: /home/kyle/testWS/install/turtlebot3_simulations/share/turtlebot3_simulations/local_setup.zsh
[0.585s] -- Symlinking: /home/kyle/testWS/install/turtlebot3_simulations/share/turtlebot3_simulations/local_setup.dsv
[0.591s] -- Symlinking: /home/kyle/testWS/install/turtlebot3_simulations/share/turtlebot3_simulations/package.dsv
[0.597s] -- Symlinking: /home/kyle/testWS/install/turtlebot3_simulations/share/ament_index/resource_index/packages/turtlebot3_simulations
[0.604s] -- Symlinking: /home/kyle/testWS/install/turtlebot3_simulations/share/turtlebot3_simulations/cmake/turtlebot3_simulationsConfig.cmake
[0.610s] -- Symlinking: /home/kyle/testWS/install/turtlebot3_simulations/share/turtlebot3_simulations/cmake/turtlebot3_simulationsConfig-version.cmake
[0.616s] -- Symlinking: /home/kyle/testWS/install/turtlebot3_simulations/share/turtlebot3_simulations/package.xml
[0.624s] Invoked command in '/home/kyle/testWS/build/turtlebot3_simulations' returned '0': AMENT_PREFIX_PATH=/home/kyle/testWS/install/turtlebot3_gazebo:/home/kyle/testWS/install/turtlebot3_fake_node:/home/kyle/testWS/install/turtlebot3_msgs:/home/kyle/testWS/install/turtlebot3_description:${AMENT_PREFIX_PATH} CMAKE_PREFIX_PATH=/home/kyle/testWS/install/turtlebot3_gazebo:/home/kyle/testWS/install/turtlebot3_fake_node:/home/kyle/testWS/install/turtlebot3_msgs:/home/kyle/testWS/install/turtlebot3_description:/opt/ros/galactic LD_LIBRARY_PATH=/home/kyle/testWS/install/turtlebot3_msgs/lib:${LD_LIBRARY_PATH} PYTHONPATH=/home/kyle/testWS/install/turtlebot3_msgs/lib/python3.8/site-packages:${PYTHONPATH} /usr/bin/cmake --install /home/kyle/testWS/build/turtlebot3_simulations
