[0.013s] Invoking command in '/home/kyle/testWS/build/dynamixel_sdk_examples': CMAKE_PREFIX_PATH=/home/kyle/testWS/install/dynamixel_sdk_custom_interfaces:/home/kyle/testWS/install/dynamixel_sdk:/home/kyle/testWS/install/turtlebot3:/home/kyle/testWS/install/turtlebot3_simulations:/home/kyle/testWS/install/turtlebot3_bringup:/home/kyle/testWS/install/turtlebot3_node:/home/kyle/testWS/install/turtlebot3_navigation2:/home/kyle/testWS/install/turtlebot3_fake_node:/home/kyle/testWS/install/turtlebot3_msgs:/home/kyle/testWS/install/turtlebot3_gazebo:/home/kyle/testWS/install/turtlebot3_description:/home/kyle/testWS/install/turtlebot3_cartographer:/home/kyle/testWS/install/hls_lfcd_lds_driver:/home/kyle/testWS/install/dynamixel_sdk_examples:/home/kyle/testWS/install/turtlebot3_teleop:/home/kyle/testWS/install/turtlebot3_example:/opt/ros/galactic LD_LIBRARY_PATH=/home/kyle/testWS/install/dynamixel_sdk_custom_interfaces/lib:/home/kyle/testWS/install/dynamixel_sdk/lib:/home/kyle/testWS/install/turtlebot3_msgs/lib:/usr/lib/x86_64-linux-gnu/gazebo-11/plugins:/opt/ros/galactic/opt/yaml_cpp_vendor/lib:/opt/ros/galactic/opt/rviz_ogre_vendor/lib:/opt/ros/galactic/lib/x86_64-linux-gnu:/opt/ros/galactic/lib PYTHONPATH=/home/kyle/testWS/install/dynamixel_sdk_custom_interfaces/lib/python3.8/site-packages:/home/kyle/testWS/build/turtlebot3_teleop:/home/kyle/testWS/install/turtlebot3_teleop/lib/python3.8/site-packages:/home/kyle/testWS/build/turtlebot3_example:/home/kyle/testWS/install/turtlebot3_example/lib/python3.8/site-packages:/home/kyle/testWS/install/turtlebot3_msgs/lib/python3.8/site-packages:/opt/ros/galactic/lib/python3.8/site-packages /usr/bin/cmake /home/kyle/testWS/src/utils/DynamixelSDK/dynamixel_sdk_examples -DCMAKE_INSTALL_PREFIX=/home/kyle/testWS/install/dynamixel_sdk_examples
[0.022s] -- Found ament_cmake: 1.1.6 (/opt/ros/galactic/share/ament_cmake/cmake)
[0.042s] -- Using PYTHON_EXECUTABLE: /usr/bin/python3
[0.081s] -- Override CMake install command with custom implementation using symlinks instead of copying resources
[0.087s] -- Found dynamixel_sdk: 3.7.40 (/home/kyle/testWS/install/dynamixel_sdk/share/dynamixel_sdk/cmake)
[0.088s] -- Found dynamixel_sdk_custom_interfaces: 3.7.40 (/home/kyle/testWS/install/dynamixel_sdk_custom_interfaces/share/dynamixel_sdk_custom_interfaces/cmake)
[0.104s] -- Using all available rosidl_typesupport_c: rosidl_typesupport_fastrtps_c;rosidl_typesupport_introspection_c
[0.106s] -- Found rosidl_adapter: 2.2.3 (/opt/ros/galactic/share/rosidl_adapter/cmake)
[0.197s] -- Using all available rosidl_typesupport_cpp: rosidl_typesupport_fastrtps_cpp;rosidl_typesupport_introspection_cpp
[0.224s] -- Found rclcpp: 9.2.2 (/opt/ros/galactic/share/rclcpp/cmake)
[0.250s] -- Found rmw_implementation_cmake: 3.3.1 (/opt/ros/galactic/share/rmw_implementation_cmake/cmake)
[0.251s] -- Found rmw_cyclonedds_cpp: 0.22.6 (/opt/ros/galactic/share/rmw_cyclonedds_cpp/cmake)
[0.263s] -- Using RMW implementation 'rmw_cyclonedds_cpp' as default
[0.352s] -- Found ament_lint_auto: 0.10.7 (/opt/ros/galactic/share/ament_lint_auto/cmake)
[0.398s] -- Added test 'copyright' to check source files copyright and LICENSE
[0.399s] -- Added test 'cppcheck' to perform static code analysis on C / C++ code
[0.399s] -- Configured cppcheck include dirs: /home/kyle/testWS/src/utils/DynamixelSDK/dynamixel_sdk_examples/include
[0.399s] -- Configured cppcheck exclude dirs and/or files: 
[0.400s] -- Added test 'cpplint' to check C / C++ code against the Google style
[0.400s] -- Configured cpplint exclude dirs and/or files: 
[0.400s] -- Added test 'lint_cmake' to check CMake code style
[0.401s] -- Added test 'uncrustify' to check C / C++ code style
[0.401s] -- Configured uncrustify additional arguments: 
[0.401s] -- Added test 'xmllint' to check XML markup files
[0.404s] -- Configuring done
[0.411s] -- Generating done
[0.412s] -- Build files have been written to: /home/kyle/testWS/build/dynamixel_sdk_examples
[0.526s] Invoked command in '/home/kyle/testWS/build/dynamixel_sdk_examples' returned '0': CMAKE_PREFIX_PATH=/home/kyle/testWS/install/dynamixel_sdk_custom_interfaces:/home/kyle/testWS/install/dynamixel_sdk:/home/kyle/testWS/install/turtlebot3:/home/kyle/testWS/install/turtlebot3_simulations:/home/kyle/testWS/install/turtlebot3_bringup:/home/kyle/testWS/install/turtlebot3_node:/home/kyle/testWS/install/turtlebot3_navigation2:/home/kyle/testWS/install/turtlebot3_fake_node:/home/kyle/testWS/install/turtlebot3_msgs:/home/kyle/testWS/install/turtlebot3_gazebo:/home/kyle/testWS/install/turtlebot3_description:/home/kyle/testWS/install/turtlebot3_cartographer:/home/kyle/testWS/install/hls_lfcd_lds_driver:/home/kyle/testWS/install/dynamixel_sdk_examples:/home/kyle/testWS/install/turtlebot3_teleop:/home/kyle/testWS/install/turtlebot3_example:/opt/ros/galactic LD_LIBRARY_PATH=/home/kyle/testWS/install/dynamixel_sdk_custom_interfaces/lib:/home/kyle/testWS/install/dynamixel_sdk/lib:/home/kyle/testWS/install/turtlebot3_msgs/lib:/usr/lib/x86_64-linux-gnu/gazebo-11/plugins:/opt/ros/galactic/opt/yaml_cpp_vendor/lib:/opt/ros/galactic/opt/rviz_ogre_vendor/lib:/opt/ros/galactic/lib/x86_64-linux-gnu:/opt/ros/galactic/lib PYTHONPATH=/home/kyle/testWS/install/dynamixel_sdk_custom_interfaces/lib/python3.8/site-packages:/home/kyle/testWS/build/turtlebot3_teleop:/home/kyle/testWS/install/turtlebot3_teleop/lib/python3.8/site-packages:/home/kyle/testWS/build/turtlebot3_example:/home/kyle/testWS/install/turtlebot3_example/lib/python3.8/site-packages:/home/kyle/testWS/install/turtlebot3_msgs/lib/python3.8/site-packages:/opt/ros/galactic/lib/python3.8/site-packages /usr/bin/cmake /home/kyle/testWS/src/utils/DynamixelSDK/dynamixel_sdk_examples -DCMAKE_INSTALL_PREFIX=/home/kyle/testWS/install/dynamixel_sdk_examples
[0.528s] Invoking command in '/home/kyle/testWS/build/dynamixel_sdk_examples': CMAKE_PREFIX_PATH=/home/kyle/testWS/install/dynamixel_sdk_custom_interfaces:/home/kyle/testWS/install/dynamixel_sdk:/home/kyle/testWS/install/turtlebot3:/home/kyle/testWS/install/turtlebot3_simulations:/home/kyle/testWS/install/turtlebot3_bringup:/home/kyle/testWS/install/turtlebot3_node:/home/kyle/testWS/install/turtlebot3_navigation2:/home/kyle/testWS/install/turtlebot3_fake_node:/home/kyle/testWS/install/turtlebot3_msgs:/home/kyle/testWS/install/turtlebot3_gazebo:/home/kyle/testWS/install/turtlebot3_description:/home/kyle/testWS/install/turtlebot3_cartographer:/home/kyle/testWS/install/hls_lfcd_lds_driver:/home/kyle/testWS/install/dynamixel_sdk_examples:/home/kyle/testWS/install/turtlebot3_teleop:/home/kyle/testWS/install/turtlebot3_example:/opt/ros/galactic LD_LIBRARY_PATH=/home/kyle/testWS/install/dynamixel_sdk_custom_interfaces/lib:/home/kyle/testWS/install/dynamixel_sdk/lib:/home/kyle/testWS/install/turtlebot3_msgs/lib:/usr/lib/x86_64-linux-gnu/gazebo-11/plugins:/opt/ros/galactic/opt/yaml_cpp_vendor/lib:/opt/ros/galactic/opt/rviz_ogre_vendor/lib:/opt/ros/galactic/lib/x86_64-linux-gnu:/opt/ros/galactic/lib PYTHONPATH=/home/kyle/testWS/install/dynamixel_sdk_custom_interfaces/lib/python3.8/site-packages:/home/kyle/testWS/build/turtlebot3_teleop:/home/kyle/testWS/install/turtlebot3_teleop/lib/python3.8/site-packages:/home/kyle/testWS/build/turtlebot3_example:/home/kyle/testWS/install/turtlebot3_example/lib/python3.8/site-packages:/home/kyle/testWS/install/turtlebot3_msgs/lib/python3.8/site-packages:/opt/ros/galactic/lib/python3.8/site-packages /usr/bin/cmake --build /home/kyle/testWS/build/dynamixel_sdk_examples -- -j16 -l16
[0.574s] [100%] Built target read_write_node
[0.583s] Invoked command in '/home/kyle/testWS/build/dynamixel_sdk_examples' returned '0': CMAKE_PREFIX_PATH=/home/kyle/testWS/install/dynamixel_sdk_custom_interfaces:/home/kyle/testWS/install/dynamixel_sdk:/home/kyle/testWS/install/turtlebot3:/home/kyle/testWS/install/turtlebot3_simulations:/home/kyle/testWS/install/turtlebot3_bringup:/home/kyle/testWS/install/turtlebot3_node:/home/kyle/testWS/install/turtlebot3_navigation2:/home/kyle/testWS/install/turtlebot3_fake_node:/home/kyle/testWS/install/turtlebot3_msgs:/home/kyle/testWS/install/turtlebot3_gazebo:/home/kyle/testWS/install/turtlebot3_description:/home/kyle/testWS/install/turtlebot3_cartographer:/home/kyle/testWS/install/hls_lfcd_lds_driver:/home/kyle/testWS/install/dynamixel_sdk_examples:/home/kyle/testWS/install/turtlebot3_teleop:/home/kyle/testWS/install/turtlebot3_example:/opt/ros/galactic LD_LIBRARY_PATH=/home/kyle/testWS/install/dynamixel_sdk_custom_interfaces/lib:/home/kyle/testWS/install/dynamixel_sdk/lib:/home/kyle/testWS/install/turtlebot3_msgs/lib:/usr/lib/x86_64-linux-gnu/gazebo-11/plugins:/opt/ros/galactic/opt/yaml_cpp_vendor/lib:/opt/ros/galactic/opt/rviz_ogre_vendor/lib:/opt/ros/galactic/lib/x86_64-linux-gnu:/opt/ros/galactic/lib PYTHONPATH=/home/kyle/testWS/install/dynamixel_sdk_custom_interfaces/lib/python3.8/site-packages:/home/kyle/testWS/build/turtlebot3_teleop:/home/kyle/testWS/install/turtlebot3_teleop/lib/python3.8/site-packages:/home/kyle/testWS/build/turtlebot3_example:/home/kyle/testWS/install/turtlebot3_example/lib/python3.8/site-packages:/home/kyle/testWS/install/turtlebot3_msgs/lib/python3.8/site-packages:/opt/ros/galactic/lib/python3.8/site-packages /usr/bin/cmake --build /home/kyle/testWS/build/dynamixel_sdk_examples -- -j16 -l16
[0.606s] Invoking command in '/home/kyle/testWS/build/dynamixel_sdk_examples': CMAKE_PREFIX_PATH=/home/kyle/testWS/install/dynamixel_sdk_custom_interfaces:/home/kyle/testWS/install/dynamixel_sdk:/home/kyle/testWS/install/turtlebot3:/home/kyle/testWS/install/turtlebot3_simulations:/home/kyle/testWS/install/turtlebot3_bringup:/home/kyle/testWS/install/turtlebot3_node:/home/kyle/testWS/install/turtlebot3_navigation2:/home/kyle/testWS/install/turtlebot3_fake_node:/home/kyle/testWS/install/turtlebot3_msgs:/home/kyle/testWS/install/turtlebot3_gazebo:/home/kyle/testWS/install/turtlebot3_description:/home/kyle/testWS/install/turtlebot3_cartographer:/home/kyle/testWS/install/hls_lfcd_lds_driver:/home/kyle/testWS/install/dynamixel_sdk_examples:/home/kyle/testWS/install/turtlebot3_teleop:/home/kyle/testWS/install/turtlebot3_example:/opt/ros/galactic LD_LIBRARY_PATH=/home/kyle/testWS/install/dynamixel_sdk_custom_interfaces/lib:/home/kyle/testWS/install/dynamixel_sdk/lib:/home/kyle/testWS/install/turtlebot3_msgs/lib:/usr/lib/x86_64-linux-gnu/gazebo-11/plugins:/opt/ros/galactic/opt/yaml_cpp_vendor/lib:/opt/ros/galactic/opt/rviz_ogre_vendor/lib:/opt/ros/galactic/lib/x86_64-linux-gnu:/opt/ros/galactic/lib PYTHONPATH=/home/kyle/testWS/install/dynamixel_sdk_custom_interfaces/lib/python3.8/site-packages:/home/kyle/testWS/build/turtlebot3_teleop:/home/kyle/testWS/install/turtlebot3_teleop/lib/python3.8/site-packages:/home/kyle/testWS/build/turtlebot3_example:/home/kyle/testWS/install/turtlebot3_example/lib/python3.8/site-packages:/home/kyle/testWS/install/turtlebot3_msgs/lib/python3.8/site-packages:/opt/ros/galactic/lib/python3.8/site-packages /usr/bin/cmake --install /home/kyle/testWS/build/dynamixel_sdk_examples
[0.613s] -- Install configuration: ""
[0.613s] -- Execute custom install script
[0.614s] -- Up-to-date symlink: /home/kyle/testWS/install/dynamixel_sdk_examples/lib/dynamixel_sdk_examples/read_write_node
[0.614s] -- Up-to-date symlink: /home/kyle/testWS/install/dynamixel_sdk_examples/share/ament_index/resource_index/package_run_dependencies/dynamixel_sdk_examples
[0.614s] -- Up-to-date symlink: /home/kyle/testWS/install/dynamixel_sdk_examples/share/ament_index/resource_index/parent_prefix_path/dynamixel_sdk_examples
[0.615s] -- Up-to-date symlink: /home/kyle/testWS/install/dynamixel_sdk_examples/share/dynamixel_sdk_examples/environment/ament_prefix_path.sh
[0.615s] -- Up-to-date symlink: /home/kyle/testWS/install/dynamixel_sdk_examples/share/dynamixel_sdk_examples/environment/ament_prefix_path.dsv
[0.615s] -- Up-to-date symlink: /home/kyle/testWS/install/dynamixel_sdk_examples/share/dynamixel_sdk_examples/environment/path.sh
[0.615s] -- Up-to-date symlink: /home/kyle/testWS/install/dynamixel_sdk_examples/share/dynamixel_sdk_examples/environment/path.dsv
[0.615s] -- Up-to-date symlink: /home/kyle/testWS/install/dynamixel_sdk_examples/share/dynamixel_sdk_examples/local_setup.bash
[0.616s] -- Up-to-date symlink: /home/kyle/testWS/install/dynamixel_sdk_examples/share/dynamixel_sdk_examples/local_setup.sh
[0.616s] -- Up-to-date symlink: /home/kyle/testWS/install/dynamixel_sdk_examples/share/dynamixel_sdk_examples/local_setup.zsh
[0.616s] -- Up-to-date symlink: /home/kyle/testWS/install/dynamixel_sdk_examples/share/dynamixel_sdk_examples/local_setup.dsv
[0.616s] -- Symlinking: /home/kyle/testWS/install/dynamixel_sdk_examples/share/dynamixel_sdk_examples/package.dsv
[0.624s] -- Up-to-date symlink: /home/kyle/testWS/install/dynamixel_sdk_examples/share/ament_index/resource_index/packages/dynamixel_sdk_examples
[0.624s] -- Up-to-date symlink: /home/kyle/testWS/install/dynamixel_sdk_examples/share/dynamixel_sdk_examples/cmake/dynamixel_sdk_examplesConfig.cmake
[0.624s] -- Up-to-date symlink: /home/kyle/testWS/install/dynamixel_sdk_examples/share/dynamixel_sdk_examples/cmake/dynamixel_sdk_examplesConfig-version.cmake
[0.625s] -- Up-to-date symlink: /home/kyle/testWS/install/dynamixel_sdk_examples/share/dynamixel_sdk_examples/package.xml
[0.626s] Invoked command in '/home/kyle/testWS/build/dynamixel_sdk_examples' returned '0': CMAKE_PREFIX_PATH=/home/kyle/testWS/install/dynamixel_sdk_custom_interfaces:/home/kyle/testWS/install/dynamixel_sdk:/home/kyle/testWS/install/turtlebot3:/home/kyle/testWS/install/turtlebot3_simulations:/home/kyle/testWS/install/turtlebot3_bringup:/home/kyle/testWS/install/turtlebot3_node:/home/kyle/testWS/install/turtlebot3_navigation2:/home/kyle/testWS/install/turtlebot3_fake_node:/home/kyle/testWS/install/turtlebot3_msgs:/home/kyle/testWS/install/turtlebot3_gazebo:/home/kyle/testWS/install/turtlebot3_description:/home/kyle/testWS/install/turtlebot3_cartographer:/home/kyle/testWS/install/hls_lfcd_lds_driver:/home/kyle/testWS/install/dynamixel_sdk_examples:/home/kyle/testWS/install/turtlebot3_teleop:/home/kyle/testWS/install/turtlebot3_example:/opt/ros/galactic LD_LIBRARY_PATH=/home/kyle/testWS/install/dynamixel_sdk_custom_interfaces/lib:/home/kyle/testWS/install/dynamixel_sdk/lib:/home/kyle/testWS/install/turtlebot3_msgs/lib:/usr/lib/x86_64-linux-gnu/gazebo-11/plugins:/opt/ros/galactic/opt/yaml_cpp_vendor/lib:/opt/ros/galactic/opt/rviz_ogre_vendor/lib:/opt/ros/galactic/lib/x86_64-linux-gnu:/opt/ros/galactic/lib PYTHONPATH=/home/kyle/testWS/install/dynamixel_sdk_custom_interfaces/lib/python3.8/site-packages:/home/kyle/testWS/build/turtlebot3_teleop:/home/kyle/testWS/install/turtlebot3_teleop/lib/python3.8/site-packages:/home/kyle/testWS/build/turtlebot3_example:/home/kyle/testWS/install/turtlebot3_example/lib/python3.8/site-packages:/home/kyle/testWS/install/turtlebot3_msgs/lib/python3.8/site-packages:/opt/ros/galactic/lib/python3.8/site-packages /usr/bin/cmake --install /home/kyle/testWS/build/dynamixel_sdk_examples
