[0.044s] Invoking command in '/home/kyle/testWS/build/dynamixel_sdk': CMAKE_PREFIX_PATH=${CMAKE_PREFIX_PATH}:/home/kyle/testWS/install/turtlebot3_teleop:/home/kyle/testWS/install/turtlebot3_example:/home/kyle/testWS/install/tb_control:/opt/ros/galactic /usr/bin/cmake --build /home/kyle/testWS/build/dynamixel_sdk -- -j16 -l16
[0.389s] [100%] Built target dynamixel_sdk
[0.397s] Invoked command in '/home/kyle/testWS/build/dynamixel_sdk' returned '0': CMAKE_PREFIX_PATH=${CMAKE_PREFIX_PATH}:/home/kyle/testWS/install/turtlebot3_teleop:/home/kyle/testWS/install/turtlebot3_example:/home/kyle/testWS/install/tb_control:/opt/ros/galactic /usr/bin/cmake --build /home/kyle/testWS/build/dynamixel_sdk -- -j16 -l16
[0.435s] Invoking command in '/home/kyle/testWS/build/dynamixel_sdk': CMAKE_PREFIX_PATH=${CMAKE_PREFIX_PATH}:/home/kyle/testWS/install/turtlebot3_teleop:/home/kyle/testWS/install/turtlebot3_example:/home/kyle/testWS/install/tb_control:/opt/ros/galactic /usr/bin/cmake --install /home/kyle/testWS/build/dynamixel_sdk
[0.448s] -- Install configuration: ""
[0.448s] -- Execute custom install script
[0.448s] -- Up-to-date symlink: /home/kyle/testWS/install/dynamixel_sdk/include//dynamixel_sdk/dynamixel_sdk.h
[0.448s] -- Up-to-date symlink: /home/kyle/testWS/install/dynamixel_sdk/include//dynamixel_sdk/group_bulk_read.h
[0.449s] -- Up-to-date symlink: /home/kyle/testWS/install/dynamixel_sdk/include//dynamixel_sdk/group_bulk_write.h
[0.449s] -- Up-to-date symlink: /home/kyle/testWS/install/dynamixel_sdk/include//dynamixel_sdk/group_sync_read.h
[0.449s] -- Up-to-date symlink: /home/kyle/testWS/install/dynamixel_sdk/include//dynamixel_sdk/group_sync_write.h
[0.449s] -- Up-to-date symlink: /home/kyle/testWS/install/dynamixel_sdk/include//dynamixel_sdk/packet_handler.h
[0.449s] -- Up-to-date symlink: /home/kyle/testWS/install/dynamixel_sdk/include//dynamixel_sdk/port_handler.h
[0.449s] -- Up-to-date symlink: /home/kyle/testWS/install/dynamixel_sdk/include//dynamixel_sdk/port_handler_arduino.h
[0.449s] -- Up-to-date symlink: /home/kyle/testWS/install/dynamixel_sdk/include//dynamixel_sdk/port_handler_linux.h
[0.449s] -- Up-to-date symlink: /home/kyle/testWS/install/dynamixel_sdk/include//dynamixel_sdk/port_handler_mac.h
[0.449s] -- Up-to-date symlink: /home/kyle/testWS/install/dynamixel_sdk/include//dynamixel_sdk/port_handler_windows.h
[0.449s] -- Up-to-date symlink: /home/kyle/testWS/install/dynamixel_sdk/include//dynamixel_sdk/protocol1_packet_handler.h
[0.450s] -- Up-to-date symlink: /home/kyle/testWS/install/dynamixel_sdk/include//dynamixel_sdk/protocol2_packet_handler.h
[0.450s] -- Up-to-date symlink: /home/kyle/testWS/install/dynamixel_sdk/lib/libdynamixel_sdk.so
[0.450s] -- Up-to-date symlink: /home/kyle/testWS/install/dynamixel_sdk/share/dynamixel_sdk/environment/library_path.sh
[0.450s] -- Up-to-date symlink: /home/kyle/testWS/install/dynamixel_sdk/share/dynamixel_sdk/environment/library_path.dsv
[0.450s] -- Up-to-date symlink: /home/kyle/testWS/install/dynamixel_sdk/share/ament_index/resource_index/package_run_dependencies/dynamixel_sdk
[0.451s] -- Up-to-date symlink: /home/kyle/testWS/install/dynamixel_sdk/share/ament_index/resource_index/parent_prefix_path/dynamixel_sdk
[0.451s] -- Up-to-date symlink: /home/kyle/testWS/install/dynamixel_sdk/share/dynamixel_sdk/environment/ament_prefix_path.sh
[0.451s] -- Up-to-date symlink: /home/kyle/testWS/install/dynamixel_sdk/share/dynamixel_sdk/environment/ament_prefix_path.dsv
[0.451s] -- Up-to-date symlink: /home/kyle/testWS/install/dynamixel_sdk/share/dynamixel_sdk/environment/path.sh
[0.452s] -- Up-to-date symlink: /home/kyle/testWS/install/dynamixel_sdk/share/dynamixel_sdk/environment/path.dsv
[0.452s] -- Up-to-date symlink: /home/kyle/testWS/install/dynamixel_sdk/share/dynamixel_sdk/local_setup.bash
[0.452s] -- Up-to-date symlink: /home/kyle/testWS/install/dynamixel_sdk/share/dynamixel_sdk/local_setup.sh
[0.452s] -- Up-to-date symlink: /home/kyle/testWS/install/dynamixel_sdk/share/dynamixel_sdk/local_setup.zsh
[0.453s] -- Up-to-date symlink: /home/kyle/testWS/install/dynamixel_sdk/share/dynamixel_sdk/local_setup.dsv
[0.453s] -- Symlinking: /home/kyle/testWS/install/dynamixel_sdk/share/dynamixel_sdk/package.dsv
[0.458s] -- Up-to-date symlink: /home/kyle/testWS/install/dynamixel_sdk/share/ament_index/resource_index/packages/dynamixel_sdk
[0.458s] -- Up-to-date symlink: /home/kyle/testWS/install/dynamixel_sdk/share/dynamixel_sdk/cmake/ament_cmake_export_include_directories-extras.cmake
[0.458s] -- Up-to-date symlink: /home/kyle/testWS/install/dynamixel_sdk/share/dynamixel_sdk/cmake/ament_cmake_export_libraries-extras.cmake
[0.459s] -- Up-to-date symlink: /home/kyle/testWS/install/dynamixel_sdk/share/dynamixel_sdk/cmake/dynamixel_sdkConfig.cmake
[0.459s] -- Up-to-date symlink: /home/kyle/testWS/install/dynamixel_sdk/share/dynamixel_sdk/cmake/dynamixel_sdkConfig-version.cmake
[0.459s] -- Up-to-date symlink: /home/kyle/testWS/install/dynamixel_sdk/share/dynamixel_sdk/package.xml
[0.471s] Invoked command in '/home/kyle/testWS/build/dynamixel_sdk' returned '0': CMAKE_PREFIX_PATH=${CMAKE_PREFIX_PATH}:/home/kyle/testWS/install/turtlebot3_teleop:/home/kyle/testWS/install/turtlebot3_example:/home/kyle/testWS/install/tb_control:/opt/ros/galactic /usr/bin/cmake --install /home/kyle/testWS/build/dynamixel_sdk
