[0.033s] Invoking command in '/home/kyle/testWS/build/turtlebot3_msgs': CMAKE_PREFIX_PATH=/opt/ros/galactic /usr/bin/cmake /home/kyle/testWS/src/turtlebot3/turtlebot3_msgs -DAMENT_CMAKE_SYMLINK_INSTALL=1 -DCMAKE_INSTALL_PREFIX=/home/kyle/testWS/install/turtlebot3_msgs
[0.197s] -- The C compiler identification is GNU 9.4.0
[0.266s] -- The CXX compiler identification is GNU 9.4.0
[0.270s] -- Check for working C compiler: /usr/bin/cc
[0.320s] -- Check for working C compiler: /usr/bin/cc -- works
[0.320s] -- Detecting C compiler ABI info
[0.369s] -- Detecting C compiler ABI info - done
[0.380s] -- Detecting C compile features
[0.380s] -- Detecting C compile features - done
[0.382s] -- Check for working CXX compiler: /usr/bin/c++
[0.436s] -- Check for working CXX compiler: /usr/bin/c++ -- works
[0.437s] -- Detecting CXX compiler ABI info
[0.493s] -- Detecting CXX compiler ABI info - done
[0.504s] -- Detecting CXX compile features
[0.505s] -- Detecting CXX compile features - done
[0.507s] -- Found action_msgs: 1.0.3 (/opt/ros/galactic/share/action_msgs/cmake)
[0.523s] -- Found PythonInterp: /usr/bin/python3 (found suitable version "3.8.10", minimum required is "3") 
[0.523s] -- Using PYTHON_EXECUTABLE: /usr/bin/python3
[0.559s] -- Override CMake install command with custom implementation using symlinks instead of copying resources
[0.601s] -- Using all available rosidl_typesupport_c: rosidl_typesupport_fastrtps_c;rosidl_typesupport_introspection_c
[0.605s] -- Found rosidl_adapter: 2.2.3 (/opt/ros/galactic/share/rosidl_adapter/cmake)
[0.682s] -- Found OpenSSL: /usr/lib/x86_64-linux-gnu/libcrypto.so (found version "1.1.1f")  
[0.711s] -- Found FastRTPS: /opt/ros/galactic/include  
[0.779s] -- Using all available rosidl_typesupport_cpp: rosidl_typesupport_fastrtps_cpp;rosidl_typesupport_introspection_cpp
[0.825s] -- Found rosidl_default_generators: 1.1.1 (/opt/ros/galactic/share/rosidl_default_generators/cmake)
[0.834s] -- Found std_msgs: 2.2.4 (/opt/ros/galactic/share/std_msgs/cmake)
[0.860s] -- Found PythonInterp: /usr/bin/python3 (found version "3.8.10") 
[0.999s] -- Found ament_cmake_cppcheck: 0.10.7 (/opt/ros/galactic/share/ament_cmake_cppcheck/cmake)
[1.000s] -- Found ament_cmake_cpplint: 0.10.7 (/opt/ros/galactic/share/ament_cmake_cpplint/cmake)
[1.002s] -- Found ament_cmake_uncrustify: 0.10.7 (/opt/ros/galactic/share/ament_cmake_uncrustify/cmake)
[1.006s] -- Found ament_cmake_ros: 0.9.2 (/opt/ros/galactic/share/ament_cmake_ros/cmake)
[1.147s] -- Using all available rosidl_typesupport_c: rosidl_typesupport_fastrtps_c;rosidl_typesupport_introspection_c
[1.198s] -- Using all available rosidl_typesupport_cpp: rosidl_typesupport_fastrtps_cpp;rosidl_typesupport_introspection_cpp
[1.217s] -- Found PythonInterp: /usr/bin/python3 (found suitable version "3.8.10", minimum required is "3.5") 
[1.218s] -- Found python_cmake_module: 0.8.1 (/opt/ros/galactic/share/python_cmake_module/cmake)
[1.236s] -- Found PythonLibs: /usr/lib/x86_64-linux-gnu/libpython3.8.so (found suitable version "3.8.10", minimum required is "3.5") 
[1.237s] -- Using PYTHON_EXECUTABLE: /usr/bin/python3
[1.237s] -- Using PYTHON_INCLUDE_DIRS: /usr/include/python3.8
[1.237s] -- Using PYTHON_LIBRARIES: /usr/lib/x86_64-linux-gnu/libpython3.8.so
[1.252s] -- Found PythonExtra: .so  
[1.301s] -- Found ament_cmake_flake8: 0.10.7 (/opt/ros/galactic/share/ament_cmake_flake8/cmake)
[1.303s] -- Found ament_cmake_pep257: 0.10.7 (/opt/ros/galactic/share/ament_cmake_pep257/cmake)
[1.315s] -- Configuring done
[1.361s] -- Generating done
[1.363s] -- Build files have been written to: /home/kyle/testWS/build/turtlebot3_msgs
[1.369s] Invoked command in '/home/kyle/testWS/build/turtlebot3_msgs' returned '0': CMAKE_PREFIX_PATH=/opt/ros/galactic /usr/bin/cmake /home/kyle/testWS/src/turtlebot3/turtlebot3_msgs -DAMENT_CMAKE_SYMLINK_INSTALL=1 -DCMAKE_INSTALL_PREFIX=/home/kyle/testWS/install/turtlebot3_msgs
[1.371s] Invoking command in '/home/kyle/testWS/build/turtlebot3_msgs': CMAKE_PREFIX_PATH=/opt/ros/galactic /usr/bin/cmake --build /home/kyle/testWS/build/turtlebot3_msgs -- -j16 -l16
[1.401s] [35m[1mScanning dependencies of target turtlebot3_msgs__cpp[0m
[1.404s] [  1%] [34m[1mGenerating C code for ROS interfaces[0m
[1.408s] [  2%] [34m[1mGenerating C++ code for ROS interfaces[0m
[1.962s] [35m[1mScanning dependencies of target turtlebot3_msgs__rosidl_generator_c[0m
[1.974s] [  4%] [32mBuilding C object CMakeFiles/turtlebot3_msgs__rosidl_generator_c.dir/rosidl_generator_c/turtlebot3_msgs/msg/detail/sound__functions.c.o[0m
[1.974s] [  7%] [32mBuilding C object CMakeFiles/turtlebot3_msgs__rosidl_generator_c.dir/rosidl_generator_c/turtlebot3_msgs/srv/detail/dqn__functions.c.o[0m
[1.974s] [  7%] [32mBuilding C object CMakeFiles/turtlebot3_msgs__rosidl_generator_c.dir/rosidl_generator_c/turtlebot3_msgs/msg/detail/sensor_state__functions.c.o[0m
[1.975s] [  8%] [32mBuilding C object CMakeFiles/turtlebot3_msgs__rosidl_generator_c.dir/rosidl_generator_c/turtlebot3_msgs/msg/detail/version_info__functions.c.o[0m
[1.975s] [  9%] [32mBuilding C object CMakeFiles/turtlebot3_msgs__rosidl_generator_c.dir/rosidl_generator_c/turtlebot3_msgs/srv/detail/sound__functions.c.o[0m
[1.976s] [ 11%] [32mBuilding C object CMakeFiles/turtlebot3_msgs__rosidl_generator_c.dir/rosidl_generator_c/turtlebot3_msgs/action/detail/patrol__functions.c.o[0m
[2.058s] [ 11%] Built target turtlebot3_msgs__cpp
[2.062s] [ 12%] [32m[1mLinking C shared library libturtlebot3_msgs__rosidl_generator_c.so[0m
[2.064s] [ 14%] [34m[1mGenerating C++ type support for eProsima Fast-RTPS[0m
[2.065s] [ 15%] [34m[1mGenerating C++ introspection for ROS interfaces[0m
[2.065s] [ 16%] [34m[1mGenerating C++ type support dispatch for ROS interfaces[0m
[2.093s] [ 16%] Built target turtlebot3_msgs__rosidl_generator_c
[2.101s] [ 18%] [34m[1mGenerating C introspection for ROS interfaces[0m
[2.101s] [ 19%] [34m[1mGenerating C type support dispatch for ROS interfaces[0m
[2.422s] [35m[1mScanning dependencies of target turtlebot3_msgs__rosidl_typesupport_cpp[0m
[2.437s] [ 21%] [32mBuilding CXX object CMakeFiles/turtlebot3_msgs__rosidl_typesupport_cpp.dir/rosidl_typesupport_cpp/turtlebot3_msgs/msg/sensor_state__type_support.cpp.o[0m
[2.437s] [ 22%] [32mBuilding CXX object CMakeFiles/turtlebot3_msgs__rosidl_typesupport_cpp.dir/rosidl_typesupport_cpp/turtlebot3_msgs/msg/version_info__type_support.cpp.o[0m
[2.437s] [ 23%] [32mBuilding CXX object CMakeFiles/turtlebot3_msgs__rosidl_typesupport_cpp.dir/rosidl_typesupport_cpp/turtlebot3_msgs/msg/sound__type_support.cpp.o[0m
[2.437s] [ 25%] [32mBuilding CXX object CMakeFiles/turtlebot3_msgs__rosidl_typesupport_cpp.dir/rosidl_typesupport_cpp/turtlebot3_msgs/srv/sound__type_support.cpp.o[0m
[2.438s] [35m[1mScanning dependencies of target turtlebot3_msgs__rosidl_typesupport_c[0m
[2.438s] [ 26%] [32mBuilding CXX object CMakeFiles/turtlebot3_msgs__rosidl_typesupport_cpp.dir/rosidl_typesupport_cpp/turtlebot3_msgs/srv/dqn__type_support.cpp.o[0m
[2.439s] [ 28%] [32mBuilding CXX object CMakeFiles/turtlebot3_msgs__rosidl_typesupport_cpp.dir/rosidl_typesupport_cpp/turtlebot3_msgs/action/patrol__type_support.cpp.o[0m
[2.454s] [ 29%] [32mBuilding CXX object CMakeFiles/turtlebot3_msgs__rosidl_typesupport_c.dir/rosidl_typesupport_c/turtlebot3_msgs/msg/sound__type_support.cpp.o[0m
[2.454s] [ 30%] [32mBuilding CXX object CMakeFiles/turtlebot3_msgs__rosidl_typesupport_c.dir/rosidl_typesupport_c/turtlebot3_msgs/msg/sensor_state__type_support.cpp.o[0m
[2.461s] [ 32%] [32mBuilding CXX object CMakeFiles/turtlebot3_msgs__rosidl_typesupport_c.dir/rosidl_typesupport_c/turtlebot3_msgs/msg/version_info__type_support.cpp.o[0m
[2.469s] [ 33%] [32mBuilding CXX object CMakeFiles/turtlebot3_msgs__rosidl_typesupport_c.dir/rosidl_typesupport_c/turtlebot3_msgs/srv/sound__type_support.cpp.o[0m
[2.488s] [ 35%] [32mBuilding CXX object CMakeFiles/turtlebot3_msgs__rosidl_typesupport_c.dir/rosidl_typesupport_c/turtlebot3_msgs/srv/dqn__type_support.cpp.o[0m
[2.496s] [ 36%] [32mBuilding CXX object CMakeFiles/turtlebot3_msgs__rosidl_typesupport_c.dir/rosidl_typesupport_c/turtlebot3_msgs/action/patrol__type_support.cpp.o[0m
[2.506s] [35m[1mScanning dependencies of target turtlebot3_msgs__rosidl_typesupport_introspection_cpp[0m
[2.525s] [ 38%] [32mBuilding CXX object CMakeFiles/turtlebot3_msgs__rosidl_typesupport_introspection_cpp.dir/rosidl_typesupport_introspection_cpp/turtlebot3_msgs/msg/detail/sensor_state__type_support.cpp.o[0m
[2.526s] [ 39%] [32mBuilding CXX object CMakeFiles/turtlebot3_msgs__rosidl_typesupport_introspection_cpp.dir/rosidl_typesupport_introspection_cpp/turtlebot3_msgs/msg/detail/sound__type_support.cpp.o[0m
[2.526s] [ 40%] [32mBuilding CXX object CMakeFiles/turtlebot3_msgs__rosidl_typesupport_introspection_cpp.dir/rosidl_typesupport_introspection_cpp/turtlebot3_msgs/msg/detail/version_info__type_support.cpp.o[0m
[2.534s] [ 43%] [32mBuilding CXX object CMakeFiles/turtlebot3_msgs__rosidl_typesupport_introspection_cpp.dir/rosidl_typesupport_introspection_cpp/turtlebot3_msgs/srv/detail/sound__type_support.cpp.o[0m
[2.534s] [ 43%] [32mBuilding CXX object CMakeFiles/turtlebot3_msgs__rosidl_typesupport_introspection_cpp.dir/rosidl_typesupport_introspection_cpp/turtlebot3_msgs/srv/detail/dqn__type_support.cpp.o[0m
[2.545s] [ 45%] [32m[1mLinking CXX shared library libturtlebot3_msgs__rosidl_typesupport_c.so[0m
[2.565s] [ 46%] [32mBuilding CXX object CMakeFiles/turtlebot3_msgs__rosidl_typesupport_introspection_cpp.dir/rosidl_typesupport_introspection_cpp/turtlebot3_msgs/action/detail/patrol__type_support.cpp.o[0m
[2.660s] [ 46%] Built target turtlebot3_msgs__rosidl_typesupport_c
[2.699s] [35m[1mScanning dependencies of target turtlebot3_msgs__rosidl_typesupport_introspection_c[0m
[2.707s] [35m[1mScanning dependencies of target turtlebot3_msgs__rosidl_typesupport_fastrtps_cpp[0m
[2.717s] [ 47%] [32mBuilding C object CMakeFiles/turtlebot3_msgs__rosidl_typesupport_introspection_c.dir/rosidl_typesupport_introspection_c/turtlebot3_msgs/msg/detail/sensor_state__type_support.c.o[0m
[2.718s] [ 49%] [32mBuilding C object CMakeFiles/turtlebot3_msgs__rosidl_typesupport_introspection_c.dir/rosidl_typesupport_introspection_c/turtlebot3_msgs/srv/detail/dqn__type_support.c.o[0m
[2.718s] [ 50%] [32mBuilding C object CMakeFiles/turtlebot3_msgs__rosidl_typesupport_introspection_c.dir/rosidl_typesupport_introspection_c/turtlebot3_msgs/msg/detail/sound__type_support.c.o[0m
[2.721s] [ 52%] [32mBuilding C object CMakeFiles/turtlebot3_msgs__rosidl_typesupport_introspection_c.dir/rosidl_typesupport_introspection_c/turtlebot3_msgs/msg/detail/version_info__type_support.c.o[0m
[2.726s] [ 53%] [32mBuilding C object CMakeFiles/turtlebot3_msgs__rosidl_typesupport_introspection_c.dir/rosidl_typesupport_introspection_c/turtlebot3_msgs/srv/detail/sound__type_support.c.o[0m
[2.736s] [ 54%] [32mBuilding C object CMakeFiles/turtlebot3_msgs__rosidl_typesupport_introspection_c.dir/rosidl_typesupport_introspection_c/turtlebot3_msgs/action/detail/patrol__type_support.c.o[0m
[2.751s] [ 57%] [32mBuilding CXX object CMakeFiles/turtlebot3_msgs__rosidl_typesupport_fastrtps_cpp.dir/rosidl_typesupport_fastrtps_cpp/turtlebot3_msgs/msg/detail/dds_fastrtps/sensor_state__type_support.cpp.o[0m
[2.751s] [ 57%] [32mBuilding CXX object CMakeFiles/turtlebot3_msgs__rosidl_typesupport_fastrtps_cpp.dir/rosidl_typesupport_fastrtps_cpp/turtlebot3_msgs/msg/detail/dds_fastrtps/sound__type_support.cpp.o[0m
[2.754s] [ 59%] [32mBuilding CXX object CMakeFiles/turtlebot3_msgs__rosidl_typesupport_fastrtps_cpp.dir/rosidl_typesupport_fastrtps_cpp/turtlebot3_msgs/msg/detail/dds_fastrtps/version_info__type_support.cpp.o[0m
[2.766s] [ 60%] [32mBuilding CXX object CMakeFiles/turtlebot3_msgs__rosidl_typesupport_fastrtps_cpp.dir/rosidl_typesupport_fastrtps_cpp/turtlebot3_msgs/srv/detail/dds_fastrtps/sound__type_support.cpp.o[0m
[2.773s] [ 61%] [32mBuilding CXX object CMakeFiles/turtlebot3_msgs__rosidl_typesupport_fastrtps_cpp.dir/rosidl_typesupport_fastrtps_cpp/turtlebot3_msgs/srv/detail/dds_fastrtps/dqn__type_support.cpp.o[0m
[2.782s] [ 63%] [32mBuilding CXX object CMakeFiles/turtlebot3_msgs__rosidl_typesupport_fastrtps_cpp.dir/rosidl_typesupport_fastrtps_cpp/turtlebot3_msgs/action/detail/dds_fastrtps/patrol__type_support.cpp.o[0m
[2.787s] [ 64%] [32m[1mLinking C shared library libturtlebot3_msgs__rosidl_typesupport_introspection_c.so[0m
[2.826s] [ 64%] Built target turtlebot3_msgs__rosidl_typesupport_introspection_c
[2.895s] [ 66%] [32m[1mLinking CXX shared library libturtlebot3_msgs__rosidl_typesupport_cpp.so[0m
[2.929s] [ 66%] Built target turtlebot3_msgs__rosidl_typesupport_cpp
[2.996s] [ 67%] [32m[1mLinking CXX shared library libturtlebot3_msgs__rosidl_typesupport_introspection_cpp.so[0m
[3.051s] [ 67%] Built target turtlebot3_msgs__rosidl_typesupport_introspection_cpp
[3.275s] [ 69%] [32m[1mLinking CXX shared library libturtlebot3_msgs__rosidl_typesupport_fastrtps_cpp.so[0m
[3.337s] [ 69%] Built target turtlebot3_msgs__rosidl_typesupport_fastrtps_cpp
[3.346s] [ 70%] [34m[1mGenerating C type support for eProsima Fast-RTPS[0m
[3.805s] [35m[1mScanning dependencies of target turtlebot3_msgs__rosidl_typesupport_fastrtps_c[0m
[3.827s] [ 73%] [32mBuilding CXX object CMakeFiles/turtlebot3_msgs__rosidl_typesupport_fastrtps_c.dir/rosidl_typesupport_fastrtps_c/turtlebot3_msgs/msg/detail/version_info__type_support_c.cpp.o[0m
[3.827s] [ 73%] [32mBuilding CXX object CMakeFiles/turtlebot3_msgs__rosidl_typesupport_fastrtps_c.dir/rosidl_typesupport_fastrtps_c/turtlebot3_msgs/msg/detail/sensor_state__type_support_c.cpp.o[0m
[3.828s] [ 74%] [32mBuilding CXX object CMakeFiles/turtlebot3_msgs__rosidl_typesupport_fastrtps_c.dir/rosidl_typesupport_fastrtps_c/turtlebot3_msgs/msg/detail/sound__type_support_c.cpp.o[0m
[3.828s] [ 76%] [32mBuilding CXX object CMakeFiles/turtlebot3_msgs__rosidl_typesupport_fastrtps_c.dir/rosidl_typesupport_fastrtps_c/turtlebot3_msgs/srv/detail/dqn__type_support_c.cpp.o[0m
[3.829s] [ 77%] [32mBuilding CXX object CMakeFiles/turtlebot3_msgs__rosidl_typesupport_fastrtps_c.dir/rosidl_typesupport_fastrtps_c/turtlebot3_msgs/srv/detail/sound__type_support_c.cpp.o[0m
[3.829s] [ 78%] [32mBuilding CXX object CMakeFiles/turtlebot3_msgs__rosidl_typesupport_fastrtps_c.dir/rosidl_typesupport_fastrtps_c/turtlebot3_msgs/action/detail/patrol__type_support_c.cpp.o[0m
[4.191s] [ 80%] [32m[1mLinking CXX shared library libturtlebot3_msgs__rosidl_typesupport_fastrtps_c.so[0m
[4.257s] [ 80%] Built target turtlebot3_msgs__rosidl_typesupport_fastrtps_c
[4.266s] [35m[1mScanning dependencies of target turtlebot3_msgs[0m
[4.276s] [ 80%] Built target turtlebot3_msgs
[4.284s] [35m[1mScanning dependencies of target turtlebot3_msgs__py[0m
[4.293s] [ 81%] [34m[1mGenerating Python code for ROS interfaces[0m
[5.332s] [ 81%] Built target turtlebot3_msgs__py
[5.341s] [35m[1mScanning dependencies of target turtlebot3_msgs__python[0m
[5.368s] [ 87%] [32mBuilding C object CMakeFiles/turtlebot3_msgs__python.dir/rosidl_generator_py/turtlebot3_msgs/srv/_sound_s.c.o[0m
[5.368s] [ 87%] [32mBuilding C object CMakeFiles/turtlebot3_msgs__python.dir/rosidl_generator_py/turtlebot3_msgs/msg/_version_info_s.c.o[0m
[5.368s] [ 87%] [32mBuilding C object CMakeFiles/turtlebot3_msgs__python.dir/rosidl_generator_py/turtlebot3_msgs/msg/_sensor_state_s.c.o[0m
[5.368s] [ 87%] [32mBuilding C object CMakeFiles/turtlebot3_msgs__python.dir/rosidl_generator_py/turtlebot3_msgs/msg/_sound_s.c.o[0m
[5.369s] [ 88%] [32mBuilding C object CMakeFiles/turtlebot3_msgs__python.dir/rosidl_generator_py/turtlebot3_msgs/srv/_dqn_s.c.o[0m
[5.369s] [ 90%] [32mBuilding C object CMakeFiles/turtlebot3_msgs__python.dir/rosidl_generator_py/turtlebot3_msgs/action/_patrol_s.c.o[0m
[5.501s] [ 91%] [32m[1mLinking C shared library rosidl_generator_py/turtlebot3_msgs/libturtlebot3_msgs__python.so[0m
[5.536s] [ 91%] Built target turtlebot3_msgs__python
[5.543s] [35m[1mScanning dependencies of target turtlebot3_msgs__rosidl_typesupport_introspection_c__pyext[0m
[5.544s] [35m[1mScanning dependencies of target turtlebot3_msgs__rosidl_typesupport_fastrtps_c__pyext[0m
[5.546s] [35m[1mScanning dependencies of target turtlebot3_msgs__rosidl_typesupport_c__pyext[0m
[5.558s] [ 92%] [32mBuilding C object CMakeFiles/turtlebot3_msgs__rosidl_typesupport_introspection_c__pyext.dir/rosidl_generator_py/turtlebot3_msgs/_turtlebot3_msgs_s.ep.rosidl_typesupport_introspection_c.c.o[0m
[5.561s] [ 94%] [32mBuilding C object CMakeFiles/turtlebot3_msgs__rosidl_typesupport_fastrtps_c__pyext.dir/rosidl_generator_py/turtlebot3_msgs/_turtlebot3_msgs_s.ep.rosidl_typesupport_fastrtps_c.c.o[0m
[5.565s] [ 95%] [32mBuilding C object CMakeFiles/turtlebot3_msgs__rosidl_typesupport_c__pyext.dir/rosidl_generator_py/turtlebot3_msgs/_turtlebot3_msgs_s.ep.rosidl_typesupport_c.c.o[0m
[5.643s] [ 97%] [32m[1mLinking C shared library rosidl_generator_py/turtlebot3_msgs/turtlebot3_msgs_s__rosidl_typesupport_introspection_c.cpython-38-x86_64-linux-gnu.so[0m
[5.676s] [ 97%] Built target turtlebot3_msgs__rosidl_typesupport_introspection_c__pyext
[5.679s] [ 98%] [32m[1mLinking CXX shared library rosidl_generator_py/turtlebot3_msgs/turtlebot3_msgs_s__rosidl_typesupport_fastrtps_c.cpython-38-x86_64-linux-gnu.so[0m
[5.681s] [100%] [32m[1mLinking C shared library rosidl_generator_py/turtlebot3_msgs/turtlebot3_msgs_s__rosidl_typesupport_c.cpython-38-x86_64-linux-gnu.so[0m
[5.713s] [100%] Built target turtlebot3_msgs__rosidl_typesupport_c__pyext
[5.731s] [100%] Built target turtlebot3_msgs__rosidl_typesupport_fastrtps_c__pyext
[5.742s] Invoked command in '/home/kyle/testWS/build/turtlebot3_msgs' returned '0': CMAKE_PREFIX_PATH=/opt/ros/galactic /usr/bin/cmake --build /home/kyle/testWS/build/turtlebot3_msgs -- -j16 -l16
[5.833s] Invoking command in '/home/kyle/testWS/build/turtlebot3_msgs': CMAKE_PREFIX_PATH=/opt/ros/galactic /usr/bin/cmake --install /home/kyle/testWS/build/turtlebot3_msgs
[5.840s] -- Install configuration: ""
[5.841s] -- Execute custom install script
[5.841s] -- Symlinking: /home/kyle/testWS/install/turtlebot3_msgs/share/ament_index/resource_index/rosidl_interfaces/turtlebot3_msgs
[5.850s] -- Symlinking: /home/kyle/testWS/install/turtlebot3_msgs/include/turtlebot3_msgs/action/detail/patrol__functions.h
[5.858s] -- Symlinking: /home/kyle/testWS/install/turtlebot3_msgs/include/turtlebot3_msgs/action/detail/patrol__struct.h
[5.865s] -- Symlinking: /home/kyle/testWS/install/turtlebot3_msgs/include/turtlebot3_msgs/action/detail/patrol__type_support.h
[5.872s] -- Symlinking: /home/kyle/testWS/install/turtlebot3_msgs/include/turtlebot3_msgs/action/patrol.h
[5.879s] -- Symlinking: /home/kyle/testWS/install/turtlebot3_msgs/include/turtlebot3_msgs/msg/detail/sensor_state__functions.h
[5.885s] -- Symlinking: /home/kyle/testWS/install/turtlebot3_msgs/include/turtlebot3_msgs/msg/detail/sensor_state__struct.h
[5.891s] -- Symlinking: /home/kyle/testWS/install/turtlebot3_msgs/include/turtlebot3_msgs/msg/detail/sensor_state__type_support.h
[5.898s] -- Symlinking: /home/kyle/testWS/install/turtlebot3_msgs/include/turtlebot3_msgs/msg/detail/sound__functions.h
[5.904s] -- Symlinking: /home/kyle/testWS/install/turtlebot3_msgs/include/turtlebot3_msgs/msg/detail/sound__struct.h
[5.911s] -- Symlinking: /home/kyle/testWS/install/turtlebot3_msgs/include/turtlebot3_msgs/msg/detail/sound__type_support.h
[5.918s] -- Symlinking: /home/kyle/testWS/install/turtlebot3_msgs/include/turtlebot3_msgs/msg/detail/version_info__functions.h
[5.925s] -- Symlinking: /home/kyle/testWS/install/turtlebot3_msgs/include/turtlebot3_msgs/msg/detail/version_info__struct.h
[5.932s] -- Symlinking: /home/kyle/testWS/install/turtlebot3_msgs/include/turtlebot3_msgs/msg/detail/version_info__type_support.h
[5.938s] -- Symlinking: /home/kyle/testWS/install/turtlebot3_msgs/include/turtlebot3_msgs/msg/rosidl_generator_c__visibility_control.h
[5.946s] -- Symlinking: /home/kyle/testWS/install/turtlebot3_msgs/include/turtlebot3_msgs/msg/sensor_state.h
[5.953s] -- Symlinking: /home/kyle/testWS/install/turtlebot3_msgs/include/turtlebot3_msgs/msg/sound.h
[5.959s] -- Symlinking: /home/kyle/testWS/install/turtlebot3_msgs/include/turtlebot3_msgs/msg/version_info.h
[5.965s] -- Symlinking: /home/kyle/testWS/install/turtlebot3_msgs/include/turtlebot3_msgs/srv/detail/dqn__functions.h
[5.971s] -- Symlinking: /home/kyle/testWS/install/turtlebot3_msgs/include/turtlebot3_msgs/srv/detail/dqn__struct.h
[5.978s] -- Symlinking: /home/kyle/testWS/install/turtlebot3_msgs/include/turtlebot3_msgs/srv/detail/dqn__type_support.h
[5.984s] -- Symlinking: /home/kyle/testWS/install/turtlebot3_msgs/include/turtlebot3_msgs/srv/detail/sound__functions.h
[5.991s] -- Symlinking: /home/kyle/testWS/install/turtlebot3_msgs/include/turtlebot3_msgs/srv/detail/sound__struct.h
[5.998s] -- Symlinking: /home/kyle/testWS/install/turtlebot3_msgs/include/turtlebot3_msgs/srv/detail/sound__type_support.h
[6.005s] -- Symlinking: /home/kyle/testWS/install/turtlebot3_msgs/include/turtlebot3_msgs/srv/dqn.h
[6.011s] -- Symlinking: /home/kyle/testWS/install/turtlebot3_msgs/include/turtlebot3_msgs/srv/sound.h
[6.018s] -- Symlinking: /home/kyle/testWS/install/turtlebot3_msgs/share/turtlebot3_msgs/environment/library_path.sh
[6.024s] -- Symlinking: /home/kyle/testWS/install/turtlebot3_msgs/share/turtlebot3_msgs/environment/library_path.dsv
[6.031s] -- Symlinking: /home/kyle/testWS/install/turtlebot3_msgs/include/turtlebot3_msgs/action/detail/patrol__rosidl_typesupport_fastrtps_c.h
[6.038s] -- Symlinking: /home/kyle/testWS/install/turtlebot3_msgs/include/turtlebot3_msgs/msg/detail/sensor_state__rosidl_typesupport_fastrtps_c.h
[6.045s] -- Symlinking: /home/kyle/testWS/install/turtlebot3_msgs/include/turtlebot3_msgs/msg/detail/sound__rosidl_typesupport_fastrtps_c.h
[6.051s] -- Symlinking: /home/kyle/testWS/install/turtlebot3_msgs/include/turtlebot3_msgs/msg/detail/version_info__rosidl_typesupport_fastrtps_c.h
[6.059s] -- Symlinking: /home/kyle/testWS/install/turtlebot3_msgs/include/turtlebot3_msgs/msg/rosidl_typesupport_fastrtps_c__visibility_control.h
[6.067s] -- Symlinking: /home/kyle/testWS/install/turtlebot3_msgs/include/turtlebot3_msgs/srv/detail/dqn__rosidl_typesupport_fastrtps_c.h
[6.073s] -- Symlinking: /home/kyle/testWS/install/turtlebot3_msgs/include/turtlebot3_msgs/srv/detail/sound__rosidl_typesupport_fastrtps_c.h
[6.080s] -- Symlinking: /home/kyle/testWS/install/turtlebot3_msgs/lib/libturtlebot3_msgs__rosidl_typesupport_fastrtps_c.so
[6.086s] -- Symlinking: /home/kyle/testWS/install/turtlebot3_msgs/include/turtlebot3_msgs/action/detail/patrol__rosidl_typesupport_fastrtps_cpp.hpp
[6.093s] -- Symlinking: /home/kyle/testWS/install/turtlebot3_msgs/include/turtlebot3_msgs/msg/detail/sensor_state__rosidl_typesupport_fastrtps_cpp.hpp
[6.099s] -- Symlinking: /home/kyle/testWS/install/turtlebot3_msgs/include/turtlebot3_msgs/msg/detail/sound__rosidl_typesupport_fastrtps_cpp.hpp
[6.106s] -- Symlinking: /home/kyle/testWS/install/turtlebot3_msgs/include/turtlebot3_msgs/msg/detail/version_info__rosidl_typesupport_fastrtps_cpp.hpp
[6.113s] -- Symlinking: /home/kyle/testWS/install/turtlebot3_msgs/include/turtlebot3_msgs/msg/rosidl_typesupport_fastrtps_cpp__visibility_control.h
[6.120s] -- Symlinking: /home/kyle/testWS/install/turtlebot3_msgs/include/turtlebot3_msgs/srv/detail/dqn__rosidl_typesupport_fastrtps_cpp.hpp
[6.126s] -- Symlinking: /home/kyle/testWS/install/turtlebot3_msgs/include/turtlebot3_msgs/srv/detail/sound__rosidl_typesupport_fastrtps_cpp.hpp
[6.133s] -- Symlinking: /home/kyle/testWS/install/turtlebot3_msgs/lib/libturtlebot3_msgs__rosidl_typesupport_fastrtps_cpp.so
[6.140s] -- Symlinking: /home/kyle/testWS/install/turtlebot3_msgs/include/turtlebot3_msgs/action/detail/patrol__rosidl_typesupport_introspection_c.h
[6.146s] -- Symlinking: /home/kyle/testWS/install/turtlebot3_msgs/include/turtlebot3_msgs/msg/detail/sensor_state__rosidl_typesupport_introspection_c.h
[6.153s] -- Symlinking: /home/kyle/testWS/install/turtlebot3_msgs/include/turtlebot3_msgs/msg/detail/sound__rosidl_typesupport_introspection_c.h
[6.159s] -- Symlinking: /home/kyle/testWS/install/turtlebot3_msgs/include/turtlebot3_msgs/msg/detail/version_info__rosidl_typesupport_introspection_c.h
[6.165s] -- Symlinking: /home/kyle/testWS/install/turtlebot3_msgs/include/turtlebot3_msgs/msg/rosidl_typesupport_introspection_c__visibility_control.h
[6.172s] -- Symlinking: /home/kyle/testWS/install/turtlebot3_msgs/include/turtlebot3_msgs/srv/detail/dqn__rosidl_typesupport_introspection_c.h
[6.178s] -- Symlinking: /home/kyle/testWS/install/turtlebot3_msgs/include/turtlebot3_msgs/srv/detail/sound__rosidl_typesupport_introspection_c.h
[6.185s] -- Symlinking: /home/kyle/testWS/install/turtlebot3_msgs/include/turtlebot3_msgs/action/detail/patrol__builder.hpp
[6.191s] -- Symlinking: /home/kyle/testWS/install/turtlebot3_msgs/include/turtlebot3_msgs/action/detail/patrol__struct.hpp
[6.198s] -- Symlinking: /home/kyle/testWS/install/turtlebot3_msgs/include/turtlebot3_msgs/action/detail/patrol__traits.hpp
[6.204s] -- Symlinking: /home/kyle/testWS/install/turtlebot3_msgs/include/turtlebot3_msgs/action/patrol.hpp
[6.210s] -- Symlinking: /home/kyle/testWS/install/turtlebot3_msgs/include/turtlebot3_msgs/msg/detail/sensor_state__builder.hpp
[6.216s] -- Symlinking: /home/kyle/testWS/install/turtlebot3_msgs/include/turtlebot3_msgs/msg/detail/sensor_state__struct.hpp
[6.223s] -- Symlinking: /home/kyle/testWS/install/turtlebot3_msgs/include/turtlebot3_msgs/msg/detail/sensor_state__traits.hpp
[6.229s] -- Symlinking: /home/kyle/testWS/install/turtlebot3_msgs/include/turtlebot3_msgs/msg/detail/sound__builder.hpp
[6.235s] -- Symlinking: /home/kyle/testWS/install/turtlebot3_msgs/include/turtlebot3_msgs/msg/detail/sound__struct.hpp
[6.243s] -- Symlinking: /home/kyle/testWS/install/turtlebot3_msgs/include/turtlebot3_msgs/msg/detail/sound__traits.hpp
[6.250s] -- Symlinking: /home/kyle/testWS/install/turtlebot3_msgs/include/turtlebot3_msgs/msg/detail/version_info__builder.hpp
[6.256s] -- Symlinking: /home/kyle/testWS/install/turtlebot3_msgs/include/turtlebot3_msgs/msg/detail/version_info__struct.hpp
[6.262s] -- Symlinking: /home/kyle/testWS/install/turtlebot3_msgs/include/turtlebot3_msgs/msg/detail/version_info__traits.hpp
[6.269s] -- Symlinking: /home/kyle/testWS/install/turtlebot3_msgs/include/turtlebot3_msgs/msg/sensor_state.hpp
[6.276s] -- Symlinking: /home/kyle/testWS/install/turtlebot3_msgs/include/turtlebot3_msgs/msg/sound.hpp
[6.284s] -- Symlinking: /home/kyle/testWS/install/turtlebot3_msgs/include/turtlebot3_msgs/msg/version_info.hpp
[6.290s] -- Symlinking: /home/kyle/testWS/install/turtlebot3_msgs/include/turtlebot3_msgs/srv/detail/dqn__builder.hpp
[6.296s] -- Symlinking: /home/kyle/testWS/install/turtlebot3_msgs/include/turtlebot3_msgs/srv/detail/dqn__struct.hpp
[6.302s] -- Symlinking: /home/kyle/testWS/install/turtlebot3_msgs/include/turtlebot3_msgs/srv/detail/dqn__traits.hpp
[6.308s] -- Symlinking: /home/kyle/testWS/install/turtlebot3_msgs/include/turtlebot3_msgs/srv/detail/sound__builder.hpp
[6.316s] -- Symlinking: /home/kyle/testWS/install/turtlebot3_msgs/include/turtlebot3_msgs/srv/detail/sound__struct.hpp
[6.322s] -- Symlinking: /home/kyle/testWS/install/turtlebot3_msgs/include/turtlebot3_msgs/srv/detail/sound__traits.hpp
[6.329s] -- Symlinking: /home/kyle/testWS/install/turtlebot3_msgs/include/turtlebot3_msgs/srv/dqn.hpp
[6.337s] -- Symlinking: /home/kyle/testWS/install/turtlebot3_msgs/include/turtlebot3_msgs/srv/sound.hpp
[6.343s] -- Symlinking: /home/kyle/testWS/install/turtlebot3_msgs/include/turtlebot3_msgs/action/detail/patrol__rosidl_typesupport_introspection_cpp.hpp
[6.349s] -- Symlinking: /home/kyle/testWS/install/turtlebot3_msgs/include/turtlebot3_msgs/msg/detail/sensor_state__rosidl_typesupport_introspection_cpp.hpp
[6.356s] -- Symlinking: /home/kyle/testWS/install/turtlebot3_msgs/include/turtlebot3_msgs/msg/detail/sound__rosidl_typesupport_introspection_cpp.hpp
[6.362s] -- Symlinking: /home/kyle/testWS/install/turtlebot3_msgs/include/turtlebot3_msgs/msg/detail/version_info__rosidl_typesupport_introspection_cpp.hpp
[6.368s] -- Symlinking: /home/kyle/testWS/install/turtlebot3_msgs/include/turtlebot3_msgs/srv/detail/dqn__rosidl_typesupport_introspection_cpp.hpp
[6.374s] -- Symlinking: /home/kyle/testWS/install/turtlebot3_msgs/include/turtlebot3_msgs/srv/detail/sound__rosidl_typesupport_introspection_cpp.hpp
[6.381s] -- Symlinking: /home/kyle/testWS/install/turtlebot3_msgs/share/turtlebot3_msgs/environment/pythonpath.sh
[6.387s] -- Symlinking: /home/kyle/testWS/install/turtlebot3_msgs/share/turtlebot3_msgs/environment/pythonpath.dsv
[6.394s] -- Symlinking: /home/kyle/testWS/install/turtlebot3_msgs/lib/python3.8/site-packages/turtlebot3_msgs/__init__.py
[6.402s] -- Symlinking: /home/kyle/testWS/install/turtlebot3_msgs/lib/python3.8/site-packages/turtlebot3_msgs/msg/__init__.py
[6.409s] -- Symlinking: /home/kyle/testWS/install/turtlebot3_msgs/lib/python3.8/site-packages/turtlebot3_msgs/msg/_sensor_state.py
[6.417s] -- Symlinking: /home/kyle/testWS/install/turtlebot3_msgs/lib/python3.8/site-packages/turtlebot3_msgs/msg/_sound.py
[6.423s] -- Symlinking: /home/kyle/testWS/install/turtlebot3_msgs/lib/python3.8/site-packages/turtlebot3_msgs/msg/_version_info.py
[6.430s] -- Symlinking: /home/kyle/testWS/install/turtlebot3_msgs/lib/python3.8/site-packages/turtlebot3_msgs/srv/__init__.py
[6.437s] -- Symlinking: /home/kyle/testWS/install/turtlebot3_msgs/lib/python3.8/site-packages/turtlebot3_msgs/srv/_dqn.py
[6.443s] -- Symlinking: /home/kyle/testWS/install/turtlebot3_msgs/lib/python3.8/site-packages/turtlebot3_msgs/srv/_sound.py
[6.452s] -- Symlinking: /home/kyle/testWS/install/turtlebot3_msgs/lib/python3.8/site-packages/turtlebot3_msgs/action/__init__.py
[6.459s] -- Symlinking: /home/kyle/testWS/install/turtlebot3_msgs/lib/python3.8/site-packages/turtlebot3_msgs/action/_patrol.py
[6.466s] -- Symlinking: /home/kyle/testWS/install/turtlebot3_msgs/lib/python3.8/site-packages/turtlebot3_msgs/turtlebot3_msgs_s__rosidl_typesupport_fastrtps_c.cpython-38-x86_64-linux-gnu.so
[6.473s] -- Symlinking: /home/kyle/testWS/install/turtlebot3_msgs/lib/python3.8/site-packages/turtlebot3_msgs/turtlebot3_msgs_s__rosidl_typesupport_introspection_c.cpython-38-x86_64-linux-gnu.so
[6.479s] -- Symlinking: /home/kyle/testWS/install/turtlebot3_msgs/lib/python3.8/site-packages/turtlebot3_msgs/turtlebot3_msgs_s__rosidl_typesupport_c.cpython-38-x86_64-linux-gnu.so
[6.486s] -- Symlinking: /home/kyle/testWS/install/turtlebot3_msgs/lib/libturtlebot3_msgs__python.so
[6.493s] -- Symlinking: /home/kyle/testWS/install/turtlebot3_msgs/share/turtlebot3_msgs/msg/SensorState.idl
[6.500s] -- Symlinking: /home/kyle/testWS/install/turtlebot3_msgs/share/turtlebot3_msgs/msg/Sound.idl
[6.507s] -- Symlinking: /home/kyle/testWS/install/turtlebot3_msgs/share/turtlebot3_msgs/msg/VersionInfo.idl
[6.513s] -- Symlinking: /home/kyle/testWS/install/turtlebot3_msgs/share/turtlebot3_msgs/srv/Sound.idl
[6.521s] -- Symlinking: /home/kyle/testWS/install/turtlebot3_msgs/share/turtlebot3_msgs/srv/Dqn.idl
[6.528s] -- Symlinking: /home/kyle/testWS/install/turtlebot3_msgs/share/turtlebot3_msgs/action/Patrol.idl
[6.535s] -- Symlinking: /home/kyle/testWS/install/turtlebot3_msgs/share/turtlebot3_msgs/msg/SensorState.msg
[6.542s] -- Symlinking: /home/kyle/testWS/install/turtlebot3_msgs/share/turtlebot3_msgs/msg/Sound.msg
[6.549s] -- Symlinking: /home/kyle/testWS/install/turtlebot3_msgs/share/turtlebot3_msgs/msg/VersionInfo.msg
[6.555s] -- Symlinking: /home/kyle/testWS/install/turtlebot3_msgs/share/turtlebot3_msgs/srv/Sound.srv
[6.562s] -- Symlinking: /home/kyle/testWS/install/turtlebot3_msgs/share/turtlebot3_msgs/srv/Sound_Request.msg
[6.568s] -- Symlinking: /home/kyle/testWS/install/turtlebot3_msgs/share/turtlebot3_msgs/srv/Sound_Response.msg
[6.575s] -- Symlinking: /home/kyle/testWS/install/turtlebot3_msgs/share/turtlebot3_msgs/srv/Dqn.srv
[6.581s] -- Symlinking: /home/kyle/testWS/install/turtlebot3_msgs/share/turtlebot3_msgs/srv/Dqn_Request.msg
[6.588s] -- Symlinking: /home/kyle/testWS/install/turtlebot3_msgs/share/turtlebot3_msgs/srv/Dqn_Response.msg
[6.594s] -- Symlinking: /home/kyle/testWS/install/turtlebot3_msgs/share/turtlebot3_msgs/action/Patrol.action
[6.600s] -- Symlinking: /home/kyle/testWS/install/turtlebot3_msgs/share/ament_index/resource_index/package_run_dependencies/turtlebot3_msgs
[6.608s] -- Symlinking: /home/kyle/testWS/install/turtlebot3_msgs/share/ament_index/resource_index/parent_prefix_path/turtlebot3_msgs
[6.615s] -- Symlinking: /home/kyle/testWS/install/turtlebot3_msgs/share/turtlebot3_msgs/environment/ament_prefix_path.sh
[6.622s] -- Symlinking: /home/kyle/testWS/install/turtlebot3_msgs/share/turtlebot3_msgs/environment/ament_prefix_path.dsv
[6.629s] -- Symlinking: /home/kyle/testWS/install/turtlebot3_msgs/share/turtlebot3_msgs/environment/path.sh
[6.637s] -- Symlinking: /home/kyle/testWS/install/turtlebot3_msgs/share/turtlebot3_msgs/environment/path.dsv
[6.645s] -- Symlinking: /home/kyle/testWS/install/turtlebot3_msgs/share/turtlebot3_msgs/local_setup.bash
[6.653s] -- Symlinking: /home/kyle/testWS/install/turtlebot3_msgs/share/turtlebot3_msgs/local_setup.sh
[6.659s] -- Symlinking: /home/kyle/testWS/install/turtlebot3_msgs/share/turtlebot3_msgs/local_setup.zsh
[6.666s] -- Symlinking: /home/kyle/testWS/install/turtlebot3_msgs/share/turtlebot3_msgs/local_setup.dsv
[6.673s] -- Symlinking: /home/kyle/testWS/install/turtlebot3_msgs/share/turtlebot3_msgs/package.dsv
[6.680s] -- Symlinking: /home/kyle/testWS/install/turtlebot3_msgs/share/ament_index/resource_index/packages/turtlebot3_msgs
[6.688s] -- Symlinking: /home/kyle/testWS/install/turtlebot3_msgs/share/turtlebot3_msgs/cmake/rosidl_cmake-extras.cmake
[6.696s] -- Symlinking: /home/kyle/testWS/install/turtlebot3_msgs/share/turtlebot3_msgs/cmake/ament_cmake_export_dependencies-extras.cmake
[6.704s] -- Symlinking: /home/kyle/testWS/install/turtlebot3_msgs/share/turtlebot3_msgs/cmake/ament_cmake_export_libraries-extras.cmake
[6.710s] -- Symlinking: /home/kyle/testWS/install/turtlebot3_msgs/share/turtlebot3_msgs/cmake/ament_cmake_export_targets-extras.cmake
[6.717s] -- Symlinking: /home/kyle/testWS/install/turtlebot3_msgs/share/turtlebot3_msgs/cmake/ament_cmake_export_include_directories-extras.cmake
[6.723s] -- Symlinking: /home/kyle/testWS/install/turtlebot3_msgs/share/turtlebot3_msgs/cmake/rosidl_cmake_export_typesupport_libraries-extras.cmake
[6.730s] -- Symlinking: /home/kyle/testWS/install/turtlebot3_msgs/share/turtlebot3_msgs/cmake/rosidl_cmake_export_typesupport_targets-extras.cmake
[6.737s] -- Symlinking: /home/kyle/testWS/install/turtlebot3_msgs/share/turtlebot3_msgs/cmake/turtlebot3_msgsConfig.cmake
[6.743s] -- Symlinking: /home/kyle/testWS/install/turtlebot3_msgs/share/turtlebot3_msgs/cmake/turtlebot3_msgsConfig-version.cmake
[6.749s] -- Symlinking: /home/kyle/testWS/install/turtlebot3_msgs/share/turtlebot3_msgs/package.xml
[6.755s] -- Installing: /home/kyle/testWS/install/turtlebot3_msgs/lib/libturtlebot3_msgs__rosidl_generator_c.so
[6.756s] -- Set runtime path of "/home/kyle/testWS/install/turtlebot3_msgs/lib/libturtlebot3_msgs__rosidl_generator_c.so" to ""
[6.756s] -- Installing: /home/kyle/testWS/install/turtlebot3_msgs/lib/libturtlebot3_msgs__rosidl_typesupport_introspection_c.so
[6.757s] -- Set runtime path of "/home/kyle/testWS/install/turtlebot3_msgs/lib/libturtlebot3_msgs__rosidl_typesupport_introspection_c.so" to ""
[6.757s] -- Installing: /home/kyle/testWS/install/turtlebot3_msgs/lib/libturtlebot3_msgs__rosidl_typesupport_c.so
[6.757s] -- Set runtime path of "/home/kyle/testWS/install/turtlebot3_msgs/lib/libturtlebot3_msgs__rosidl_typesupport_c.so" to ""
[6.757s] -- Installing: /home/kyle/testWS/install/turtlebot3_msgs/lib/libturtlebot3_msgs__rosidl_typesupport_introspection_cpp.so
[6.758s] -- Set runtime path of "/home/kyle/testWS/install/turtlebot3_msgs/lib/libturtlebot3_msgs__rosidl_typesupport_introspection_cpp.so" to ""
[6.758s] -- Installing: /home/kyle/testWS/install/turtlebot3_msgs/lib/libturtlebot3_msgs__rosidl_typesupport_cpp.so
[6.759s] -- Set runtime path of "/home/kyle/testWS/install/turtlebot3_msgs/lib/libturtlebot3_msgs__rosidl_typesupport_cpp.so" to ""
[6.781s] Compiling '/home/kyle/testWS/install/turtlebot3_msgs/lib/python3.8/site-packages/turtlebot3_msgs/__init__.py'...
[6.784s] -- Installing: /home/kyle/testWS/install/turtlebot3_msgs/share/turtlebot3_msgs/cmake/turtlebot3_msgs__rosidl_generator_cExport.cmake
[6.784s] -- Installing: /home/kyle/testWS/install/turtlebot3_msgs/share/turtlebot3_msgs/cmake/turtlebot3_msgs__rosidl_generator_cExport-noconfig.cmake
[6.784s] -- Installing: /home/kyle/testWS/install/turtlebot3_msgs/share/turtlebot3_msgs/cmake/turtlebot3_msgs__rosidl_typesupport_introspection_cExport.cmake
[6.784s] -- Installing: /home/kyle/testWS/install/turtlebot3_msgs/share/turtlebot3_msgs/cmake/turtlebot3_msgs__rosidl_typesupport_introspection_cExport-noconfig.cmake
[6.784s] -- Installing: /home/kyle/testWS/install/turtlebot3_msgs/share/turtlebot3_msgs/cmake/turtlebot3_msgs__rosidl_typesupport_cExport.cmake
[6.784s] -- Installing: /home/kyle/testWS/install/turtlebot3_msgs/share/turtlebot3_msgs/cmake/turtlebot3_msgs__rosidl_typesupport_cExport-noconfig.cmake
[6.785s] -- Installing: /home/kyle/testWS/install/turtlebot3_msgs/share/turtlebot3_msgs/cmake/turtlebot3_msgs__rosidl_generator_cppExport.cmake
[6.785s] -- Installing: /home/kyle/testWS/install/turtlebot3_msgs/share/turtlebot3_msgs/cmake/turtlebot3_msgs__rosidl_typesupport_introspection_cppExport.cmake
[6.785s] -- Installing: /home/kyle/testWS/install/turtlebot3_msgs/share/turtlebot3_msgs/cmake/turtlebot3_msgs__rosidl_typesupport_introspection_cppExport-noconfig.cmake
[6.785s] -- Installing: /home/kyle/testWS/install/turtlebot3_msgs/share/turtlebot3_msgs/cmake/turtlebot3_msgs__rosidl_typesupport_cppExport.cmake
[6.785s] -- Installing: /home/kyle/testWS/install/turtlebot3_msgs/share/turtlebot3_msgs/cmake/turtlebot3_msgs__rosidl_typesupport_cppExport-noconfig.cmake
[6.788s] Invoked command in '/home/kyle/testWS/build/turtlebot3_msgs' returned '0': CMAKE_PREFIX_PATH=/opt/ros/galactic /usr/bin/cmake --install /home/kyle/testWS/build/turtlebot3_msgs
