[0.473s] Invoking command in '/home/kyle/testWS/build/turtlebot3_teleop': PYTHONPATH=/home/kyle/testWS/build/turtlebot3_teleop/prefix_override:/usr/lib/python3/dist-packages/colcon_core/task/python/colcon_distutils_commands:/home/kyle/testWS/install/turtlebot3_teleop/lib/python3.8/site-packages:${PYTHONPATH} /usr/bin/python3 -W ignore:setup.py install is deprecated setup.py develop --editable --build-directory /home/kyle/testWS/build/turtlebot3_teleop/build --no-deps symlink_data
[0.630s] running develop
[0.776s] running egg_info
[0.776s] creating turtlebot3_teleop.egg-info
[0.776s] writing turtlebot3_teleop.egg-info/PKG-INFO
[0.777s] writing dependency_links to turtlebot3_teleop.egg-info/dependency_links.txt
[0.777s] writing entry points to turtlebot3_teleop.egg-info/entry_points.txt
[0.777s] writing requirements to turtlebot3_teleop.egg-info/requires.txt
[0.777s] writing top-level names to turtlebot3_teleop.egg-info/top_level.txt
[0.778s] writing manifest file 'turtlebot3_teleop.egg-info/SOURCES.txt'
[0.810s] reading manifest file 'turtlebot3_teleop.egg-info/SOURCES.txt'
[0.810s] writing manifest file 'turtlebot3_teleop.egg-info/SOURCES.txt'
[0.848s] running build_ext
[0.848s] Creating /home/kyle/testWS/install/turtlebot3_teleop/lib/python3.8/site-packages/site.py
[0.849s] Creating /home/kyle/testWS/install/turtlebot3_teleop/lib/python3.8/site-packages/turtlebot3-teleop.egg-link (link to .)
[0.850s] Installing teleop_keyboard script to /home/kyle/testWS/install/turtlebot3_teleop/lib/turtlebot3_teleop
[0.850s] 
[0.850s] Installed /home/kyle/testWS/build/turtlebot3_teleop
[0.850s] running symlink_data
[0.850s] creating /home/kyle/testWS/install/turtlebot3_teleop/share/ament_index
[0.850s] creating /home/kyle/testWS/install/turtlebot3_teleop/share/ament_index/resource_index
[0.850s] creating /home/kyle/testWS/install/turtlebot3_teleop/share/ament_index/resource_index/packages
[0.851s] symbolically linking /home/kyle/testWS/build/turtlebot3_teleop/resource/turtlebot3_teleop -> /home/kyle/testWS/install/turtlebot3_teleop/share/ament_index/resource_index/packages
[0.851s] symbolically linking /home/kyle/testWS/build/turtlebot3_teleop/package.xml -> /home/kyle/testWS/install/turtlebot3_teleop/share/turtlebot3_teleop
[0.878s] Invoked command in '/home/kyle/testWS/build/turtlebot3_teleop' returned '0': PYTHONPATH=/home/kyle/testWS/build/turtlebot3_teleop/prefix_override:/usr/lib/python3/dist-packages/colcon_core/task/python/colcon_distutils_commands:/home/kyle/testWS/install/turtlebot3_teleop/lib/python3.8/site-packages:${PYTHONPATH} /usr/bin/python3 -W ignore:setup.py install is deprecated setup.py develop --editable --build-directory /home/kyle/testWS/build/turtlebot3_teleop/build --no-deps symlink_data
